[2025-06-29 11:14:01] [INFO] [eeg2go] Creating a feature set containing all available features...
[2025-06-29 11:14:01] [INFO] [eeg2go] Found 23 available feature functions.
[2025-06-29 11:14:01] [INFO] [eeg2go] Using pipeline ID: 1
[2025-06-29 11:14:01] [INFO] [eeg2go] Processing feature: mean_amplitude
[2025-06-29 11:14:01] [INFO] [eeg2go] Summary: 5 new fxdefs added.
[2025-06-29 11:14:01] [INFO] [eeg2go]   ✓ Added 5 mean_amplitude feature definitions.
[2025-06-29 11:14:01] [INFO] [eeg2go] Processing feature: rms
[2025-06-29 11:14:01] [INFO] [eeg2go] Summary: 5 new fxdefs added.
[2025-06-29 11:14:01] [INFO] [eeg2go]   ✓ Added 5 rms feature definitions.
[2025-06-29 11:14:01] [INFO] [eeg2go] Processing feature: zero_crossings
[2025-06-29 11:14:01] [INFO] [eeg2go] Summary: 5 new fxdefs added.
[2025-06-29 11:14:01] [INFO] [eeg2go]   ✓ Added 5 zero_crossings feature definitions.
[2025-06-29 11:14:01] [INFO] [eeg2go] Processing feature: bandpower
[2025-06-29 11:14:01] [INFO] [eeg2go] Summary: 5 new fxdefs added.
[2025-06-29 11:14:01] [INFO] [eeg2go]   ✓ Added 5 bandpower feature definitions.
[2025-06-29 11:14:01] [INFO] [eeg2go] Processing feature: relative_power
[2025-06-29 11:14:01] [INFO] [eeg2go] Summary: 5 new fxdefs added.
[2025-06-29 11:14:01] [INFO] [eeg2go]   ✓ Added 5 relative_power feature definitions.
[2025-06-29 11:14:01] [INFO] [eeg2go] Processing feature: spectral_entropy
[2025-06-29 11:14:01] [INFO] [eeg2go] Summary: 5 new fxdefs added.
[2025-06-29 11:14:01] [INFO] [eeg2go]   ✓ Added 5 spectral_entropy feature definitions.
[2025-06-29 11:14:01] [INFO] [eeg2go] Processing feature: alpha_peak_frequency
[2025-06-29 11:14:01] [INFO] [eeg2go] Summary: 5 new fxdefs added.
[2025-06-29 11:14:01] [INFO] [eeg2go]   ✓ Added 5 alpha_peak_frequency feature definitions.
[2025-06-29 11:14:01] [INFO] [eeg2go] Processing feature: theta_alpha_ratio
[2025-06-29 11:14:01] [INFO] [eeg2go] Summary: 5 new fxdefs added.
[2025-06-29 11:14:01] [INFO] [eeg2go]   ✓ Added 5 theta_alpha_ratio feature definitions.
[2025-06-29 11:14:01] [INFO] [eeg2go] Processing feature: spectral_edge_frequency
[2025-06-29 11:14:01] [INFO] [eeg2go] Summary: 5 new fxdefs added.
[2025-06-29 11:14:01] [INFO] [eeg2go]   ✓ Added 5 spectral_edge_frequency feature definitions.
[2025-06-29 11:14:01] [INFO] [eeg2go] Processing feature: alpha_asymmetry
[2025-06-29 11:14:01] [INFO] [eeg2go] Summary: 1 new fxdefs added.
[2025-06-29 11:14:01] [INFO] [eeg2go]   ✓ Added 1 alpha_asymmetry feature definitions.
[2025-06-29 11:14:01] [INFO] [eeg2go] Processing feature: permutation_entropy
[2025-06-29 11:14:01] [INFO] [eeg2go] Summary: 5 new fxdefs added.
[2025-06-29 11:14:01] [INFO] [eeg2go]   ✓ Added 5 permutation_entropy feature definitions.
[2025-06-29 11:14:01] [INFO] [eeg2go] Processing feature: approximate_entropy
[2025-06-29 11:14:01] [INFO] [eeg2go] Summary: 5 new fxdefs added.
[2025-06-29 11:14:01] [INFO] [eeg2go]   ✓ Added 5 approximate_entropy feature definitions.
[2025-06-29 11:14:01] [INFO] [eeg2go] Processing feature: signal_skewness
[2025-06-29 11:14:01] [INFO] [eeg2go] Summary: 5 new fxdefs added.
[2025-06-29 11:14:01] [INFO] [eeg2go]   ✓ Added 5 signal_skewness feature definitions.
[2025-06-29 11:14:01] [INFO] [eeg2go] Processing feature: signal_kurtosis
[2025-06-29 11:14:01] [INFO] [eeg2go] Summary: 5 new fxdefs added.
[2025-06-29 11:14:01] [INFO] [eeg2go]   ✓ Added 5 signal_kurtosis feature definitions.
[2025-06-29 11:14:01] [INFO] [eeg2go] Processing feature: wavelet_entropy
[2025-06-29 11:14:01] [INFO] [eeg2go] Summary: 5 new fxdefs added.
[2025-06-29 11:14:01] [INFO] [eeg2go]   ✓ Added 5 wavelet_entropy feature definitions.
[2025-06-29 11:14:01] [INFO] [eeg2go] Processing feature: stft_power
[2025-06-29 11:14:01] [INFO] [eeg2go] Summary: 5 new fxdefs added.
[2025-06-29 11:14:01] [INFO] [eeg2go]   ✓ Added 5 stft_power feature definitions.
[2025-06-29 11:14:01] [INFO] [eeg2go] Processing feature: coherence_band
[2025-06-29 11:14:01] [INFO] [eeg2go] Summary: 3 new fxdefs added.
[2025-06-29 11:14:01] [INFO] [eeg2go]   ✓ Added 3 coherence_band feature definitions.
[2025-06-29 11:14:01] [INFO] [eeg2go] Processing feature: plv
[2025-06-29 11:14:01] [INFO] [eeg2go] Summary: 3 new fxdefs added.
[2025-06-29 11:14:01] [INFO] [eeg2go]   ✓ Added 3 plv feature definitions.
[2025-06-29 11:14:01] [INFO] [eeg2go] Processing feature: mean
[2025-06-29 11:14:01] [INFO] [eeg2go] Summary: 5 new fxdefs added.
[2025-06-29 11:14:01] [INFO] [eeg2go]   ✓ Added 5 mean feature definitions.
[2025-06-29 11:14:01] [INFO] [eeg2go] Processing feature: std
[2025-06-29 11:14:01] [INFO] [eeg2go] Summary: 5 new fxdefs added.
[2025-06-29 11:14:01] [INFO] [eeg2go]   ✓ Added 5 std feature definitions.
[2025-06-29 11:14:01] [INFO] [eeg2go] Processing feature: skew
[2025-06-29 11:14:01] [INFO] [eeg2go] Summary: 5 new fxdefs added.
[2025-06-29 11:14:01] [INFO] [eeg2go]   ✓ Added 5 skew feature definitions.
[2025-06-29 11:14:01] [INFO] [eeg2go] Processing feature: kurt
[2025-06-29 11:14:01] [INFO] [eeg2go] Summary: 5 new fxdefs added.
[2025-06-29 11:14:01] [INFO] [eeg2go]   ✓ Added 5 kurt feature definitions.
[2025-06-29 11:14:01] [INFO] [eeg2go] Processing feature: zscore_stddev
[2025-06-29 11:14:01] [INFO] [eeg2go] Summary: 1 new fxdefs added.
[2025-06-29 11:14:01] [INFO] [eeg2go]   ✓ Added 1 zscore_stddev feature definitions.
[2025-06-29 11:14:01] [INFO] [eeg2go] Feature set 'all_available_features' (id=2) registered with 103 features.
[2025-06-29 11:14:01] [INFO] [eeg2go] ✓ Successfully created feature set 'all_available_features' (ID: None), containing 103 feature definitions.
[2025-06-29 11:14:01] [INFO] [eeg2go] Creating feature set: set_entropy_multi_ch
[2025-06-29 11:14:01] [INFO] [eeg2go] Summary: 1 new fxdefs added.
[2025-06-29 11:14:01] [INFO] [eeg2go] Summary: 1 new fxdefs added.
[2025-06-29 11:14:01] [INFO] [eeg2go] Summary: 1 new fxdefs added.
[2025-06-29 11:14:01] [INFO] [eeg2go] Feature set 'Entropy across multiple channels' (id=3) registered with 3 features.
[2025-06-29 11:14:01] [INFO] [eeg2go] Adding comparison pipelines...
[2025-06-29 11:14:01] [INFO] [eeg2go] Pipeline 'entropy_base' inserted (id=6).
[2025-06-29 11:14:01] [INFO] [eeg2go] Pipeline 'entropy_notch' inserted (id=7).
[2025-06-29 11:14:01] [INFO] [eeg2go] Creating feature set: set_entropy_multi_pipe
[2025-06-29 11:14:01] [INFO] [eeg2go] Summary: 1 new fxdefs added.
[2025-06-29 11:14:01] [INFO] [eeg2go] Summary: 1 new fxdefs added.
[2025-06-29 11:14:01] [INFO] [eeg2go] Feature set 'Entropy from different pipelines' (id=4) registered with 2 features.
