[2025-06-30 06:14:30] [INFO] [eeg2go] 实验管理数据库表已存在，视图检查完成
[2025-06-30 06:14:30] [INFO] [eeg2go] ============================================================
[2025-06-30 06:14:30] [INFO] [eeg2go] EEG2Go 年龄相关性分析实验示例 (Recording-Level)
[2025-06-30 06:14:30] [INFO] [eeg2go] ============================================================
[2025-06-30 06:14:30] [INFO] [eeg2go] 
实验信息:
[2025-06-30 06:14:30] [INFO] [eeg2go]   名称: Correlation Analysis
[2025-06-30 06:14:30] [INFO] [eeg2go]   模块: feature_mill.experiments.correlation
[2025-06-30 06:14:30] [INFO] [eeg2go]   有run函数: False
[2025-06-30 06:14:30] [INFO] [eeg2go] 
实验参数:
[2025-06-30 06:14:30] [INFO] [eeg2go]   数据集ID: 1
[2025-06-30 06:14:30] [INFO] [eeg2go]   特征集ID: 2
[2025-06-30 06:14:30] [INFO] [eeg2go]   输出目录: data/experiments/age_correlation_analysis
[2025-06-30 06:14:30] [INFO] [eeg2go]   目标变量: ['age']
[2025-06-30 06:14:30] [INFO] [eeg2go]   分析方法: pearson
[2025-06-30 06:14:30] [INFO] [eeg2go]   最小相关系数: 0.1
[2025-06-30 06:14:30] [INFO] [eeg2go]   显示前N个特征: 20
[2025-06-30 06:14:30] [INFO] [eeg2go] 
预期结果 (Recording-Level):
[2025-06-30 06:14:30] [INFO] [eeg2go]   1. Alpha峰值频率_mean - 应与年龄呈负相关
[2025-06-30 06:14:30] [INFO] [eeg2go]   2. Alpha功率_mean - 应与年龄呈负相关
[2025-06-30 06:14:30] [INFO] [eeg2go]   3. Theta/Alpha比值_mean - 应与年龄呈正相关
[2025-06-30 06:14:30] [INFO] [eeg2go]   4. Beta功率_mean - 应与年龄呈负相关
[2025-06-30 06:14:30] [INFO] [eeg2go]   5. 频谱边缘频率_mean - 应与年龄呈负相关
[2025-06-30 06:14:30] [INFO] [eeg2go]   6. Alpha不对称性_mean - 可能与年龄相关
[2025-06-30 06:14:30] [INFO] [eeg2go]   7. 各种统计量 (std, min, max, median, count) 也可能与年龄相关
[2025-06-30 06:14:30] [INFO] [eeg2go] 
Recording级别统计说明:
[2025-06-30 06:14:30] [INFO] [eeg2go]   - _mean: 所有epoch的平均值
[2025-06-30 06:14:30] [INFO] [eeg2go]   - _std: 所有epoch的标准差
[2025-06-30 06:14:30] [INFO] [eeg2go]   - _min: 所有epoch的最小值
[2025-06-30 06:14:30] [INFO] [eeg2go]   - _max: 所有epoch的最大值
[2025-06-30 06:14:30] [INFO] [eeg2go]   - _median: 所有epoch的中位数
[2025-06-30 06:14:30] [INFO] [eeg2go]   - _count: 有效epoch的数量
[2025-06-30 06:14:30] [INFO] [eeg2go] 
开始运行实验...
[2025-06-30 06:14:30] [INFO] [eeg2go] Starting experiment: correlation
[2025-06-30 06:14:30] [INFO] [eeg2go] Dataset ID: 1, Feature Set ID: 2
[2025-06-30 06:14:30] [INFO] [eeg2go] Output directory: data/experiments/age_correlation_analysis
[2025-06-30 06:14:30] [INFO] [eeg2go] Extracting feature matrix...
[2025-06-30 06:14:30] [INFO] [eeg2go] Extracting feature matrix directly from database: dataset_id=1, feature_set_id=2
[2025-06-30 06:14:30] [INFO] [eeg2go] Found 203 recordings
[2025-06-30 06:14:30] [INFO] [eeg2go] Feature set 2 contains 103 feature definitions
[2025-06-30 06:14:30] [INFO] [eeg2go] Feature definition IDs: [51, 52, 53, 54, 55, 56, 57, 58, 59, 60, 61, 62, 63, 64, 65, 66, 67, 68, 69, 70, 71, 72, 73, 74, 75, 76, 77, 78, 79, 80, 81, 82, 83, 84, 85, 86, 87, 88, 89, 90, 91, 92, 93, 94, 95, 96, 97, 98, 99, 100, 101, 102, 103, 104, 105, 106, 107, 108, 109, 110, 111, 112, 113, 114, 115, 116, 117, 118, 119, 120, 121, 122, 123, 124, 125, 126, 127, 128, 129, 130, 131, 132, 133, 134, 135, 136, 137, 138, 139, 140, 141, 142, 143, 144, 145, 146, 147, 148, 149, 150, 151, 152, 153]
[2025-06-30 06:14:30] [INFO] [eeg2go] Processing recording 1/203: recording_id=1
[2025-06-30 06:14:33] [INFO] [eeg2go] [CACHE HIT] All features for feature_set_id=2, recording_id=1 are already cached
[2025-06-30 06:14:33] [INFO] [eeg2go] Recording 1: got 103 feature values
[2025-06-30 06:14:33] [INFO] [eeg2go] Processing recording 2/203: recording_id=2
[2025-06-30 06:14:36] [INFO] [eeg2go] [CACHE HIT] All features for feature_set_id=2, recording_id=2 are already cached
[2025-06-30 06:14:37] [INFO] [eeg2go] Recording 2: got 103 feature values
[2025-06-30 06:14:38] [INFO] [eeg2go] Processing recording 3/203: recording_id=3
[2025-06-30 06:14:39] [INFO] [eeg2go] [CACHE HIT] All features for feature_set_id=2, recording_id=3 are already cached
[2025-06-30 06:14:40] [INFO] [eeg2go] Recording 3: got 103 feature values
[2025-06-30 06:14:40] [INFO] [eeg2go] Processing recording 4/203: recording_id=4
[2025-06-30 06:14:42] [INFO] [eeg2go] [CACHE HIT] All features for feature_set_id=2, recording_id=4 are already cached
[2025-06-30 06:14:42] [INFO] [eeg2go] Recording 4: got 103 feature values
[2025-06-30 06:14:43] [INFO] [eeg2go] Processing recording 5/203: recording_id=5
[2025-06-30 06:14:45] [INFO] [eeg2go] [CACHE HIT] All features for feature_set_id=2, recording_id=5 are already cached
[2025-06-30 06:14:45] [INFO] [eeg2go] Recording 5: got 103 feature values
[2025-06-30 06:14:46] [INFO] [eeg2go] Processing recording 6/203: recording_id=6
[2025-06-30 06:14:46] [INFO] [eeg2go] [CACHE HIT] All features for feature_set_id=2, recording_id=6 are already cached
[2025-06-30 06:14:46] [INFO] [eeg2go] Recording 6: got 103 feature values
[2025-06-30 06:14:46] [INFO] [eeg2go] Processing recording 7/203: recording_id=7
[2025-06-30 06:14:46] [INFO] [eeg2go] [CACHE HIT] All features for feature_set_id=2, recording_id=7 are already cached
[2025-06-30 06:14:46] [INFO] [eeg2go] Recording 7: got 103 feature values
[2025-06-30 06:14:46] [INFO] [eeg2go] Processing recording 8/203: recording_id=8
[2025-06-30 06:14:48] [INFO] [eeg2go] [CACHE HIT] All features for feature_set_id=2, recording_id=8 are already cached
[2025-06-30 06:14:48] [INFO] [eeg2go] Recording 8: got 103 feature values
[2025-06-30 06:14:48] [INFO] [eeg2go] Processing recording 9/203: recording_id=9
[2025-06-30 06:14:50] [INFO] [eeg2go] [CACHE HIT] All features for feature_set_id=2, recording_id=9 are already cached
[2025-06-30 06:14:50] [INFO] [eeg2go] Recording 9: got 103 feature values
[2025-06-30 06:14:51] [INFO] [eeg2go] Processing recording 10/203: recording_id=10
[2025-06-30 06:14:51] [INFO] [eeg2go] [CACHE HIT] All features for feature_set_id=2, recording_id=10 are already cached
[2025-06-30 06:14:51] [INFO] [eeg2go] Recording 10: got 103 feature values
[2025-06-30 06:14:51] [INFO] [eeg2go] Processing recording 11/203: recording_id=11
[2025-06-30 06:14:52] [INFO] [eeg2go] [CACHE HIT] All features for feature_set_id=2, recording_id=11 are already cached
[2025-06-30 06:14:52] [INFO] [eeg2go] Recording 11: got 103 feature values
[2025-06-30 06:14:52] [INFO] [eeg2go] Processing recording 12/203: recording_id=12
[2025-06-30 06:14:52] [INFO] [eeg2go] [CACHE HIT] All features for feature_set_id=2, recording_id=12 are already cached
[2025-06-30 06:14:52] [INFO] [eeg2go] Recording 12: got 103 feature values
[2025-06-30 06:14:52] [INFO] [eeg2go] Processing recording 13/203: recording_id=13
[2025-06-30 06:14:53] [INFO] [eeg2go] [CACHE HIT] All features for feature_set_id=2, recording_id=13 are already cached
[2025-06-30 06:14:53] [INFO] [eeg2go] Recording 13: got 103 feature values
[2025-06-30 06:14:53] [INFO] [eeg2go] Processing recording 14/203: recording_id=14
[2025-06-30 06:14:53] [INFO] [eeg2go] [CACHE HIT] All features for feature_set_id=2, recording_id=14 are already cached
[2025-06-30 06:14:53] [INFO] [eeg2go] Recording 14: got 103 feature values
[2025-06-30 06:14:53] [INFO] [eeg2go] Processing recording 15/203: recording_id=15
[2025-06-30 06:14:53] [INFO] [eeg2go] [CACHE HIT] All features for feature_set_id=2, recording_id=15 are already cached
[2025-06-30 06:14:53] [INFO] [eeg2go] Recording 15: got 103 feature values
[2025-06-30 06:14:53] [INFO] [eeg2go] Processing recording 16/203: recording_id=16
[2025-06-30 06:14:53] [INFO] [eeg2go] [CACHE HIT] All features for feature_set_id=2, recording_id=16 are already cached
[2025-06-30 06:14:53] [INFO] [eeg2go] Recording 16: got 103 feature values
[2025-06-30 06:14:53] [INFO] [eeg2go] Processing recording 17/203: recording_id=17
[2025-06-30 06:14:54] [INFO] [eeg2go] [CACHE HIT] All features for feature_set_id=2, recording_id=17 are already cached
[2025-06-30 06:14:54] [INFO] [eeg2go] Recording 17: got 103 feature values
[2025-06-30 06:14:54] [INFO] [eeg2go] Processing recording 18/203: recording_id=18
[2025-06-30 06:14:54] [INFO] [eeg2go] [CACHE HIT] All features for feature_set_id=2, recording_id=18 are already cached
[2025-06-30 06:14:54] [INFO] [eeg2go] Recording 18: got 103 feature values
[2025-06-30 06:14:54] [INFO] [eeg2go] Processing recording 19/203: recording_id=19
[2025-06-30 06:14:54] [INFO] [eeg2go] [CACHE HIT] All features for feature_set_id=2, recording_id=19 are already cached
[2025-06-30 06:14:54] [INFO] [eeg2go] Recording 19: got 103 feature values
[2025-06-30 06:14:54] [INFO] [eeg2go] Processing recording 20/203: recording_id=20
[2025-06-30 06:14:54] [INFO] [eeg2go] [CACHE HIT] All features for feature_set_id=2, recording_id=20 are already cached
[2025-06-30 06:14:54] [INFO] [eeg2go] Recording 20: got 103 feature values
[2025-06-30 06:14:55] [INFO] [eeg2go] Processing recording 21/203: recording_id=21
[2025-06-30 06:14:56] [INFO] [eeg2go] [CACHE HIT] All features for feature_set_id=2, recording_id=21 are already cached
[2025-06-30 06:14:56] [INFO] [eeg2go] Recording 21: got 103 feature values
[2025-06-30 06:14:56] [INFO] [eeg2go] Processing recording 22/203: recording_id=22
[2025-06-30 06:14:56] [INFO] [eeg2go] [CACHE HIT] All features for feature_set_id=2, recording_id=22 are already cached
[2025-06-30 06:14:56] [INFO] [eeg2go] Recording 22: got 103 feature values
[2025-06-30 06:14:56] [INFO] [eeg2go] Processing recording 23/203: recording_id=23
[2025-06-30 06:14:57] [INFO] [eeg2go] [CACHE HIT] All features for feature_set_id=2, recording_id=23 are already cached
[2025-06-30 06:14:57] [INFO] [eeg2go] Recording 23: got 103 feature values
[2025-06-30 06:14:57] [INFO] [eeg2go] Processing recording 24/203: recording_id=24
[2025-06-30 06:14:57] [INFO] [eeg2go] [CACHE HIT] All features for feature_set_id=2, recording_id=24 are already cached
[2025-06-30 06:14:57] [INFO] [eeg2go] Recording 24: got 103 feature values
[2025-06-30 06:14:57] [INFO] [eeg2go] Processing recording 25/203: recording_id=25
[2025-06-30 06:14:57] [INFO] [eeg2go] [CACHE HIT] All features for feature_set_id=2, recording_id=25 are already cached
[2025-06-30 06:14:57] [INFO] [eeg2go] Recording 25: got 103 feature values
[2025-06-30 06:14:57] [INFO] [eeg2go] Processing recording 26/203: recording_id=26
[2025-06-30 06:14:57] [INFO] [eeg2go] [CACHE HIT] All features for feature_set_id=2, recording_id=26 are already cached
[2025-06-30 06:14:57] [INFO] [eeg2go] Recording 26: got 103 feature values
[2025-06-30 06:14:57] [INFO] [eeg2go] Processing recording 27/203: recording_id=27
[2025-06-30 06:14:58] [INFO] [eeg2go] [CACHE HIT] All features for feature_set_id=2, recording_id=27 are already cached
[2025-06-30 06:14:58] [INFO] [eeg2go] Recording 27: got 103 feature values
[2025-06-30 06:14:58] [INFO] [eeg2go] Processing recording 28/203: recording_id=28
[2025-06-30 06:14:58] [INFO] [eeg2go] [CACHE HIT] All features for feature_set_id=2, recording_id=28 are already cached
[2025-06-30 06:14:58] [INFO] [eeg2go] Recording 28: got 103 feature values
[2025-06-30 06:14:58] [INFO] [eeg2go] Processing recording 29/203: recording_id=29
[2025-06-30 06:14:58] [INFO] [eeg2go] [load_recording] Recording 29: 80967.0s, 22 channels, 200.0 Hz
[2025-06-30 06:14:58] [INFO] [eeg2go] [load_recording] Estimated memory usage: 1359.0 MB
[2025-06-30 06:14:58] [INFO] [eeg2go] [load_recording] Large file detected, using memory mapping
[2025-06-30 06:28:56] [INFO] [eeg2go] Saved 103 feature values for recording 29 (successful: 103, failed: 0)
[2025-06-30 06:28:56] [INFO] [eeg2go] Recording 29: got 103 feature values
[2025-06-30 06:28:57] [INFO] [eeg2go] Processing recording 30/203: recording_id=30
[2025-06-30 06:28:57] [INFO] [eeg2go] [load_recording] Recording 30: 29133.0s, 22 channels, 200.0 Hz
[2025-06-30 06:28:57] [INFO] [eeg2go] [load_recording] Estimated memory usage: 489.0 MB
[2025-06-30 06:34:49] [INFO] [eeg2go] Saved 103 feature values for recording 30 (successful: 103, failed: 0)
[2025-06-30 06:34:50] [INFO] [eeg2go] Recording 30: got 103 feature values
[2025-06-30 06:34:50] [INFO] [eeg2go] Processing recording 31/203: recording_id=31
[2025-06-30 06:34:50] [INFO] [eeg2go] [load_recording] Recording 31: 2699.0s, 22 channels, 200.0 Hz
[2025-06-30 06:34:50] [INFO] [eeg2go] [load_recording] Estimated memory usage: 45.3 MB
[2025-06-30 06:35:26] [INFO] [eeg2go] Saved 103 feature values for recording 31 (successful: 103, failed: 0)
[2025-06-30 06:35:27] [INFO] [eeg2go] Recording 31: got 103 feature values
[2025-06-30 06:35:27] [INFO] [eeg2go] Processing recording 32/203: recording_id=32
[2025-06-30 06:35:27] [INFO] [eeg2go] [load_recording] Recording 32: 55432.0s, 22 channels, 200.0 Hz
[2025-06-30 06:35:27] [INFO] [eeg2go] [load_recording] Estimated memory usage: 930.4 MB
[2025-06-30 06:43:16] [INFO] [eeg2go] Saved 103 feature values for recording 32 (successful: 103, failed: 0)
[2025-06-30 06:43:17] [INFO] [eeg2go] Recording 32: got 103 feature values
[2025-06-30 06:43:17] [INFO] [eeg2go] Processing recording 33/203: recording_id=33
[2025-06-30 06:43:17] [INFO] [eeg2go] [load_recording] Recording 33: 79977.0s, 22 channels, 200.0 Hz
[2025-06-30 06:43:17] [INFO] [eeg2go] [load_recording] Estimated memory usage: 1342.4 MB
[2025-06-30 06:43:17] [INFO] [eeg2go] [load_recording] Large file detected, using memory mapping
