[2025-06-30 07:02:13] [INFO] [eeg2go] 实验管理数据库表已存在，视图检查完成
[2025-06-30 07:02:13] [INFO] [eeg2go] Starting experiment: classification
[2025-06-30 07:02:13] [INFO] [eeg2go] Dataset ID: 1, Feature Set ID: 1
[2025-06-30 07:02:13] [INFO] [eeg2go] Output directory: data/experiments/classification_validation
[2025-06-30 07:02:13] [INFO] [eeg2go] Extracting feature matrix...
[2025-06-30 07:02:13] [INFO] [eeg2go] Extracting feature matrix directly from database: dataset_id=1, feature_set_id=1
[2025-06-30 07:02:13] [INFO] [eeg2go] Found 203 recordings
[2025-06-30 07:02:13] [INFO] [eeg2go] Feature set 1 contains 39 feature definitions
[2025-06-30 07:02:13] [INFO] [eeg2go] Feature definition IDs: [12, 13, 14, 15, 16, 17, 18, 19, 20, 21, 22, 23, 24, 25, 26, 27, 28, 29, 30, 31, 32, 33, 34, 35, 36, 37, 38, 39, 40, 41, 42, 43, 44, 45, 46, 47, 48, 49, 50]
[2025-06-30 07:02:13] [INFO] [eeg2go] Processing recording 1/203: recording_id=1
[2025-06-30 07:02:14] [INFO] [eeg2go] [CACHE HIT] All features for feature_set_id=1, recording_id=1 are already cached
[2025-06-30 07:02:14] [INFO] [eeg2go] Recording 1: got 39 feature values
[2025-06-30 07:02:14] [INFO] [eeg2go] Processing recording 2/203: recording_id=2
[2025-06-30 07:02:16] [INFO] [eeg2go] [CACHE HIT] All features for feature_set_id=1, recording_id=2 are already cached
[2025-06-30 07:02:16] [INFO] [eeg2go] Recording 2: got 39 feature values
[2025-06-30 07:02:16] [INFO] [eeg2go] Processing recording 3/203: recording_id=3
[2025-06-30 07:02:17] [INFO] [eeg2go] [CACHE HIT] All features for feature_set_id=1, recording_id=3 are already cached
[2025-06-30 07:02:17] [INFO] [eeg2go] Recording 3: got 39 feature values
[2025-06-30 07:02:17] [INFO] [eeg2go] Processing recording 4/203: recording_id=4
[2025-06-30 07:02:18] [INFO] [eeg2go] [CACHE HIT] All features for feature_set_id=1, recording_id=4 are already cached
[2025-06-30 07:02:18] [INFO] [eeg2go] Recording 4: got 39 feature values
[2025-06-30 07:02:18] [INFO] [eeg2go] Processing recording 5/203: recording_id=5
[2025-06-30 07:02:19] [INFO] [eeg2go] [CACHE HIT] All features for feature_set_id=1, recording_id=5 are already cached
[2025-06-30 07:02:19] [INFO] [eeg2go] Recording 5: got 39 feature values
[2025-06-30 07:02:19] [INFO] [eeg2go] Processing recording 6/203: recording_id=6
[2025-06-30 07:02:19] [INFO] [eeg2go] [CACHE HIT] All features for feature_set_id=1, recording_id=6 are already cached
[2025-06-30 07:02:19] [INFO] [eeg2go] Recording 6: got 39 feature values
[2025-06-30 07:02:19] [INFO] [eeg2go] Processing recording 7/203: recording_id=7
[2025-06-30 07:02:19] [INFO] [eeg2go] [CACHE HIT] All features for feature_set_id=1, recording_id=7 are already cached
[2025-06-30 07:02:19] [INFO] [eeg2go] Recording 7: got 39 feature values
[2025-06-30 07:02:19] [INFO] [eeg2go] Processing recording 8/203: recording_id=8
[2025-06-30 07:02:20] [INFO] [eeg2go] [CACHE HIT] All features for feature_set_id=1, recording_id=8 are already cached
[2025-06-30 07:02:20] [INFO] [eeg2go] Recording 8: got 39 feature values
[2025-06-30 07:02:20] [INFO] [eeg2go] Processing recording 9/203: recording_id=9
[2025-06-30 07:02:21] [INFO] [eeg2go] [CACHE HIT] All features for feature_set_id=1, recording_id=9 are already cached
[2025-06-30 07:02:21] [INFO] [eeg2go] Recording 9: got 39 feature values
