[2025-06-29 23:56:26] [INFO] [eeg2go] 实验管理数据库表已存在，视图检查完成
[2025-06-29 23:56:26] [INFO] [eeg2go] ============================================================
[2025-06-29 23:56:26] [INFO] [eeg2go] EEG2Go 年龄相关性分析实验示例 (Recording-Level)
[2025-06-29 23:56:26] [INFO] [eeg2go] ============================================================
[2025-06-29 23:56:26] [INFO] [eeg2go] 
实验信息:
[2025-06-29 23:56:26] [INFO] [eeg2go]   名称: Correlation Analysis
[2025-06-29 23:56:26] [INFO] [eeg2go]   模块: feature_mill.experiments.correlation
[2025-06-29 23:56:26] [INFO] [eeg2go]   有run函数: False
[2025-06-29 23:56:26] [INFO] [eeg2go] 
实验参数:
[2025-06-29 23:56:26] [INFO] [eeg2go]   数据集ID: 1
[2025-06-29 23:56:26] [INFO] [eeg2go]   特征集ID: 2
[2025-06-29 23:56:26] [INFO] [eeg2go]   输出目录: data/experiments/age_correlation_analysis
[2025-06-29 23:56:26] [INFO] [eeg2go]   目标变量: ['age']
[2025-06-29 23:56:26] [INFO] [eeg2go]   分析方法: pearson
[2025-06-29 23:56:26] [INFO] [eeg2go]   最小相关系数: 0.1
[2025-06-29 23:56:26] [INFO] [eeg2go]   显示前N个特征: 20
[2025-06-29 23:56:26] [INFO] [eeg2go] 
预期结果 (Recording-Level):
[2025-06-29 23:56:26] [INFO] [eeg2go]   1. Alpha峰值频率_mean - 应与年龄呈负相关
[2025-06-29 23:56:26] [INFO] [eeg2go]   2. Alpha功率_mean - 应与年龄呈负相关
[2025-06-29 23:56:26] [INFO] [eeg2go]   3. Theta/Alpha比值_mean - 应与年龄呈正相关
[2025-06-29 23:56:26] [INFO] [eeg2go]   4. Beta功率_mean - 应与年龄呈负相关
[2025-06-29 23:56:26] [INFO] [eeg2go]   5. 频谱边缘频率_mean - 应与年龄呈负相关
[2025-06-29 23:56:26] [INFO] [eeg2go]   6. Alpha不对称性_mean - 可能与年龄相关
[2025-06-29 23:56:26] [INFO] [eeg2go]   7. 各种统计量 (std, min, max, median, count) 也可能与年龄相关
[2025-06-29 23:56:26] [INFO] [eeg2go] 
Recording级别统计说明:
[2025-06-29 23:56:26] [INFO] [eeg2go]   - _mean: 所有epoch的平均值
[2025-06-29 23:56:26] [INFO] [eeg2go]   - _std: 所有epoch的标准差
[2025-06-29 23:56:26] [INFO] [eeg2go]   - _min: 所有epoch的最小值
[2025-06-29 23:56:26] [INFO] [eeg2go]   - _max: 所有epoch的最大值
[2025-06-29 23:56:26] [INFO] [eeg2go]   - _median: 所有epoch的中位数
[2025-06-29 23:56:26] [INFO] [eeg2go]   - _count: 有效epoch的数量
[2025-06-29 23:56:26] [INFO] [eeg2go] 
开始运行实验...
[2025-06-29 23:56:26] [INFO] [eeg2go] Starting experiment: correlation
[2025-06-29 23:56:26] [INFO] [eeg2go] Dataset ID: 1, Feature Set ID: 2
[2025-06-29 23:56:26] [INFO] [eeg2go] Output directory: data/experiments/age_correlation_analysis
[2025-06-29 23:56:26] [INFO] [eeg2go] Extracting feature matrix...
[2025-06-29 23:56:26] [INFO] [eeg2go] Extracting feature matrix directly from database: dataset_id=1, feature_set_id=2
[2025-06-29 23:56:26] [INFO] [eeg2go] Found 203 recordings
[2025-06-29 23:56:26] [INFO] [eeg2go] Feature set 2 contains 103 feature definitions
[2025-06-29 23:56:26] [INFO] [eeg2go] Feature definition IDs: [51, 52, 53, 54, 55, 56, 57, 58, 59, 60, 61, 62, 63, 64, 65, 66, 67, 68, 69, 70, 71, 72, 73, 74, 75, 76, 77, 78, 79, 80, 81, 82, 83, 84, 85, 86, 87, 88, 89, 90, 91, 92, 93, 94, 95, 96, 97, 98, 99, 100, 101, 102, 103, 104, 105, 106, 107, 108, 109, 110, 111, 112, 113, 114, 115, 116, 117, 118, 119, 120, 121, 122, 123, 124, 125, 126, 127, 128, 129, 130, 131, 132, 133, 134, 135, 136, 137, 138, 139, 140, 141, 142, 143, 144, 145, 146, 147, 148, 149, 150, 151, 152, 153]
[2025-06-29 23:56:26] [INFO] [eeg2go] Processing recording 1/203: recording_id=1
[2025-06-29 23:56:29] [INFO] [eeg2go] [CACHE HIT] All features for feature_set_id=2, recording_id=1 are already cached
[2025-06-29 23:56:29] [INFO] [eeg2go] Recording 1: got 103 feature values
[2025-06-29 23:56:30] [INFO] [eeg2go] Processing recording 2/203: recording_id=2
[2025-06-29 23:56:30] [INFO] [eeg2go] [load_recording] Recording 2: 126589.0s, 30 channels, 200.0 Hz
[2025-06-29 23:56:30] [INFO] [eeg2go] [load_recording] Estimated memory usage: 2897.4 MB
[2025-06-29 23:56:30] [INFO] [eeg2go] [load_recording] Large file detected, using memory mapping
[2025-06-30 00:19:51] [INFO] [eeg2go] Saved 103 feature values for recording 2 (successful: 103, failed: 0)
[2025-06-30 00:19:52] [INFO] [eeg2go] Recording 2: got 103 feature values
[2025-06-30 00:19:53] [INFO] [eeg2go] Processing recording 3/203: recording_id=3
[2025-06-30 00:19:53] [INFO] [eeg2go] [load_recording] Recording 3: 66541.0s, 30 channels, 200.0 Hz
[2025-06-30 00:19:53] [INFO] [eeg2go] [load_recording] Estimated memory usage: 1523.0 MB
[2025-06-30 00:19:53] [INFO] [eeg2go] [load_recording] Large file detected, using memory mapping
[2025-06-30 00:31:01] [INFO] [eeg2go] Saved 103 feature values for recording 3 (successful: 103, failed: 0)
[2025-06-30 00:31:03] [INFO] [eeg2go] Recording 3: got 103 feature values
[2025-06-30 00:31:03] [INFO] [eeg2go] Processing recording 4/203: recording_id=4
[2025-06-30 00:31:03] [INFO] [eeg2go] [load_recording] Recording 4: 88733.0s, 30 channels, 200.0 Hz
[2025-06-30 00:31:03] [INFO] [eeg2go] [load_recording] Estimated memory usage: 2030.9 MB
[2025-06-30 00:31:03] [INFO] [eeg2go] [load_recording] Large file detected, using memory mapping
[2025-06-30 00:45:28] [INFO] [eeg2go] Saved 103 feature values for recording 4 (successful: 103, failed: 0)
[2025-06-30 00:45:29] [INFO] [eeg2go] Recording 4: got 103 feature values
[2025-06-30 00:45:29] [INFO] [eeg2go] Processing recording 5/203: recording_id=5
[2025-06-30 00:45:29] [INFO] [eeg2go] [load_recording] Recording 5: 70119.0s, 30 channels, 200.0 Hz
[2025-06-30 00:45:29] [INFO] [eeg2go] [load_recording] Estimated memory usage: 1604.9 MB
[2025-06-30 00:45:29] [INFO] [eeg2go] [load_recording] Large file detected, using memory mapping
[2025-06-30 00:55:39] [INFO] [eeg2go] Saved 103 feature values for recording 5 (successful: 103, failed: 0)
[2025-06-30 00:55:40] [INFO] [eeg2go] Recording 5: got 103 feature values
[2025-06-30 00:55:41] [INFO] [eeg2go] Processing recording 6/203: recording_id=6
[2025-06-30 00:55:41] [INFO] [eeg2go] [load_recording] Recording 6: 6742.0s, 30 channels, 200.0 Hz
[2025-06-30 00:55:41] [INFO] [eeg2go] [load_recording] Estimated memory usage: 154.3 MB
[2025-06-30 00:56:53] [INFO] [eeg2go] Saved 103 feature values for recording 6 (successful: 103, failed: 0)
[2025-06-30 00:56:53] [INFO] [eeg2go] Recording 6: got 103 feature values
[2025-06-30 00:56:53] [INFO] [eeg2go] Processing recording 7/203: recording_id=7
[2025-06-30 00:56:54] [INFO] [eeg2go] [load_recording] Recording 7: 3146.0s, 30 channels, 200.0 Hz
[2025-06-30 00:56:54] [INFO] [eeg2go] [load_recording] Estimated memory usage: 72.0 MB
[2025-06-30 00:57:31] [INFO] [eeg2go] Saved 103 feature values for recording 7 (successful: 103, failed: 0)
[2025-06-30 00:57:31] [INFO] [eeg2go] Recording 7: got 103 feature values
[2025-06-30 00:57:31] [INFO] [eeg2go] Processing recording 8/203: recording_id=8
[2025-06-30 00:57:31] [INFO] [eeg2go] [load_recording] Recording 8: 53383.0s, 30 channels, 200.0 Hz
[2025-06-30 00:57:31] [INFO] [eeg2go] [load_recording] Estimated memory usage: 1221.8 MB
[2025-06-30 00:57:31] [INFO] [eeg2go] [load_recording] Large file detected, using memory mapping
[2025-06-30 01:05:04] [INFO] [eeg2go] Saved 103 feature values for recording 8 (successful: 103, failed: 0)
[2025-06-30 01:05:04] [INFO] [eeg2go] Recording 8: got 103 feature values
[2025-06-30 01:05:05] [INFO] [eeg2go] Processing recording 9/203: recording_id=9
[2025-06-30 01:05:05] [INFO] [eeg2go] [load_recording] Recording 9: 84052.0s, 30 channels, 200.0 Hz
[2025-06-30 01:05:05] [INFO] [eeg2go] [load_recording] Estimated memory usage: 1923.8 MB
[2025-06-30 01:05:05] [INFO] [eeg2go] [load_recording] Large file detected, using memory mapping
[2025-06-30 01:18:20] [INFO] [eeg2go] Saved 103 feature values for recording 9 (successful: 103, failed: 0)
[2025-06-30 01:18:21] [INFO] [eeg2go] Recording 9: got 103 feature values
[2025-06-30 01:18:22] [INFO] [eeg2go] Processing recording 10/203: recording_id=10
[2025-06-30 01:18:22] [INFO] [eeg2go] [load_recording] Recording 10: 5558.0s, 30 channels, 200.0 Hz
[2025-06-30 01:18:22] [INFO] [eeg2go] [load_recording] Estimated memory usage: 127.2 MB
[2025-06-30 01:19:19] [INFO] [eeg2go] Saved 103 feature values for recording 10 (successful: 103, failed: 0)
[2025-06-30 01:19:19] [INFO] [eeg2go] Recording 10: got 103 feature values
[2025-06-30 01:19:19] [INFO] [eeg2go] Processing recording 11/203: recording_id=11
[2025-06-30 01:19:19] [INFO] [eeg2go] [load_recording] Recording 11: 4130.0s, 50 channels, 512.0 Hz
[2025-06-30 01:19:19] [INFO] [eeg2go] [load_recording] Estimated memory usage: 403.3 MB
[2025-06-30 01:21:27] [INFO] [eeg2go] Saved 103 feature values for recording 11 (successful: 103, failed: 0)
[2025-06-30 01:21:27] [INFO] [eeg2go] Recording 11: got 103 feature values
[2025-06-30 01:21:27] [INFO] [eeg2go] Processing recording 12/203: recording_id=12
[2025-06-30 01:21:27] [INFO] [eeg2go] [load_recording] Recording 12: 15209.0s, 50 channels, 512.0 Hz
[2025-06-30 01:21:27] [INFO] [eeg2go] [load_recording] Estimated memory usage: 1485.3 MB
[2025-06-30 01:21:27] [INFO] [eeg2go] [load_recording] Large file detected, using memory mapping
[2025-06-30 01:28:52] [INFO] [eeg2go] Saved 103 feature values for recording 12 (successful: 103, failed: 0)
[2025-06-30 01:28:53] [INFO] [eeg2go] Recording 12: got 103 feature values
[2025-06-30 01:28:53] [INFO] [eeg2go] Processing recording 13/203: recording_id=13
[2025-06-30 01:28:53] [INFO] [eeg2go] [load_recording] Recording 13: 6476.0s, 50 channels, 256.0 Hz
[2025-06-30 01:28:53] [INFO] [eeg2go] [load_recording] Estimated memory usage: 316.2 MB
[2025-06-30 01:30:23] [INFO] [eeg2go] Saved 103 feature values for recording 13 (successful: 103, failed: 0)
[2025-06-30 01:30:23] [INFO] [eeg2go] Recording 13: got 103 feature values
[2025-06-30 01:30:23] [INFO] [eeg2go] Processing recording 14/203: recording_id=14
[2025-06-30 01:30:23] [INFO] [eeg2go] [load_recording] Recording 14: 3853.0s, 30 channels, 200.0 Hz
[2025-06-30 01:30:23] [INFO] [eeg2go] [load_recording] Estimated memory usage: 88.2 MB
[2025-06-30 01:31:05] [INFO] [eeg2go] Saved 103 feature values for recording 14 (successful: 103, failed: 0)
[2025-06-30 01:31:05] [INFO] [eeg2go] Recording 14: got 103 feature values
[2025-06-30 01:31:05] [INFO] [eeg2go] Processing recording 15/203: recording_id=15
[2025-06-30 01:31:05] [INFO] [eeg2go] [load_recording] Recording 15: 3862.0s, 30 channels, 200.0 Hz
[2025-06-30 01:31:05] [INFO] [eeg2go] [load_recording] Estimated memory usage: 88.4 MB
[2025-06-30 01:31:48] [INFO] [eeg2go] Saved 103 feature values for recording 15 (successful: 103, failed: 0)
[2025-06-30 01:31:48] [INFO] [eeg2go] Recording 15: got 103 feature values
[2025-06-30 01:31:48] [INFO] [eeg2go] Processing recording 16/203: recording_id=16
[2025-06-30 01:31:48] [INFO] [eeg2go] [load_recording] Recording 16: 2376.0s, 30 channels, 200.0 Hz
[2025-06-30 01:31:48] [INFO] [eeg2go] [load_recording] Estimated memory usage: 54.4 MB
[2025-06-30 01:32:20] [INFO] [eeg2go] Saved 103 feature values for recording 16 (successful: 103, failed: 0)
[2025-06-30 01:32:20] [INFO] [eeg2go] Recording 16: got 103 feature values
[2025-06-30 01:32:20] [INFO] [eeg2go] Processing recording 17/203: recording_id=17
[2025-06-30 01:32:20] [INFO] [eeg2go] [load_recording] Recording 17: 12908.0s, 30 channels, 200.0 Hz
[2025-06-30 01:32:20] [INFO] [eeg2go] [load_recording] Estimated memory usage: 295.4 MB
[2025-06-30 01:34:20] [INFO] [eeg2go] Saved 103 feature values for recording 17 (successful: 103, failed: 0)
[2025-06-30 01:34:21] [INFO] [eeg2go] Recording 17: got 103 feature values
[2025-06-30 01:34:21] [INFO] [eeg2go] Processing recording 18/203: recording_id=18
[2025-06-30 01:34:21] [INFO] [eeg2go] [load_recording] Recording 18: 1491.0s, 30 channels, 200.0 Hz
[2025-06-30 01:34:21] [INFO] [eeg2go] [load_recording] Estimated memory usage: 34.1 MB
[2025-06-30 01:34:47] [INFO] [eeg2go] Saved 103 feature values for recording 18 (successful: 103, failed: 0)
[2025-06-30 01:34:47] [INFO] [eeg2go] Recording 18: got 103 feature values
[2025-06-30 01:34:47] [INFO] [eeg2go] Processing recording 19/203: recording_id=19
[2025-06-30 01:34:47] [INFO] [eeg2go] [load_recording] Recording 19: 2673.0s, 30 channels, 200.0 Hz
[2025-06-30 01:34:47] [INFO] [eeg2go] [load_recording] Estimated memory usage: 61.2 MB
[2025-06-30 01:35:22] [INFO] [eeg2go] Saved 103 feature values for recording 19 (successful: 103, failed: 0)
[2025-06-30 01:35:22] [INFO] [eeg2go] Recording 19: got 103 feature values
[2025-06-30 01:35:22] [INFO] [eeg2go] Processing recording 20/203: recording_id=20
[2025-06-30 01:35:22] [INFO] [eeg2go] [load_recording] Recording 20: 1711.0s, 30 channels, 200.0 Hz
[2025-06-30 01:35:22] [INFO] [eeg2go] [load_recording] Estimated memory usage: 39.2 MB
[2025-06-30 01:35:50] [INFO] [eeg2go] Saved 103 feature values for recording 20 (successful: 103, failed: 0)
[2025-06-30 01:35:50] [INFO] [eeg2go] Recording 20: got 103 feature values
[2025-06-30 01:35:50] [INFO] [eeg2go] Processing recording 21/203: recording_id=21
[2025-06-30 01:35:50] [INFO] [eeg2go] [load_recording] Recording 21: 46236.0s, 30 channels, 200.0 Hz
[2025-06-30 01:35:50] [INFO] [eeg2go] [load_recording] Estimated memory usage: 1058.3 MB
[2025-06-30 01:35:50] [INFO] [eeg2go] [load_recording] Large file detected, using memory mapping
[2025-06-30 01:42:27] [INFO] [eeg2go] Saved 103 feature values for recording 21 (successful: 103, failed: 0)
[2025-06-30 01:42:27] [INFO] [eeg2go] Recording 21: got 103 feature values
[2025-06-30 01:42:28] [INFO] [eeg2go] Processing recording 22/203: recording_id=22
[2025-06-30 01:42:28] [INFO] [eeg2go] [load_recording] Recording 22: 2446.0s, 30 channels, 200.0 Hz
[2025-06-30 01:42:28] [INFO] [eeg2go] [load_recording] Estimated memory usage: 56.0 MB
[2025-06-30 01:43:02] [INFO] [eeg2go] Saved 103 feature values for recording 22 (successful: 103, failed: 0)
[2025-06-30 01:43:02] [INFO] [eeg2go] Recording 22: got 103 feature values
[2025-06-30 01:43:02] [INFO] [eeg2go] Processing recording 23/203: recording_id=23
[2025-06-30 01:43:02] [INFO] [eeg2go] [load_recording] Recording 23: 3990.0s, 30 channels, 200.0 Hz
[2025-06-30 01:43:02] [INFO] [eeg2go] [load_recording] Estimated memory usage: 91.3 MB
[2025-06-30 01:43:45] [INFO] [eeg2go] Saved 103 feature values for recording 23 (successful: 103, failed: 0)
[2025-06-30 01:43:45] [INFO] [eeg2go] Recording 23: got 103 feature values
[2025-06-30 01:43:45] [INFO] [eeg2go] Processing recording 24/203: recording_id=24
[2025-06-30 01:43:45] [INFO] [eeg2go] [load_recording] Recording 24: 3799.0s, 30 channels, 200.0 Hz
[2025-06-30 01:43:45] [INFO] [eeg2go] [load_recording] Estimated memory usage: 87.0 MB
[2025-06-30 01:44:28] [INFO] [eeg2go] Saved 103 feature values for recording 24 (successful: 103, failed: 0)
[2025-06-30 01:44:29] [INFO] [eeg2go] Recording 24: got 103 feature values
[2025-06-30 01:44:29] [INFO] [eeg2go] Processing recording 25/203: recording_id=25
[2025-06-30 01:44:29] [INFO] [eeg2go] [load_recording] Recording 25: 3285.0s, 30 channels, 200.0 Hz
[2025-06-30 01:44:29] [INFO] [eeg2go] [load_recording] Estimated memory usage: 75.2 MB
[2025-06-30 01:45:10] [INFO] [eeg2go] Saved 103 feature values for recording 25 (successful: 103, failed: 0)
[2025-06-30 01:45:10] [INFO] [eeg2go] Recording 25: got 103 feature values
[2025-06-30 01:45:10] [INFO] [eeg2go] Processing recording 26/203: recording_id=26
[2025-06-30 01:45:10] [INFO] [eeg2go] [load_recording] Recording 26: 4520.0s, 30 channels, 200.0 Hz
[2025-06-30 01:45:10] [INFO] [eeg2go] [load_recording] Estimated memory usage: 103.5 MB
[2025-06-30 01:46:01] [INFO] [eeg2go] Saved 103 feature values for recording 26 (successful: 103, failed: 0)
[2025-06-30 01:46:01] [INFO] [eeg2go] Recording 26: got 103 feature values
[2025-06-30 01:46:01] [INFO] [eeg2go] Processing recording 27/203: recording_id=27
[2025-06-30 01:46:01] [INFO] [eeg2go] [load_recording] Recording 27: 4069.0s, 30 channels, 200.0 Hz
[2025-06-30 01:46:01] [INFO] [eeg2go] [load_recording] Estimated memory usage: 93.1 MB
[2025-06-30 01:46:44] [INFO] [eeg2go] Saved 103 feature values for recording 27 (successful: 103, failed: 0)
[2025-06-30 01:46:45] [INFO] [eeg2go] Recording 27: got 103 feature values
[2025-06-30 01:46:45] [INFO] [eeg2go] Processing recording 28/203: recording_id=28
[2025-06-30 01:46:45] [INFO] [eeg2go] [load_recording] Recording 28: 5989.0s, 30 channels, 200.0 Hz
[2025-06-30 01:46:45] [INFO] [eeg2go] [load_recording] Estimated memory usage: 137.1 MB
[2025-06-30 01:47:43] [INFO] [eeg2go] Saved 103 feature values for recording 28 (successful: 103, failed: 0)
[2025-06-30 01:47:43] [INFO] [eeg2go] Recording 28: got 103 feature values
[2025-06-30 01:47:43] [INFO] [eeg2go] Processing recording 29/203: recording_id=29
[2025-06-30 01:47:43] [INFO] [eeg2go] [load_recording] Recording 29: 80967.0s, 22 channels, 200.0 Hz
[2025-06-30 01:47:43] [INFO] [eeg2go] [load_recording] Estimated memory usage: 1359.0 MB
[2025-06-30 01:47:43] [INFO] [eeg2go] [load_recording] Large file detected, using memory mapping
