[2025-06-30 06:46:04] [INFO] [eeg2go] 实验管理数据库表已存在，视图检查完成
[2025-06-30 06:46:04] [INFO] [eeg2go] ============================================================
[2025-06-30 06:46:04] [INFO] [eeg2go] EEG2Go 年龄相关性分析实验示例 (Recording-Level)
[2025-06-30 06:46:04] [INFO] [eeg2go] ============================================================
[2025-06-30 06:46:04] [INFO] [eeg2go] 
实验信息:
[2025-06-30 06:46:04] [INFO] [eeg2go]   名称: Correlation Analysis
[2025-06-30 06:46:04] [INFO] [eeg2go]   模块: feature_mill.experiments.correlation
[2025-06-30 06:46:04] [INFO] [eeg2go]   有run函数: False
[2025-06-30 06:46:04] [INFO] [eeg2go] 
实验参数:
[2025-06-30 06:46:04] [INFO] [eeg2go]   数据集ID: 1
[2025-06-30 06:46:04] [INFO] [eeg2go]   特征集ID: 1
[2025-06-30 06:46:04] [INFO] [eeg2go]   输出目录: data/experiments/age_correlation_analysis
[2025-06-30 06:46:04] [INFO] [eeg2go]   目标变量: ['age']
[2025-06-30 06:46:04] [INFO] [eeg2go]   分析方法: pearson
[2025-06-30 06:46:04] [INFO] [eeg2go]   最小相关系数: 0.1
[2025-06-30 06:46:04] [INFO] [eeg2go]   显示前N个特征: 20
[2025-06-30 06:46:04] [INFO] [eeg2go] 
预期结果 (Recording-Level):
[2025-06-30 06:46:04] [INFO] [eeg2go]   1. Alpha峰值频率_mean - 应与年龄呈负相关
[2025-06-30 06:46:04] [INFO] [eeg2go]   2. Alpha功率_mean - 应与年龄呈负相关
[2025-06-30 06:46:04] [INFO] [eeg2go]   3. Theta/Alpha比值_mean - 应与年龄呈正相关
[2025-06-30 06:46:04] [INFO] [eeg2go]   4. Beta功率_mean - 应与年龄呈负相关
[2025-06-30 06:46:04] [INFO] [eeg2go]   5. 频谱边缘频率_mean - 应与年龄呈负相关
[2025-06-30 06:46:04] [INFO] [eeg2go]   6. Alpha不对称性_mean - 可能与年龄相关
[2025-06-30 06:46:04] [INFO] [eeg2go]   7. 各种统计量 (std, min, max, median, count) 也可能与年龄相关
[2025-06-30 06:46:04] [INFO] [eeg2go] 
Recording级别统计说明:
[2025-06-30 06:46:04] [INFO] [eeg2go]   - _mean: 所有epoch的平均值
[2025-06-30 06:46:04] [INFO] [eeg2go]   - _std: 所有epoch的标准差
[2025-06-30 06:46:04] [INFO] [eeg2go]   - _min: 所有epoch的最小值
[2025-06-30 06:46:04] [INFO] [eeg2go]   - _max: 所有epoch的最大值
[2025-06-30 06:46:04] [INFO] [eeg2go]   - _median: 所有epoch的中位数
[2025-06-30 06:46:04] [INFO] [eeg2go]   - _count: 有效epoch的数量
[2025-06-30 06:46:04] [INFO] [eeg2go] 
开始运行实验...
[2025-06-30 06:46:04] [INFO] [eeg2go] Starting experiment: correlation
[2025-06-30 06:46:04] [INFO] [eeg2go] Dataset ID: 1, Feature Set ID: 1
[2025-06-30 06:46:04] [INFO] [eeg2go] Output directory: data/experiments/age_correlation_analysis
[2025-06-30 06:46:04] [INFO] [eeg2go] Extracting feature matrix...
[2025-06-30 06:46:04] [INFO] [eeg2go] Extracting feature matrix directly from database: dataset_id=1, feature_set_id=1
[2025-06-30 06:46:04] [INFO] [eeg2go] Found 203 recordings
[2025-06-30 06:46:04] [INFO] [eeg2go] Feature set 1 contains 39 feature definitions
[2025-06-30 06:46:04] [INFO] [eeg2go] Feature definition IDs: [12, 13, 14, 15, 16, 17, 18, 19, 20, 21, 22, 23, 24, 25, 26, 27, 28, 29, 30, 31, 32, 33, 34, 35, 36, 37, 38, 39, 40, 41, 42, 43, 44, 45, 46, 47, 48, 49, 50]
[2025-06-30 06:46:04] [INFO] [eeg2go] Processing recording 1/203: recording_id=1
[2025-06-30 06:46:06] [INFO] [eeg2go] [CACHE HIT] All features for feature_set_id=1, recording_id=1 are already cached
[2025-06-30 06:46:06] [INFO] [eeg2go] Recording 1: got 39 feature values
[2025-06-30 06:46:06] [INFO] [eeg2go] Processing recording 2/203: recording_id=2
[2025-06-30 06:46:07] [INFO] [eeg2go] [CACHE HIT] All features for feature_set_id=1, recording_id=2 are already cached
[2025-06-30 06:46:08] [INFO] [eeg2go] Recording 2: got 39 feature values
[2025-06-30 06:46:08] [INFO] [eeg2go] Processing recording 3/203: recording_id=3
[2025-06-30 06:46:09] [INFO] [eeg2go] [CACHE HIT] All features for feature_set_id=1, recording_id=3 are already cached
[2025-06-30 06:46:09] [INFO] [eeg2go] Recording 3: got 39 feature values
[2025-06-30 06:46:09] [INFO] [eeg2go] Processing recording 4/203: recording_id=4
[2025-06-30 06:46:10] [INFO] [eeg2go] [CACHE HIT] All features for feature_set_id=1, recording_id=4 are already cached
[2025-06-30 06:46:10] [INFO] [eeg2go] Recording 4: got 39 feature values
[2025-06-30 06:46:10] [INFO] [eeg2go] Processing recording 5/203: recording_id=5
[2025-06-30 06:46:11] [INFO] [eeg2go] [CACHE HIT] All features for feature_set_id=1, recording_id=5 are already cached
[2025-06-30 06:46:11] [INFO] [eeg2go] Recording 5: got 39 feature values
[2025-06-30 06:46:12] [INFO] [eeg2go] Processing recording 6/203: recording_id=6
[2025-06-30 06:46:12] [INFO] [eeg2go] [CACHE HIT] All features for feature_set_id=1, recording_id=6 are already cached
[2025-06-30 06:46:12] [INFO] [eeg2go] Recording 6: got 39 feature values
[2025-06-30 06:46:12] [INFO] [eeg2go] Processing recording 7/203: recording_id=7
[2025-06-30 06:46:12] [INFO] [eeg2go] [CACHE HIT] All features for feature_set_id=1, recording_id=7 are already cached
[2025-06-30 06:46:12] [INFO] [eeg2go] Recording 7: got 39 feature values
[2025-06-30 06:46:12] [INFO] [eeg2go] Processing recording 8/203: recording_id=8
[2025-06-30 06:46:13] [INFO] [eeg2go] [CACHE HIT] All features for feature_set_id=1, recording_id=8 are already cached
[2025-06-30 06:46:13] [INFO] [eeg2go] Recording 8: got 39 feature values
[2025-06-30 06:46:13] [INFO] [eeg2go] Processing recording 9/203: recording_id=9
[2025-06-30 06:46:14] [INFO] [eeg2go] [CACHE HIT] All features for feature_set_id=1, recording_id=9 are already cached
[2025-06-30 06:46:14] [INFO] [eeg2go] Recording 9: got 39 feature values
[2025-06-30 06:46:14] [INFO] [eeg2go] Processing recording 10/203: recording_id=10
[2025-06-30 06:46:14] [INFO] [eeg2go] [CACHE HIT] All features for feature_set_id=1, recording_id=10 are already cached
[2025-06-30 06:46:14] [INFO] [eeg2go] Recording 10: got 39 feature values
[2025-06-30 06:46:14] [INFO] [eeg2go] Processing recording 11/203: recording_id=11
[2025-06-30 06:46:14] [INFO] [eeg2go] [CACHE HIT] All features for feature_set_id=1, recording_id=11 are already cached
[2025-06-30 06:46:14] [INFO] [eeg2go] Recording 11: got 39 feature values
[2025-06-30 06:46:14] [INFO] [eeg2go] Processing recording 12/203: recording_id=12
[2025-06-30 06:46:15] [INFO] [eeg2go] [CACHE HIT] All features for feature_set_id=1, recording_id=12 are already cached
[2025-06-30 06:46:15] [INFO] [eeg2go] Recording 12: got 39 feature values
[2025-06-30 06:46:15] [INFO] [eeg2go] Processing recording 13/203: recording_id=13
[2025-06-30 06:46:15] [INFO] [eeg2go] [CACHE HIT] All features for feature_set_id=1, recording_id=13 are already cached
[2025-06-30 06:46:15] [INFO] [eeg2go] Recording 13: got 39 feature values
[2025-06-30 06:46:15] [INFO] [eeg2go] Processing recording 14/203: recording_id=14
[2025-06-30 06:46:15] [INFO] [eeg2go] [CACHE HIT] All features for feature_set_id=1, recording_id=14 are already cached
[2025-06-30 06:46:15] [INFO] [eeg2go] Recording 14: got 39 feature values
[2025-06-30 06:46:15] [INFO] [eeg2go] Processing recording 15/203: recording_id=15
[2025-06-30 06:46:15] [INFO] [eeg2go] [CACHE HIT] All features for feature_set_id=1, recording_id=15 are already cached
[2025-06-30 06:46:15] [INFO] [eeg2go] Recording 15: got 39 feature values
[2025-06-30 06:46:15] [INFO] [eeg2go] Processing recording 16/203: recording_id=16
[2025-06-30 06:46:15] [INFO] [eeg2go] [CACHE HIT] All features for feature_set_id=1, recording_id=16 are already cached
[2025-06-30 06:46:15] [INFO] [eeg2go] Recording 16: got 39 feature values
[2025-06-30 06:46:15] [INFO] [eeg2go] Processing recording 17/203: recording_id=17
[2025-06-30 06:46:15] [INFO] [eeg2go] [CACHE HIT] All features for feature_set_id=1, recording_id=17 are already cached
[2025-06-30 06:46:15] [INFO] [eeg2go] Recording 17: got 39 feature values
[2025-06-30 06:46:15] [INFO] [eeg2go] Processing recording 18/203: recording_id=18
[2025-06-30 06:46:15] [INFO] [eeg2go] [CACHE HIT] All features for feature_set_id=1, recording_id=18 are already cached
[2025-06-30 06:46:15] [INFO] [eeg2go] Recording 18: got 39 feature values
[2025-06-30 06:46:15] [INFO] [eeg2go] Processing recording 19/203: recording_id=19
[2025-06-30 06:46:15] [INFO] [eeg2go] [CACHE HIT] All features for feature_set_id=1, recording_id=19 are already cached
[2025-06-30 06:46:15] [INFO] [eeg2go] Recording 19: got 39 feature values
[2025-06-30 06:46:16] [INFO] [eeg2go] Processing recording 20/203: recording_id=20
[2025-06-30 06:46:16] [INFO] [eeg2go] [CACHE HIT] All features for feature_set_id=1, recording_id=20 are already cached
[2025-06-30 06:46:16] [INFO] [eeg2go] Recording 20: got 39 feature values
[2025-06-30 06:46:16] [INFO] [eeg2go] Processing recording 21/203: recording_id=21
[2025-06-30 06:46:16] [INFO] [eeg2go] [CACHE HIT] All features for feature_set_id=1, recording_id=21 are already cached
[2025-06-30 06:46:16] [INFO] [eeg2go] Recording 21: got 39 feature values
[2025-06-30 06:46:16] [INFO] [eeg2go] Processing recording 22/203: recording_id=22
[2025-06-30 06:46:16] [INFO] [eeg2go] [CACHE HIT] All features for feature_set_id=1, recording_id=22 are already cached
[2025-06-30 06:46:16] [INFO] [eeg2go] Recording 22: got 39 feature values
[2025-06-30 06:46:16] [INFO] [eeg2go] Processing recording 23/203: recording_id=23
[2025-06-30 06:46:17] [INFO] [eeg2go] [CACHE HIT] All features for feature_set_id=1, recording_id=23 are already cached
[2025-06-30 06:46:17] [INFO] [eeg2go] Recording 23: got 39 feature values
[2025-06-30 06:46:17] [INFO] [eeg2go] Processing recording 24/203: recording_id=24
[2025-06-30 06:46:17] [INFO] [eeg2go] [CACHE HIT] All features for feature_set_id=1, recording_id=24 are already cached
[2025-06-30 06:46:17] [INFO] [eeg2go] Recording 24: got 39 feature values
[2025-06-30 06:46:17] [INFO] [eeg2go] Processing recording 25/203: recording_id=25
[2025-06-30 06:46:17] [INFO] [eeg2go] [CACHE HIT] All features for feature_set_id=1, recording_id=25 are already cached
[2025-06-30 06:46:17] [INFO] [eeg2go] Recording 25: got 39 feature values
[2025-06-30 06:46:17] [INFO] [eeg2go] Processing recording 26/203: recording_id=26
[2025-06-30 06:46:17] [INFO] [eeg2go] [CACHE HIT] All features for feature_set_id=1, recording_id=26 are already cached
[2025-06-30 06:46:17] [INFO] [eeg2go] Recording 26: got 39 feature values
[2025-06-30 06:46:17] [INFO] [eeg2go] Processing recording 27/203: recording_id=27
[2025-06-30 06:46:17] [INFO] [eeg2go] [CACHE HIT] All features for feature_set_id=1, recording_id=27 are already cached
[2025-06-30 06:46:17] [INFO] [eeg2go] Recording 27: got 39 feature values
[2025-06-30 06:46:17] [INFO] [eeg2go] Processing recording 28/203: recording_id=28
[2025-06-30 06:46:17] [INFO] [eeg2go] [CACHE HIT] All features for feature_set_id=1, recording_id=28 are already cached
[2025-06-30 06:46:17] [INFO] [eeg2go] Recording 28: got 39 feature values
[2025-06-30 06:46:17] [INFO] [eeg2go] Processing recording 29/203: recording_id=29
[2025-06-30 06:46:18] [INFO] [eeg2go] [CACHE HIT] All features for feature_set_id=1, recording_id=29 are already cached
[2025-06-30 06:46:18] [INFO] [eeg2go] Recording 29: got 39 feature values
[2025-06-30 06:46:19] [INFO] [eeg2go] Processing recording 30/203: recording_id=30
[2025-06-30 06:46:19] [INFO] [eeg2go] [CACHE HIT] All features for feature_set_id=1, recording_id=30 are already cached
[2025-06-30 06:46:19] [INFO] [eeg2go] Recording 30: got 39 feature values
[2025-06-30 06:46:19] [INFO] [eeg2go] Processing recording 31/203: recording_id=31
[2025-06-30 06:46:19] [INFO] [eeg2go] [CACHE HIT] All features for feature_set_id=1, recording_id=31 are already cached
[2025-06-30 06:46:19] [INFO] [eeg2go] Recording 31: got 39 feature values
[2025-06-30 06:46:19] [INFO] [eeg2go] Processing recording 32/203: recording_id=32
[2025-06-30 06:46:20] [INFO] [eeg2go] [CACHE HIT] All features for feature_set_id=1, recording_id=32 are already cached
[2025-06-30 06:46:20] [INFO] [eeg2go] Recording 32: got 39 feature values
[2025-06-30 06:46:20] [INFO] [eeg2go] Processing recording 33/203: recording_id=33
[2025-06-30 06:46:21] [INFO] [eeg2go] [CACHE HIT] All features for feature_set_id=1, recording_id=33 are already cached
[2025-06-30 06:46:21] [INFO] [eeg2go] Recording 33: got 39 feature values
[2025-06-30 06:46:21] [INFO] [eeg2go] Processing recording 34/203: recording_id=34
[2025-06-30 06:46:23] [INFO] [eeg2go] [CACHE HIT] All features for feature_set_id=1, recording_id=34 are already cached
[2025-06-30 06:46:23] [INFO] [eeg2go] Recording 34: got 39 feature values
[2025-06-30 06:46:23] [INFO] [eeg2go] Processing recording 35/203: recording_id=35
[2025-06-30 06:46:23] [INFO] [eeg2go] [CACHE HIT] All features for feature_set_id=1, recording_id=35 are already cached
[2025-06-30 06:46:23] [INFO] [eeg2go] Recording 35: got 39 feature values
[2025-06-30 06:46:23] [INFO] [eeg2go] Processing recording 36/203: recording_id=36
[2025-06-30 06:46:24] [INFO] [eeg2go] [CACHE HIT] All features for feature_set_id=1, recording_id=36 are already cached
[2025-06-30 06:46:24] [INFO] [eeg2go] Recording 36: got 39 feature values
[2025-06-30 06:46:25] [INFO] [eeg2go] Processing recording 37/203: recording_id=37
[2025-06-30 06:46:25] [INFO] [eeg2go] [CACHE HIT] All features for feature_set_id=1, recording_id=37 are already cached
[2025-06-30 06:46:25] [INFO] [eeg2go] Recording 37: got 39 feature values
[2025-06-30 06:46:25] [INFO] [eeg2go] Processing recording 38/203: recording_id=38
[2025-06-30 06:46:26] [INFO] [eeg2go] [CACHE HIT] All features for feature_set_id=1, recording_id=38 are already cached
[2025-06-30 06:46:26] [INFO] [eeg2go] Recording 38: got 39 feature values
[2025-06-30 06:46:26] [INFO] [eeg2go] Processing recording 39/203: recording_id=39
[2025-06-30 06:46:27] [INFO] [eeg2go] [CACHE HIT] All features for feature_set_id=1, recording_id=39 are already cached
[2025-06-30 06:46:27] [INFO] [eeg2go] Recording 39: got 39 feature values
[2025-06-30 06:46:27] [INFO] [eeg2go] Processing recording 40/203: recording_id=40
[2025-06-30 06:46:27] [INFO] [eeg2go] [CACHE HIT] All features for feature_set_id=1, recording_id=40 are already cached
[2025-06-30 06:46:27] [INFO] [eeg2go] Recording 40: got 39 feature values
[2025-06-30 06:46:27] [INFO] [eeg2go] Processing recording 41/203: recording_id=41
[2025-06-30 06:46:28] [INFO] [eeg2go] [CACHE HIT] All features for feature_set_id=1, recording_id=41 are already cached
[2025-06-30 06:46:28] [INFO] [eeg2go] Recording 41: got 39 feature values
[2025-06-30 06:46:28] [INFO] [eeg2go] Processing recording 42/203: recording_id=42
[2025-06-30 06:46:28] [INFO] [eeg2go] [CACHE HIT] All features for feature_set_id=1, recording_id=42 are already cached
[2025-06-30 06:46:28] [INFO] [eeg2go] Recording 42: got 39 feature values
[2025-06-30 06:46:28] [INFO] [eeg2go] Processing recording 43/203: recording_id=43
[2025-06-30 06:46:28] [INFO] [eeg2go] [CACHE HIT] All features for feature_set_id=1, recording_id=43 are already cached
[2025-06-30 06:46:28] [INFO] [eeg2go] Recording 43: got 39 feature values
[2025-06-30 06:46:28] [INFO] [eeg2go] Processing recording 44/203: recording_id=44
[2025-06-30 06:46:29] [INFO] [eeg2go] [CACHE HIT] All features for feature_set_id=1, recording_id=44 are already cached
[2025-06-30 06:46:29] [INFO] [eeg2go] Recording 44: got 39 feature values
[2025-06-30 06:46:29] [INFO] [eeg2go] Processing recording 45/203: recording_id=45
[2025-06-30 06:46:29] [INFO] [eeg2go] [CACHE HIT] All features for feature_set_id=1, recording_id=45 are already cached
[2025-06-30 06:46:29] [INFO] [eeg2go] Recording 45: got 39 feature values
[2025-06-30 06:46:29] [INFO] [eeg2go] Processing recording 46/203: recording_id=46
[2025-06-30 06:46:29] [INFO] [eeg2go] [CACHE HIT] All features for feature_set_id=1, recording_id=46 are already cached
[2025-06-30 06:46:29] [INFO] [eeg2go] Recording 46: got 39 feature values
[2025-06-30 06:46:29] [INFO] [eeg2go] Processing recording 47/203: recording_id=47
[2025-06-30 06:46:29] [INFO] [eeg2go] [CACHE HIT] All features for feature_set_id=1, recording_id=47 are already cached
[2025-06-30 06:46:29] [INFO] [eeg2go] Recording 47: got 39 feature values
[2025-06-30 06:46:29] [INFO] [eeg2go] Processing recording 48/203: recording_id=48
[2025-06-30 06:46:29] [INFO] [eeg2go] [CACHE HIT] All features for feature_set_id=1, recording_id=48 are already cached
[2025-06-30 06:46:29] [INFO] [eeg2go] Recording 48: got 39 feature values
[2025-06-30 06:46:29] [INFO] [eeg2go] Processing recording 49/203: recording_id=49
[2025-06-30 06:46:29] [INFO] [eeg2go] [CACHE HIT] All features for feature_set_id=1, recording_id=49 are already cached
[2025-06-30 06:46:29] [INFO] [eeg2go] Recording 49: got 39 feature values
[2025-06-30 06:46:29] [INFO] [eeg2go] Processing recording 50/203: recording_id=50
[2025-06-30 06:46:30] [INFO] [eeg2go] [CACHE HIT] All features for feature_set_id=1, recording_id=50 are already cached
[2025-06-30 06:46:30] [INFO] [eeg2go] Recording 50: got 39 feature values
[2025-06-30 06:46:30] [INFO] [eeg2go] Processing recording 51/203: recording_id=51
[2025-06-30 06:46:31] [INFO] [eeg2go] [CACHE HIT] All features for feature_set_id=1, recording_id=51 are already cached
[2025-06-30 06:46:31] [INFO] [eeg2go] Recording 51: got 39 feature values
[2025-06-30 06:46:31] [INFO] [eeg2go] Processing recording 52/203: recording_id=52
[2025-06-30 06:46:31] [INFO] [eeg2go] [CACHE HIT] All features for feature_set_id=1, recording_id=52 are already cached
[2025-06-30 06:46:31] [INFO] [eeg2go] Recording 52: got 39 feature values
[2025-06-30 06:46:31] [INFO] [eeg2go] Processing recording 53/203: recording_id=53
[2025-06-30 06:46:31] [INFO] [eeg2go] [CACHE HIT] All features for feature_set_id=1, recording_id=53 are already cached
[2025-06-30 06:46:31] [INFO] [eeg2go] Recording 53: got 39 feature values
[2025-06-30 06:46:31] [INFO] [eeg2go] Processing recording 54/203: recording_id=54
[2025-06-30 06:46:32] [INFO] [eeg2go] [CACHE HIT] All features for feature_set_id=1, recording_id=54 are already cached
[2025-06-30 06:46:32] [INFO] [eeg2go] Recording 54: got 39 feature values
[2025-06-30 06:46:32] [INFO] [eeg2go] Processing recording 55/203: recording_id=55
[2025-06-30 06:46:33] [INFO] [eeg2go] [CACHE HIT] All features for feature_set_id=1, recording_id=55 are already cached
[2025-06-30 06:46:33] [INFO] [eeg2go] Recording 55: got 39 feature values
[2025-06-30 06:46:33] [INFO] [eeg2go] Processing recording 56/203: recording_id=56
[2025-06-30 06:46:33] [INFO] [eeg2go] [CACHE HIT] All features for feature_set_id=1, recording_id=56 are already cached
[2025-06-30 06:46:33] [INFO] [eeg2go] Recording 56: got 39 feature values
[2025-06-30 06:46:33] [INFO] [eeg2go] Processing recording 57/203: recording_id=57
[2025-06-30 06:46:33] [INFO] [eeg2go] [CACHE HIT] All features for feature_set_id=1, recording_id=57 are already cached
[2025-06-30 06:46:33] [INFO] [eeg2go] Recording 57: got 39 feature values
[2025-06-30 06:46:33] [INFO] [eeg2go] Processing recording 58/203: recording_id=58
[2025-06-30 06:46:33] [INFO] [eeg2go] [CACHE HIT] All features for feature_set_id=1, recording_id=58 are already cached
[2025-06-30 06:46:33] [INFO] [eeg2go] Recording 58: got 39 feature values
[2025-06-30 06:46:33] [INFO] [eeg2go] Processing recording 59/203: recording_id=59
[2025-06-30 06:46:34] [INFO] [eeg2go] [CACHE HIT] All features for feature_set_id=1, recording_id=59 are already cached
[2025-06-30 06:46:34] [INFO] [eeg2go] Recording 59: got 39 feature values
[2025-06-30 06:46:34] [INFO] [eeg2go] Processing recording 60/203: recording_id=60
[2025-06-30 06:46:34] [INFO] [eeg2go] [CACHE HIT] All features for feature_set_id=1, recording_id=60 are already cached
[2025-06-30 06:46:34] [INFO] [eeg2go] Recording 60: got 39 feature values
[2025-06-30 06:46:34] [INFO] [eeg2go] Processing recording 61/203: recording_id=61
[2025-06-30 06:46:34] [INFO] [eeg2go] [CACHE HIT] All features for feature_set_id=1, recording_id=61 are already cached
[2025-06-30 06:46:34] [INFO] [eeg2go] Recording 61: got 39 feature values
[2025-06-30 06:46:34] [INFO] [eeg2go] Processing recording 62/203: recording_id=62
[2025-06-30 06:46:34] [INFO] [eeg2go] [CACHE HIT] All features for feature_set_id=1, recording_id=62 are already cached
[2025-06-30 06:46:34] [INFO] [eeg2go] Recording 62: got 39 feature values
[2025-06-30 06:46:34] [INFO] [eeg2go] Processing recording 63/203: recording_id=63
[2025-06-30 06:46:34] [INFO] [eeg2go] [CACHE HIT] All features for feature_set_id=1, recording_id=63 are already cached
[2025-06-30 06:46:34] [INFO] [eeg2go] Recording 63: got 39 feature values
[2025-06-30 06:46:34] [INFO] [eeg2go] Processing recording 64/203: recording_id=64
[2025-06-30 06:46:34] [INFO] [eeg2go] [CACHE HIT] All features for feature_set_id=1, recording_id=64 are already cached
[2025-06-30 06:46:34] [INFO] [eeg2go] Recording 64: got 39 feature values
[2025-06-30 06:46:34] [INFO] [eeg2go] Processing recording 65/203: recording_id=65
[2025-06-30 06:46:35] [INFO] [eeg2go] [CACHE HIT] All features for feature_set_id=1, recording_id=65 are already cached
[2025-06-30 06:46:35] [INFO] [eeg2go] Recording 65: got 39 feature values
[2025-06-30 06:46:35] [INFO] [eeg2go] Processing recording 66/203: recording_id=66
[2025-06-30 06:46:35] [INFO] [eeg2go] [CACHE HIT] All features for feature_set_id=1, recording_id=66 are already cached
[2025-06-30 06:46:35] [INFO] [eeg2go] Recording 66: got 39 feature values
[2025-06-30 06:46:35] [INFO] [eeg2go] Processing recording 67/203: recording_id=67
[2025-06-30 06:46:35] [INFO] [eeg2go] [CACHE HIT] All features for feature_set_id=1, recording_id=67 are already cached
[2025-06-30 06:46:35] [INFO] [eeg2go] Recording 67: got 39 feature values
[2025-06-30 06:46:35] [INFO] [eeg2go] Processing recording 68/203: recording_id=68
[2025-06-30 06:46:35] [INFO] [eeg2go] [CACHE HIT] All features for feature_set_id=1, recording_id=68 are already cached
[2025-06-30 06:46:35] [INFO] [eeg2go] Recording 68: got 39 feature values
[2025-06-30 06:46:35] [INFO] [eeg2go] Processing recording 69/203: recording_id=69
[2025-06-30 06:46:36] [INFO] [eeg2go] [CACHE HIT] All features for feature_set_id=1, recording_id=69 are already cached
[2025-06-30 06:46:36] [INFO] [eeg2go] Recording 69: got 39 feature values
[2025-06-30 06:46:36] [INFO] [eeg2go] Processing recording 70/203: recording_id=70
[2025-06-30 06:46:36] [INFO] [eeg2go] [CACHE HIT] All features for feature_set_id=1, recording_id=70 are already cached
[2025-06-30 06:46:36] [INFO] [eeg2go] Recording 70: got 39 feature values
[2025-06-30 06:46:36] [INFO] [eeg2go] Processing recording 71/203: recording_id=71
[2025-06-30 06:46:36] [INFO] [eeg2go] [CACHE HIT] All features for feature_set_id=1, recording_id=71 are already cached
[2025-06-30 06:46:36] [INFO] [eeg2go] Recording 71: got 39 feature values
[2025-06-30 06:46:36] [INFO] [eeg2go] Processing recording 72/203: recording_id=72
[2025-06-30 06:46:36] [INFO] [eeg2go] [CACHE HIT] All features for feature_set_id=1, recording_id=72 are already cached
[2025-06-30 06:46:36] [INFO] [eeg2go] Recording 72: got 39 feature values
[2025-06-30 06:46:36] [INFO] [eeg2go] Processing recording 73/203: recording_id=73
[2025-06-30 06:46:36] [INFO] [eeg2go] [CACHE HIT] All features for feature_set_id=1, recording_id=73 are already cached
[2025-06-30 06:46:36] [INFO] [eeg2go] Recording 73: got 39 feature values
[2025-06-30 06:46:36] [INFO] [eeg2go] Processing recording 74/203: recording_id=74
[2025-06-30 06:46:36] [INFO] [eeg2go] [CACHE HIT] All features for feature_set_id=1, recording_id=74 are already cached
[2025-06-30 06:46:36] [INFO] [eeg2go] Recording 74: got 39 feature values
[2025-06-30 06:46:36] [INFO] [eeg2go] Processing recording 75/203: recording_id=75
[2025-06-30 06:46:36] [INFO] [eeg2go] [CACHE HIT] All features for feature_set_id=1, recording_id=75 are already cached
[2025-06-30 06:46:36] [INFO] [eeg2go] Recording 75: got 39 feature values
[2025-06-30 06:46:36] [INFO] [eeg2go] Processing recording 76/203: recording_id=76
[2025-06-30 06:46:36] [INFO] [eeg2go] [CACHE HIT] All features for feature_set_id=1, recording_id=76 are already cached
[2025-06-30 06:46:36] [INFO] [eeg2go] Recording 76: got 39 feature values
[2025-06-30 06:46:37] [INFO] [eeg2go] Processing recording 77/203: recording_id=77
[2025-06-30 06:46:37] [INFO] [eeg2go] [CACHE HIT] All features for feature_set_id=1, recording_id=77 are already cached
[2025-06-30 06:46:37] [INFO] [eeg2go] Recording 77: got 39 feature values
[2025-06-30 06:46:37] [INFO] [eeg2go] Processing recording 78/203: recording_id=78
[2025-06-30 06:46:37] [INFO] [eeg2go] [CACHE HIT] All features for feature_set_id=1, recording_id=78 are already cached
[2025-06-30 06:46:37] [INFO] [eeg2go] Recording 78: got 39 feature values
[2025-06-30 06:46:37] [INFO] [eeg2go] Processing recording 79/203: recording_id=79
[2025-06-30 06:46:37] [INFO] [eeg2go] [CACHE HIT] All features for feature_set_id=1, recording_id=79 are already cached
[2025-06-30 06:46:37] [INFO] [eeg2go] Recording 79: got 39 feature values
[2025-06-30 06:46:37] [INFO] [eeg2go] Processing recording 80/203: recording_id=80
[2025-06-30 06:46:38] [INFO] [eeg2go] [CACHE HIT] All features for feature_set_id=1, recording_id=80 are already cached
[2025-06-30 06:46:38] [INFO] [eeg2go] Recording 80: got 39 feature values
[2025-06-30 06:46:38] [INFO] [eeg2go] Processing recording 81/203: recording_id=81
[2025-06-30 06:46:39] [INFO] [eeg2go] [CACHE HIT] All features for feature_set_id=1, recording_id=81 are already cached
[2025-06-30 06:46:39] [INFO] [eeg2go] Recording 81: got 39 feature values
[2025-06-30 06:46:39] [INFO] [eeg2go] Processing recording 82/203: recording_id=82
[2025-06-30 06:46:39] [INFO] [eeg2go] [CACHE HIT] All features for feature_set_id=1, recording_id=82 are already cached
[2025-06-30 06:46:39] [INFO] [eeg2go] Recording 82: got 39 feature values
[2025-06-30 06:46:39] [INFO] [eeg2go] Processing recording 83/203: recording_id=83
[2025-06-30 06:46:39] [INFO] [eeg2go] [CACHE HIT] All features for feature_set_id=1, recording_id=83 are already cached
[2025-06-30 06:46:39] [INFO] [eeg2go] Recording 83: got 39 feature values
[2025-06-30 06:46:39] [INFO] [eeg2go] Processing recording 84/203: recording_id=84
[2025-06-30 06:46:39] [INFO] [eeg2go] [CACHE HIT] All features for feature_set_id=1, recording_id=84 are already cached
[2025-06-30 06:46:39] [INFO] [eeg2go] Recording 84: got 39 feature values
[2025-06-30 06:46:39] [INFO] [eeg2go] Processing recording 85/203: recording_id=85
[2025-06-30 06:46:39] [INFO] [eeg2go] [CACHE HIT] All features for feature_set_id=1, recording_id=85 are already cached
[2025-06-30 06:46:39] [INFO] [eeg2go] Recording 85: got 39 feature values
[2025-06-30 06:46:39] [INFO] [eeg2go] Processing recording 86/203: recording_id=86
[2025-06-30 06:46:39] [INFO] [eeg2go] [CACHE HIT] All features for feature_set_id=1, recording_id=86 are already cached
[2025-06-30 06:46:39] [INFO] [eeg2go] Recording 86: got 39 feature values
[2025-06-30 06:46:39] [INFO] [eeg2go] Processing recording 87/203: recording_id=87
[2025-06-30 06:46:39] [INFO] [eeg2go] [CACHE HIT] All features for feature_set_id=1, recording_id=87 are already cached
[2025-06-30 06:46:39] [INFO] [eeg2go] Recording 87: got 39 feature values
[2025-06-30 06:46:39] [INFO] [eeg2go] Processing recording 88/203: recording_id=88
[2025-06-30 06:46:40] [INFO] [eeg2go] [CACHE HIT] All features for feature_set_id=1, recording_id=88 are already cached
[2025-06-30 06:46:40] [INFO] [eeg2go] Recording 88: got 39 feature values
[2025-06-30 06:46:41] [INFO] [eeg2go] Processing recording 89/203: recording_id=89
[2025-06-30 06:46:42] [INFO] [eeg2go] [CACHE HIT] All features for feature_set_id=1, recording_id=89 are already cached
[2025-06-30 06:46:42] [INFO] [eeg2go] Recording 89: got 39 feature values
[2025-06-30 06:46:42] [INFO] [eeg2go] Processing recording 90/203: recording_id=90
[2025-06-30 06:46:43] [INFO] [eeg2go] [CACHE HIT] All features for feature_set_id=1, recording_id=90 are already cached
[2025-06-30 06:46:43] [INFO] [eeg2go] Recording 90: got 39 feature values
[2025-06-30 06:46:43] [INFO] [eeg2go] Processing recording 91/203: recording_id=91
[2025-06-30 06:46:45] [INFO] [eeg2go] [CACHE HIT] All features for feature_set_id=1, recording_id=91 are already cached
[2025-06-30 06:46:45] [INFO] [eeg2go] Recording 91: got 39 feature values
[2025-06-30 06:46:45] [INFO] [eeg2go] Processing recording 92/203: recording_id=92
[2025-06-30 06:46:46] [INFO] [eeg2go] [CACHE HIT] All features for feature_set_id=1, recording_id=92 are already cached
[2025-06-30 06:46:46] [INFO] [eeg2go] Recording 92: got 39 feature values
[2025-06-30 06:46:46] [INFO] [eeg2go] Processing recording 93/203: recording_id=93
[2025-06-30 06:46:47] [INFO] [eeg2go] [CACHE HIT] All features for feature_set_id=1, recording_id=93 are already cached
[2025-06-30 06:46:47] [INFO] [eeg2go] Recording 93: got 39 feature values
[2025-06-30 06:46:47] [INFO] [eeg2go] Processing recording 94/203: recording_id=94
[2025-06-30 06:46:49] [INFO] [eeg2go] [CACHE HIT] All features for feature_set_id=1, recording_id=94 are already cached
[2025-06-30 06:46:49] [INFO] [eeg2go] Recording 94: got 39 feature values
[2025-06-30 06:46:49] [INFO] [eeg2go] Processing recording 95/203: recording_id=95
[2025-06-30 06:46:49] [INFO] [eeg2go] [CACHE HIT] All features for feature_set_id=1, recording_id=95 are already cached
[2025-06-30 06:46:49] [INFO] [eeg2go] Recording 95: got 39 feature values
[2025-06-30 06:46:49] [INFO] [eeg2go] Processing recording 96/203: recording_id=96
[2025-06-30 06:46:49] [WARNING] [eeg2go] [SKIP] fxdef_id=12 recording_id=96 - previously failed: Feature generation failed: Unable to allocate 7.52 GiB for an array with shape (33607, 30, 1001) and data type float64
[2025-06-30 06:46:49] [WARNING] [eeg2go] [SKIP] fxdef_id=13 recording_id=96 - previously failed: Feature generation failed: Unable to allocate 7.52 GiB for an array with shape (33607, 30, 1001) and data type float64
[2025-06-30 06:46:49] [WARNING] [eeg2go] [SKIP] fxdef_id=14 recording_id=96 - previously failed: Feature generation failed: Unable to allocate 7.52 GiB for an array with shape (33607, 30, 1001) and data type float64
[2025-06-30 06:46:49] [WARNING] [eeg2go] [SKIP] fxdef_id=15 recording_id=96 - previously failed: Feature generation failed: Unable to allocate 7.52 GiB for an array with shape (33607, 30, 1001) and data type float64
[2025-06-30 06:46:49] [WARNING] [eeg2go] [SKIP] fxdef_id=16 recording_id=96 - previously failed: Feature generation failed: Unable to allocate 7.52 GiB for an array with shape (33607, 30, 1001) and data type float64
[2025-06-30 06:46:49] [WARNING] [eeg2go] [SKIP] fxdef_id=17 recording_id=96 - previously failed: Feature generation failed: Unable to allocate 7.52 GiB for an array with shape (33607, 30, 1001) and data type float64
[2025-06-30 06:46:49] [WARNING] [eeg2go] [SKIP] fxdef_id=18 recording_id=96 - previously failed: Feature generation failed: Unable to allocate 7.52 GiB for an array with shape (33607, 30, 1001) and data type float64
[2025-06-30 06:46:49] [WARNING] [eeg2go] [SKIP] fxdef_id=19 recording_id=96 - previously failed: Feature generation failed: Unable to allocate 7.52 GiB for an array with shape (33607, 30, 1001) and data type float64
[2025-06-30 06:46:49] [WARNING] [eeg2go] [SKIP] fxdef_id=20 recording_id=96 - previously failed: Feature generation failed: Unable to allocate 7.52 GiB for an array with shape (33607, 30, 1001) and data type float64
[2025-06-30 06:46:49] [WARNING] [eeg2go] [SKIP] fxdef_id=21 recording_id=96 - previously failed: Feature generation failed: Unable to allocate 7.52 GiB for an array with shape (33607, 30, 1001) and data type float64
[2025-06-30 06:46:49] [WARNING] [eeg2go] [SKIP] fxdef_id=22 recording_id=96 - previously failed: Feature generation failed: Unable to allocate 7.52 GiB for an array with shape (33607, 30, 1001) and data type float64
[2025-06-30 06:46:49] [WARNING] [eeg2go] [SKIP] fxdef_id=23 recording_id=96 - previously failed: Feature generation failed: Unable to allocate 7.52 GiB for an array with shape (33607, 30, 1001) and data type float64
[2025-06-30 06:46:49] [WARNING] [eeg2go] [SKIP] fxdef_id=24 recording_id=96 - previously failed: Feature generation failed: Unable to allocate 7.52 GiB for an array with shape (33607, 30, 1001) and data type float64
[2025-06-30 06:46:49] [WARNING] [eeg2go] [SKIP] fxdef_id=25 recording_id=96 - previously failed: Feature generation failed: Unable to allocate 7.52 GiB for an array with shape (33607, 30, 1001) and data type float64
[2025-06-30 06:46:49] [WARNING] [eeg2go] [SKIP] fxdef_id=26 recording_id=96 - previously failed: Feature generation failed: Unable to allocate 7.52 GiB for an array with shape (33607, 30, 1001) and data type float64
[2025-06-30 06:46:49] [WARNING] [eeg2go] [SKIP] fxdef_id=27 recording_id=96 - previously failed: Feature generation failed: Unable to allocate 7.52 GiB for an array with shape (33607, 30, 1001) and data type float64
[2025-06-30 06:46:49] [WARNING] [eeg2go] [SKIP] fxdef_id=28 recording_id=96 - previously failed: Feature generation failed: Unable to allocate 7.52 GiB for an array with shape (33607, 30, 1001) and data type float64
[2025-06-30 06:46:49] [WARNING] [eeg2go] [SKIP] fxdef_id=29 recording_id=96 - previously failed: Feature generation failed: Unable to allocate 7.52 GiB for an array with shape (33607, 30, 1001) and data type float64
[2025-06-30 06:46:49] [WARNING] [eeg2go] [SKIP] fxdef_id=30 recording_id=96 - previously failed: Feature generation failed: Unable to allocate 7.52 GiB for an array with shape (33607, 30, 1001) and data type float64
[2025-06-30 06:46:49] [WARNING] [eeg2go] [SKIP] fxdef_id=31 recording_id=96 - previously failed: Feature generation failed: Unable to allocate 7.52 GiB for an array with shape (33607, 30, 1001) and data type float64
[2025-06-30 06:46:49] [WARNING] [eeg2go] [SKIP] fxdef_id=32 recording_id=96 - previously failed: Feature generation failed: Unable to allocate 7.52 GiB for an array with shape (33607, 30, 1001) and data type float64
[2025-06-30 06:46:49] [WARNING] [eeg2go] [SKIP] fxdef_id=33 recording_id=96 - previously failed: Feature generation failed: Unable to allocate 7.52 GiB for an array with shape (33607, 30, 1001) and data type float64
[2025-06-30 06:46:49] [WARNING] [eeg2go] [SKIP] fxdef_id=34 recording_id=96 - previously failed: Feature generation failed: Unable to allocate 7.52 GiB for an array with shape (33607, 30, 1001) and data type float64
[2025-06-30 06:46:49] [WARNING] [eeg2go] [SKIP] fxdef_id=35 recording_id=96 - previously failed: Feature generation failed: Unable to allocate 7.52 GiB for an array with shape (33607, 30, 1001) and data type float64
[2025-06-30 06:46:49] [WARNING] [eeg2go] [SKIP] fxdef_id=36 recording_id=96 - previously failed: Feature generation failed: Unable to allocate 7.52 GiB for an array with shape (33607, 30, 1001) and data type float64
[2025-06-30 06:46:49] [WARNING] [eeg2go] [SKIP] fxdef_id=37 recording_id=96 - previously failed: Feature generation failed: Unable to allocate 7.52 GiB for an array with shape (33607, 30, 1001) and data type float64
[2025-06-30 06:46:49] [WARNING] [eeg2go] [SKIP] fxdef_id=38 recording_id=96 - previously failed: Feature generation failed: Unable to allocate 7.52 GiB for an array with shape (33607, 30, 1001) and data type float64
[2025-06-30 06:46:49] [WARNING] [eeg2go] [SKIP] fxdef_id=39 recording_id=96 - previously failed: Feature generation failed: Unable to allocate 7.52 GiB for an array with shape (33607, 30, 1001) and data type float64
[2025-06-30 06:46:49] [WARNING] [eeg2go] [SKIP] fxdef_id=40 recording_id=96 - previously failed: Feature generation failed: Unable to allocate 7.52 GiB for an array with shape (33607, 30, 1001) and data type float64
[2025-06-30 06:46:49] [WARNING] [eeg2go] [SKIP] fxdef_id=41 recording_id=96 - previously failed: Feature generation failed: Unable to allocate 7.52 GiB for an array with shape (33607, 30, 1001) and data type float64
[2025-06-30 06:46:49] [WARNING] [eeg2go] [SKIP] fxdef_id=42 recording_id=96 - previously failed: Feature generation failed: Unable to allocate 7.52 GiB for an array with shape (33607, 30, 1001) and data type float64
[2025-06-30 06:46:49] [WARNING] [eeg2go] [SKIP] fxdef_id=43 recording_id=96 - previously failed: Feature generation failed: Unable to allocate 7.52 GiB for an array with shape (33607, 30, 1001) and data type float64
[2025-06-30 06:46:49] [WARNING] [eeg2go] [SKIP] fxdef_id=44 recording_id=96 - previously failed: Feature generation failed: Unable to allocate 7.52 GiB for an array with shape (33607, 30, 1001) and data type float64
[2025-06-30 06:46:49] [WARNING] [eeg2go] [SKIP] fxdef_id=45 recording_id=96 - previously failed: Feature generation failed: Unable to allocate 7.52 GiB for an array with shape (33607, 30, 1001) and data type float64
[2025-06-30 06:46:49] [WARNING] [eeg2go] [SKIP] fxdef_id=46 recording_id=96 - previously failed: Feature generation failed: Unable to allocate 7.52 GiB for an array with shape (33607, 30, 1001) and data type float64
[2025-06-30 06:46:49] [WARNING] [eeg2go] [SKIP] fxdef_id=47 recording_id=96 - previously failed: Feature generation failed: Unable to allocate 7.52 GiB for an array with shape (33607, 30, 1001) and data type float64
[2025-06-30 06:46:49] [WARNING] [eeg2go] [SKIP] fxdef_id=48 recording_id=96 - previously failed: Feature generation failed: Unable to allocate 7.52 GiB for an array with shape (33607, 30, 1001) and data type float64
[2025-06-30 06:46:49] [WARNING] [eeg2go] [SKIP] fxdef_id=49 recording_id=96 - previously failed: Feature generation failed: Unable to allocate 7.52 GiB for an array with shape (33607, 30, 1001) and data type float64
[2025-06-30 06:46:49] [WARNING] [eeg2go] [SKIP] fxdef_id=50 recording_id=96 - previously failed: Feature generation failed: Unable to allocate 7.52 GiB for an array with shape (33607, 30, 1001) and data type float64
[2025-06-30 06:46:49] [INFO] [eeg2go] [CACHE HIT] All features for feature_set_id=1, recording_id=96 are already cached
[2025-06-30 06:46:49] [INFO] [eeg2go] Recording 96: got 39 feature values
[2025-06-30 06:46:49] [WARNING] [eeg2go] Feature 12 failed for recording 96: Feature generation failed: Unable to allocate 7.52 GiB for an array with shape (33607, 30, 1001) and data type float64
[2025-06-30 06:46:49] [WARNING] [eeg2go] Feature 13 failed for recording 96: Feature generation failed: Unable to allocate 7.52 GiB for an array with shape (33607, 30, 1001) and data type float64
[2025-06-30 06:46:49] [WARNING] [eeg2go] Feature 14 failed for recording 96: Feature generation failed: Unable to allocate 7.52 GiB for an array with shape (33607, 30, 1001) and data type float64
[2025-06-30 06:46:49] [WARNING] [eeg2go] Feature 15 failed for recording 96: Feature generation failed: Unable to allocate 7.52 GiB for an array with shape (33607, 30, 1001) and data type float64
[2025-06-30 06:46:49] [WARNING] [eeg2go] Feature 16 failed for recording 96: Feature generation failed: Unable to allocate 7.52 GiB for an array with shape (33607, 30, 1001) and data type float64
[2025-06-30 06:46:49] [WARNING] [eeg2go] Feature 17 failed for recording 96: Feature generation failed: Unable to allocate 7.52 GiB for an array with shape (33607, 30, 1001) and data type float64
[2025-06-30 06:46:49] [WARNING] [eeg2go] Feature 18 failed for recording 96: Feature generation failed: Unable to allocate 7.52 GiB for an array with shape (33607, 30, 1001) and data type float64
[2025-06-30 06:46:49] [WARNING] [eeg2go] Feature 19 failed for recording 96: Feature generation failed: Unable to allocate 7.52 GiB for an array with shape (33607, 30, 1001) and data type float64
[2025-06-30 06:46:49] [WARNING] [eeg2go] Feature 20 failed for recording 96: Feature generation failed: Unable to allocate 7.52 GiB for an array with shape (33607, 30, 1001) and data type float64
[2025-06-30 06:46:49] [WARNING] [eeg2go] Feature 21 failed for recording 96: Feature generation failed: Unable to allocate 7.52 GiB for an array with shape (33607, 30, 1001) and data type float64
[2025-06-30 06:46:49] [WARNING] [eeg2go] Feature 22 failed for recording 96: Feature generation failed: Unable to allocate 7.52 GiB for an array with shape (33607, 30, 1001) and data type float64
[2025-06-30 06:46:49] [WARNING] [eeg2go] Feature 23 failed for recording 96: Feature generation failed: Unable to allocate 7.52 GiB for an array with shape (33607, 30, 1001) and data type float64
[2025-06-30 06:46:49] [WARNING] [eeg2go] Feature 24 failed for recording 96: Feature generation failed: Unable to allocate 7.52 GiB for an array with shape (33607, 30, 1001) and data type float64
[2025-06-30 06:46:49] [WARNING] [eeg2go] Feature 25 failed for recording 96: Feature generation failed: Unable to allocate 7.52 GiB for an array with shape (33607, 30, 1001) and data type float64
[2025-06-30 06:46:49] [WARNING] [eeg2go] Feature 26 failed for recording 96: Feature generation failed: Unable to allocate 7.52 GiB for an array with shape (33607, 30, 1001) and data type float64
[2025-06-30 06:46:49] [WARNING] [eeg2go] Feature 27 failed for recording 96: Feature generation failed: Unable to allocate 7.52 GiB for an array with shape (33607, 30, 1001) and data type float64
[2025-06-30 06:46:49] [WARNING] [eeg2go] Feature 28 failed for recording 96: Feature generation failed: Unable to allocate 7.52 GiB for an array with shape (33607, 30, 1001) and data type float64
[2025-06-30 06:46:49] [WARNING] [eeg2go] Feature 29 failed for recording 96: Feature generation failed: Unable to allocate 7.52 GiB for an array with shape (33607, 30, 1001) and data type float64
[2025-06-30 06:46:49] [WARNING] [eeg2go] Feature 30 failed for recording 96: Feature generation failed: Unable to allocate 7.52 GiB for an array with shape (33607, 30, 1001) and data type float64
[2025-06-30 06:46:49] [WARNING] [eeg2go] Feature 31 failed for recording 96: Feature generation failed: Unable to allocate 7.52 GiB for an array with shape (33607, 30, 1001) and data type float64
[2025-06-30 06:46:49] [WARNING] [eeg2go] Feature 32 failed for recording 96: Feature generation failed: Unable to allocate 7.52 GiB for an array with shape (33607, 30, 1001) and data type float64
[2025-06-30 06:46:49] [WARNING] [eeg2go] Feature 33 failed for recording 96: Feature generation failed: Unable to allocate 7.52 GiB for an array with shape (33607, 30, 1001) and data type float64
[2025-06-30 06:46:49] [WARNING] [eeg2go] Feature 34 failed for recording 96: Feature generation failed: Unable to allocate 7.52 GiB for an array with shape (33607, 30, 1001) and data type float64
[2025-06-30 06:46:49] [WARNING] [eeg2go] Feature 35 failed for recording 96: Feature generation failed: Unable to allocate 7.52 GiB for an array with shape (33607, 30, 1001) and data type float64
[2025-06-30 06:46:49] [WARNING] [eeg2go] Feature 36 failed for recording 96: Feature generation failed: Unable to allocate 7.52 GiB for an array with shape (33607, 30, 1001) and data type float64
[2025-06-30 06:46:49] [WARNING] [eeg2go] Feature 37 failed for recording 96: Feature generation failed: Unable to allocate 7.52 GiB for an array with shape (33607, 30, 1001) and data type float64
[2025-06-30 06:46:49] [WARNING] [eeg2go] Feature 38 failed for recording 96: Feature generation failed: Unable to allocate 7.52 GiB for an array with shape (33607, 30, 1001) and data type float64
[2025-06-30 06:46:49] [WARNING] [eeg2go] Feature 39 failed for recording 96: Feature generation failed: Unable to allocate 7.52 GiB for an array with shape (33607, 30, 1001) and data type float64
[2025-06-30 06:46:49] [WARNING] [eeg2go] Feature 40 failed for recording 96: Feature generation failed: Unable to allocate 7.52 GiB for an array with shape (33607, 30, 1001) and data type float64
[2025-06-30 06:46:49] [WARNING] [eeg2go] Feature 41 failed for recording 96: Feature generation failed: Unable to allocate 7.52 GiB for an array with shape (33607, 30, 1001) and data type float64
[2025-06-30 06:46:49] [WARNING] [eeg2go] Feature 42 failed for recording 96: Feature generation failed: Unable to allocate 7.52 GiB for an array with shape (33607, 30, 1001) and data type float64
[2025-06-30 06:46:49] [WARNING] [eeg2go] Feature 43 failed for recording 96: Feature generation failed: Unable to allocate 7.52 GiB for an array with shape (33607, 30, 1001) and data type float64
[2025-06-30 06:46:49] [WARNING] [eeg2go] Feature 44 failed for recording 96: Feature generation failed: Unable to allocate 7.52 GiB for an array with shape (33607, 30, 1001) and data type float64
[2025-06-30 06:46:49] [WARNING] [eeg2go] Feature 45 failed for recording 96: Feature generation failed: Unable to allocate 7.52 GiB for an array with shape (33607, 30, 1001) and data type float64
[2025-06-30 06:46:49] [WARNING] [eeg2go] Feature 46 failed for recording 96: Feature generation failed: Unable to allocate 7.52 GiB for an array with shape (33607, 30, 1001) and data type float64
[2025-06-30 06:46:49] [WARNING] [eeg2go] Feature 47 failed for recording 96: Feature generation failed: Unable to allocate 7.52 GiB for an array with shape (33607, 30, 1001) and data type float64
[2025-06-30 06:46:49] [WARNING] [eeg2go] Feature 48 failed for recording 96: Feature generation failed: Unable to allocate 7.52 GiB for an array with shape (33607, 30, 1001) and data type float64
[2025-06-30 06:46:49] [WARNING] [eeg2go] Feature 49 failed for recording 96: Feature generation failed: Unable to allocate 7.52 GiB for an array with shape (33607, 30, 1001) and data type float64
[2025-06-30 06:46:49] [WARNING] [eeg2go] Feature 50 failed for recording 96: Feature generation failed: Unable to allocate 7.52 GiB for an array with shape (33607, 30, 1001) and data type float64
[2025-06-30 06:46:49] [WARNING] [eeg2go] Recording 96 had no successful features
[2025-06-30 06:46:49] [INFO] [eeg2go] Processing recording 97/203: recording_id=97
[2025-06-30 06:46:50] [INFO] [eeg2go] [CACHE HIT] All features for feature_set_id=1, recording_id=97 are already cached
[2025-06-30 06:46:50] [INFO] [eeg2go] Recording 97: got 39 feature values
[2025-06-30 06:46:50] [INFO] [eeg2go] Processing recording 98/203: recording_id=98
[2025-06-30 06:46:51] [INFO] [eeg2go] [CACHE HIT] All features for feature_set_id=1, recording_id=98 are already cached
[2025-06-30 06:46:51] [INFO] [eeg2go] Recording 98: got 39 feature values
[2025-06-30 06:46:51] [INFO] [eeg2go] Processing recording 99/203: recording_id=99
[2025-06-30 06:46:52] [INFO] [eeg2go] [CACHE HIT] All features for feature_set_id=1, recording_id=99 are already cached
[2025-06-30 06:46:52] [INFO] [eeg2go] Recording 99: got 39 feature values
[2025-06-30 06:46:52] [INFO] [eeg2go] Processing recording 100/203: recording_id=100
[2025-06-30 06:46:54] [INFO] [eeg2go] [CACHE HIT] All features for feature_set_id=1, recording_id=100 are already cached
[2025-06-30 06:46:54] [INFO] [eeg2go] Recording 100: got 39 feature values
[2025-06-30 06:46:54] [INFO] [eeg2go] Processing recording 101/203: recording_id=101
[2025-06-30 06:46:54] [INFO] [eeg2go] [CACHE HIT] All features for feature_set_id=1, recording_id=101 are already cached
[2025-06-30 06:46:54] [INFO] [eeg2go] Recording 101: got 39 feature values
[2025-06-30 06:46:54] [INFO] [eeg2go] Processing recording 102/203: recording_id=102
[2025-06-30 06:46:54] [INFO] [eeg2go] [CACHE HIT] All features for feature_set_id=1, recording_id=102 are already cached
[2025-06-30 06:46:54] [INFO] [eeg2go] Recording 102: got 39 feature values
[2025-06-30 06:46:54] [INFO] [eeg2go] Processing recording 103/203: recording_id=103
[2025-06-30 06:46:54] [INFO] [eeg2go] [CACHE HIT] All features for feature_set_id=1, recording_id=103 are already cached
[2025-06-30 06:46:54] [INFO] [eeg2go] Recording 103: got 39 feature values
[2025-06-30 06:46:54] [INFO] [eeg2go] Processing recording 104/203: recording_id=104
[2025-06-30 06:46:55] [INFO] [eeg2go] [CACHE HIT] All features for feature_set_id=1, recording_id=104 are already cached
[2025-06-30 06:46:55] [INFO] [eeg2go] Recording 104: got 39 feature values
[2025-06-30 06:46:55] [INFO] [eeg2go] Processing recording 105/203: recording_id=105
[2025-06-30 06:46:55] [INFO] [eeg2go] [CACHE HIT] All features for feature_set_id=1, recording_id=105 are already cached
[2025-06-30 06:46:55] [INFO] [eeg2go] Recording 105: got 39 feature values
[2025-06-30 06:46:55] [INFO] [eeg2go] Processing recording 106/203: recording_id=106
[2025-06-30 06:46:55] [INFO] [eeg2go] [CACHE HIT] All features for feature_set_id=1, recording_id=106 are already cached
[2025-06-30 06:46:55] [INFO] [eeg2go] Recording 106: got 39 feature values
[2025-06-30 06:46:55] [INFO] [eeg2go] Processing recording 107/203: recording_id=107
[2025-06-30 06:46:55] [INFO] [eeg2go] [CACHE HIT] All features for feature_set_id=1, recording_id=107 are already cached
[2025-06-30 06:46:55] [INFO] [eeg2go] Recording 107: got 39 feature values
[2025-06-30 06:46:55] [INFO] [eeg2go] Processing recording 108/203: recording_id=108
[2025-06-30 06:46:56] [INFO] [eeg2go] [CACHE HIT] All features for feature_set_id=1, recording_id=108 are already cached
[2025-06-30 06:46:56] [INFO] [eeg2go] Recording 108: got 39 feature values
[2025-06-30 06:46:56] [INFO] [eeg2go] Processing recording 109/203: recording_id=109
[2025-06-30 06:46:57] [INFO] [eeg2go] [CACHE HIT] All features for feature_set_id=1, recording_id=109 are already cached
[2025-06-30 06:46:57] [INFO] [eeg2go] Recording 109: got 39 feature values
[2025-06-30 06:46:57] [INFO] [eeg2go] Processing recording 110/203: recording_id=110
[2025-06-30 06:46:58] [INFO] [eeg2go] [CACHE HIT] All features for feature_set_id=1, recording_id=110 are already cached
[2025-06-30 06:46:58] [INFO] [eeg2go] Recording 110: got 39 feature values
[2025-06-30 06:46:58] [INFO] [eeg2go] Processing recording 111/203: recording_id=111
[2025-06-30 06:46:58] [INFO] [eeg2go] [CACHE HIT] All features for feature_set_id=1, recording_id=111 are already cached
[2025-06-30 06:46:58] [INFO] [eeg2go] Recording 111: got 39 feature values
[2025-06-30 06:46:58] [INFO] [eeg2go] Processing recording 112/203: recording_id=112
[2025-06-30 06:46:58] [INFO] [eeg2go] [CACHE HIT] All features for feature_set_id=1, recording_id=112 are already cached
[2025-06-30 06:46:58] [INFO] [eeg2go] Recording 112: got 39 feature values
[2025-06-30 06:46:58] [INFO] [eeg2go] Processing recording 113/203: recording_id=113
[2025-06-30 06:46:58] [INFO] [eeg2go] [CACHE HIT] All features for feature_set_id=1, recording_id=113 are already cached
[2025-06-30 06:46:58] [INFO] [eeg2go] Recording 113: got 39 feature values
[2025-06-30 06:46:59] [INFO] [eeg2go] Processing recording 114/203: recording_id=114
[2025-06-30 06:46:59] [INFO] [eeg2go] [CACHE HIT] All features for feature_set_id=1, recording_id=114 are already cached
[2025-06-30 06:46:59] [INFO] [eeg2go] Recording 114: got 39 feature values
[2025-06-30 06:46:59] [INFO] [eeg2go] Processing recording 115/203: recording_id=115
[2025-06-30 06:47:00] [INFO] [eeg2go] [CACHE HIT] All features for feature_set_id=1, recording_id=115 are already cached
[2025-06-30 06:47:00] [INFO] [eeg2go] Recording 115: got 39 feature values
[2025-06-30 06:47:00] [INFO] [eeg2go] Processing recording 116/203: recording_id=116
[2025-06-30 06:47:00] [INFO] [eeg2go] [CACHE HIT] All features for feature_set_id=1, recording_id=116 are already cached
[2025-06-30 06:47:00] [INFO] [eeg2go] Recording 116: got 39 feature values
[2025-06-30 06:47:01] [INFO] [eeg2go] Processing recording 117/203: recording_id=117
[2025-06-30 06:47:01] [INFO] [eeg2go] [CACHE HIT] All features for feature_set_id=1, recording_id=117 are already cached
[2025-06-30 06:47:01] [INFO] [eeg2go] Recording 117: got 39 feature values
[2025-06-30 06:47:01] [INFO] [eeg2go] Processing recording 118/203: recording_id=118
[2025-06-30 06:47:01] [INFO] [eeg2go] [CACHE HIT] All features for feature_set_id=1, recording_id=118 are already cached
[2025-06-30 06:47:01] [INFO] [eeg2go] Recording 118: got 39 feature values
[2025-06-30 06:47:01] [INFO] [eeg2go] Processing recording 119/203: recording_id=119
[2025-06-30 06:47:01] [INFO] [eeg2go] [CACHE HIT] All features for feature_set_id=1, recording_id=119 are already cached
[2025-06-30 06:47:01] [INFO] [eeg2go] Recording 119: got 39 feature values
[2025-06-30 06:47:01] [INFO] [eeg2go] Processing recording 120/203: recording_id=120
[2025-06-30 06:47:02] [INFO] [eeg2go] [CACHE HIT] All features for feature_set_id=1, recording_id=120 are already cached
[2025-06-30 06:47:02] [INFO] [eeg2go] Recording 120: got 39 feature values
[2025-06-30 06:47:02] [INFO] [eeg2go] Processing recording 121/203: recording_id=121
[2025-06-30 06:47:02] [INFO] [eeg2go] [CACHE HIT] All features for feature_set_id=1, recording_id=121 are already cached
[2025-06-30 06:47:02] [INFO] [eeg2go] Recording 121: got 39 feature values
[2025-06-30 06:47:02] [INFO] [eeg2go] Processing recording 122/203: recording_id=122
[2025-06-30 06:47:02] [INFO] [eeg2go] [CACHE HIT] All features for feature_set_id=1, recording_id=122 are already cached
[2025-06-30 06:47:02] [INFO] [eeg2go] Recording 122: got 39 feature values
[2025-06-30 06:47:02] [INFO] [eeg2go] Processing recording 123/203: recording_id=123
[2025-06-30 06:47:02] [WARNING] [eeg2go] [SKIP] fxdef_id=12 recording_id=123 - previously failed: Feature generation failed: Unable to allocate 7.63 GiB for an array with shape (7993, 50, 2561) and data type float64
[2025-06-30 06:47:02] [WARNING] [eeg2go] [SKIP] fxdef_id=13 recording_id=123 - previously failed: Feature generation failed: Unable to allocate 7.63 GiB for an array with shape (7993, 50, 2561) and data type float64
[2025-06-30 06:47:02] [WARNING] [eeg2go] [SKIP] fxdef_id=14 recording_id=123 - previously failed: Feature generation failed: Unable to allocate 7.63 GiB for an array with shape (7993, 50, 2561) and data type float64
[2025-06-30 06:47:02] [WARNING] [eeg2go] [SKIP] fxdef_id=15 recording_id=123 - previously failed: Feature generation failed: Unable to allocate 7.63 GiB for an array with shape (7993, 50, 2561) and data type float64
[2025-06-30 06:47:02] [WARNING] [eeg2go] [SKIP] fxdef_id=16 recording_id=123 - previously failed: Feature generation failed: Unable to allocate 7.63 GiB for an array with shape (7993, 50, 2561) and data type float64
[2025-06-30 06:47:02] [WARNING] [eeg2go] [SKIP] fxdef_id=17 recording_id=123 - previously failed: Feature generation failed: Unable to allocate 7.63 GiB for an array with shape (7993, 50, 2561) and data type float64
[2025-06-30 06:47:02] [WARNING] [eeg2go] [SKIP] fxdef_id=18 recording_id=123 - previously failed: Feature generation failed: Unable to allocate 7.63 GiB for an array with shape (7993, 50, 2561) and data type float64
[2025-06-30 06:47:02] [WARNING] [eeg2go] [SKIP] fxdef_id=19 recording_id=123 - previously failed: Feature generation failed: Unable to allocate 7.63 GiB for an array with shape (7993, 50, 2561) and data type float64
[2025-06-30 06:47:02] [WARNING] [eeg2go] [SKIP] fxdef_id=20 recording_id=123 - previously failed: Feature generation failed: Unable to allocate 7.63 GiB for an array with shape (7993, 50, 2561) and data type float64
[2025-06-30 06:47:02] [WARNING] [eeg2go] [SKIP] fxdef_id=21 recording_id=123 - previously failed: Feature generation failed: Unable to allocate 7.63 GiB for an array with shape (7993, 50, 2561) and data type float64
[2025-06-30 06:47:02] [WARNING] [eeg2go] [SKIP] fxdef_id=22 recording_id=123 - previously failed: Feature generation failed: Unable to allocate 7.63 GiB for an array with shape (7993, 50, 2561) and data type float64
[2025-06-30 06:47:02] [WARNING] [eeg2go] [SKIP] fxdef_id=23 recording_id=123 - previously failed: Feature generation failed: Unable to allocate 7.63 GiB for an array with shape (7993, 50, 2561) and data type float64
[2025-06-30 06:47:02] [WARNING] [eeg2go] [SKIP] fxdef_id=24 recording_id=123 - previously failed: Feature generation failed: Unable to allocate 7.63 GiB for an array with shape (7993, 50, 2561) and data type float64
[2025-06-30 06:47:02] [WARNING] [eeg2go] [SKIP] fxdef_id=25 recording_id=123 - previously failed: Feature generation failed: Unable to allocate 7.63 GiB for an array with shape (7993, 50, 2561) and data type float64
[2025-06-30 06:47:02] [WARNING] [eeg2go] [SKIP] fxdef_id=26 recording_id=123 - previously failed: Feature generation failed: Unable to allocate 7.63 GiB for an array with shape (7993, 50, 2561) and data type float64
[2025-06-30 06:47:02] [WARNING] [eeg2go] [SKIP] fxdef_id=27 recording_id=123 - previously failed: Feature generation failed: Unable to allocate 7.63 GiB for an array with shape (7993, 50, 2561) and data type float64
[2025-06-30 06:47:02] [WARNING] [eeg2go] [SKIP] fxdef_id=28 recording_id=123 - previously failed: Feature generation failed: Unable to allocate 7.63 GiB for an array with shape (7993, 50, 2561) and data type float64
[2025-06-30 06:47:02] [WARNING] [eeg2go] [SKIP] fxdef_id=29 recording_id=123 - previously failed: Feature generation failed: Unable to allocate 7.63 GiB for an array with shape (7993, 50, 2561) and data type float64
[2025-06-30 06:47:02] [WARNING] [eeg2go] [SKIP] fxdef_id=30 recording_id=123 - previously failed: Feature generation failed: Unable to allocate 7.63 GiB for an array with shape (7993, 50, 2561) and data type float64
[2025-06-30 06:47:02] [WARNING] [eeg2go] [SKIP] fxdef_id=31 recording_id=123 - previously failed: Feature generation failed: Unable to allocate 7.63 GiB for an array with shape (7993, 50, 2561) and data type float64
[2025-06-30 06:47:02] [WARNING] [eeg2go] [SKIP] fxdef_id=32 recording_id=123 - previously failed: Feature generation failed: Unable to allocate 7.63 GiB for an array with shape (7993, 50, 2561) and data type float64
[2025-06-30 06:47:02] [WARNING] [eeg2go] [SKIP] fxdef_id=33 recording_id=123 - previously failed: Feature generation failed: Unable to allocate 7.63 GiB for an array with shape (7993, 50, 2561) and data type float64
[2025-06-30 06:47:02] [WARNING] [eeg2go] [SKIP] fxdef_id=34 recording_id=123 - previously failed: Feature generation failed: Unable to allocate 7.63 GiB for an array with shape (7993, 50, 2561) and data type float64
[2025-06-30 06:47:02] [WARNING] [eeg2go] [SKIP] fxdef_id=35 recording_id=123 - previously failed: Feature generation failed: Unable to allocate 7.63 GiB for an array with shape (7993, 50, 2561) and data type float64
[2025-06-30 06:47:03] [WARNING] [eeg2go] [SKIP] fxdef_id=36 recording_id=123 - previously failed: Feature generation failed: Unable to allocate 7.63 GiB for an array with shape (7993, 50, 2561) and data type float64
[2025-06-30 06:47:03] [WARNING] [eeg2go] [SKIP] fxdef_id=37 recording_id=123 - previously failed: Feature generation failed: Unable to allocate 7.63 GiB for an array with shape (7993, 50, 2561) and data type float64
[2025-06-30 06:47:03] [WARNING] [eeg2go] [SKIP] fxdef_id=38 recording_id=123 - previously failed: Feature generation failed: Unable to allocate 7.63 GiB for an array with shape (7993, 50, 2561) and data type float64
[2025-06-30 06:47:03] [WARNING] [eeg2go] [SKIP] fxdef_id=39 recording_id=123 - previously failed: Feature generation failed: Unable to allocate 7.63 GiB for an array with shape (7993, 50, 2561) and data type float64
[2025-06-30 06:47:03] [WARNING] [eeg2go] [SKIP] fxdef_id=40 recording_id=123 - previously failed: Feature generation failed: Unable to allocate 7.63 GiB for an array with shape (7993, 50, 2561) and data type float64
[2025-06-30 06:47:03] [WARNING] [eeg2go] [SKIP] fxdef_id=41 recording_id=123 - previously failed: Feature generation failed: Unable to allocate 7.63 GiB for an array with shape (7993, 50, 2561) and data type float64
[2025-06-30 06:47:03] [WARNING] [eeg2go] [SKIP] fxdef_id=42 recording_id=123 - previously failed: Feature generation failed: Unable to allocate 7.63 GiB for an array with shape (7993, 50, 2561) and data type float64
[2025-06-30 06:47:03] [WARNING] [eeg2go] [SKIP] fxdef_id=43 recording_id=123 - previously failed: Feature generation failed: Unable to allocate 7.63 GiB for an array with shape (7993, 50, 2561) and data type float64
[2025-06-30 06:47:03] [WARNING] [eeg2go] [SKIP] fxdef_id=44 recording_id=123 - previously failed: Feature generation failed: Unable to allocate 7.63 GiB for an array with shape (7993, 50, 2561) and data type float64
[2025-06-30 06:47:03] [WARNING] [eeg2go] [SKIP] fxdef_id=45 recording_id=123 - previously failed: Feature generation failed: Unable to allocate 7.63 GiB for an array with shape (7993, 50, 2561) and data type float64
[2025-06-30 06:47:03] [WARNING] [eeg2go] [SKIP] fxdef_id=46 recording_id=123 - previously failed: Feature generation failed: Unable to allocate 7.63 GiB for an array with shape (7993, 50, 2561) and data type float64
[2025-06-30 06:47:03] [WARNING] [eeg2go] [SKIP] fxdef_id=47 recording_id=123 - previously failed: Feature generation failed: Unable to allocate 7.63 GiB for an array with shape (7993, 50, 2561) and data type float64
[2025-06-30 06:47:03] [WARNING] [eeg2go] [SKIP] fxdef_id=48 recording_id=123 - previously failed: Feature generation failed: Unable to allocate 7.63 GiB for an array with shape (7993, 50, 2561) and data type float64
[2025-06-30 06:47:03] [WARNING] [eeg2go] [SKIP] fxdef_id=49 recording_id=123 - previously failed: Feature generation failed: Unable to allocate 7.63 GiB for an array with shape (7993, 50, 2561) and data type float64
[2025-06-30 06:47:03] [WARNING] [eeg2go] [SKIP] fxdef_id=50 recording_id=123 - previously failed: Feature generation failed: Unable to allocate 7.63 GiB for an array with shape (7993, 50, 2561) and data type float64
[2025-06-30 06:47:03] [INFO] [eeg2go] [CACHE HIT] All features for feature_set_id=1, recording_id=123 are already cached
[2025-06-30 06:47:03] [INFO] [eeg2go] Recording 123: got 39 feature values
[2025-06-30 06:47:03] [WARNING] [eeg2go] Feature 12 failed for recording 123: Feature generation failed: Unable to allocate 7.63 GiB for an array with shape (7993, 50, 2561) and data type float64
[2025-06-30 06:47:03] [WARNING] [eeg2go] Feature 13 failed for recording 123: Feature generation failed: Unable to allocate 7.63 GiB for an array with shape (7993, 50, 2561) and data type float64
[2025-06-30 06:47:03] [WARNING] [eeg2go] Feature 14 failed for recording 123: Feature generation failed: Unable to allocate 7.63 GiB for an array with shape (7993, 50, 2561) and data type float64
[2025-06-30 06:47:03] [WARNING] [eeg2go] Feature 15 failed for recording 123: Feature generation failed: Unable to allocate 7.63 GiB for an array with shape (7993, 50, 2561) and data type float64
[2025-06-30 06:47:03] [WARNING] [eeg2go] Feature 16 failed for recording 123: Feature generation failed: Unable to allocate 7.63 GiB for an array with shape (7993, 50, 2561) and data type float64
[2025-06-30 06:47:03] [WARNING] [eeg2go] Feature 17 failed for recording 123: Feature generation failed: Unable to allocate 7.63 GiB for an array with shape (7993, 50, 2561) and data type float64
[2025-06-30 06:47:03] [WARNING] [eeg2go] Feature 18 failed for recording 123: Feature generation failed: Unable to allocate 7.63 GiB for an array with shape (7993, 50, 2561) and data type float64
[2025-06-30 06:47:03] [WARNING] [eeg2go] Feature 19 failed for recording 123: Feature generation failed: Unable to allocate 7.63 GiB for an array with shape (7993, 50, 2561) and data type float64
[2025-06-30 06:47:03] [WARNING] [eeg2go] Feature 20 failed for recording 123: Feature generation failed: Unable to allocate 7.63 GiB for an array with shape (7993, 50, 2561) and data type float64
[2025-06-30 06:47:03] [WARNING] [eeg2go] Feature 21 failed for recording 123: Feature generation failed: Unable to allocate 7.63 GiB for an array with shape (7993, 50, 2561) and data type float64
[2025-06-30 06:47:03] [WARNING] [eeg2go] Feature 22 failed for recording 123: Feature generation failed: Unable to allocate 7.63 GiB for an array with shape (7993, 50, 2561) and data type float64
[2025-06-30 06:47:03] [WARNING] [eeg2go] Feature 23 failed for recording 123: Feature generation failed: Unable to allocate 7.63 GiB for an array with shape (7993, 50, 2561) and data type float64
[2025-06-30 06:47:03] [WARNING] [eeg2go] Feature 24 failed for recording 123: Feature generation failed: Unable to allocate 7.63 GiB for an array with shape (7993, 50, 2561) and data type float64
[2025-06-30 06:47:03] [WARNING] [eeg2go] Feature 25 failed for recording 123: Feature generation failed: Unable to allocate 7.63 GiB for an array with shape (7993, 50, 2561) and data type float64
[2025-06-30 06:47:03] [WARNING] [eeg2go] Feature 26 failed for recording 123: Feature generation failed: Unable to allocate 7.63 GiB for an array with shape (7993, 50, 2561) and data type float64
[2025-06-30 06:47:03] [WARNING] [eeg2go] Feature 27 failed for recording 123: Feature generation failed: Unable to allocate 7.63 GiB for an array with shape (7993, 50, 2561) and data type float64
[2025-06-30 06:47:03] [WARNING] [eeg2go] Feature 28 failed for recording 123: Feature generation failed: Unable to allocate 7.63 GiB for an array with shape (7993, 50, 2561) and data type float64
[2025-06-30 06:47:03] [WARNING] [eeg2go] Feature 29 failed for recording 123: Feature generation failed: Unable to allocate 7.63 GiB for an array with shape (7993, 50, 2561) and data type float64
[2025-06-30 06:47:03] [WARNING] [eeg2go] Feature 30 failed for recording 123: Feature generation failed: Unable to allocate 7.63 GiB for an array with shape (7993, 50, 2561) and data type float64
[2025-06-30 06:47:03] [WARNING] [eeg2go] Feature 31 failed for recording 123: Feature generation failed: Unable to allocate 7.63 GiB for an array with shape (7993, 50, 2561) and data type float64
[2025-06-30 06:47:03] [WARNING] [eeg2go] Feature 32 failed for recording 123: Feature generation failed: Unable to allocate 7.63 GiB for an array with shape (7993, 50, 2561) and data type float64
[2025-06-30 06:47:03] [WARNING] [eeg2go] Feature 33 failed for recording 123: Feature generation failed: Unable to allocate 7.63 GiB for an array with shape (7993, 50, 2561) and data type float64
[2025-06-30 06:47:03] [WARNING] [eeg2go] Feature 34 failed for recording 123: Feature generation failed: Unable to allocate 7.63 GiB for an array with shape (7993, 50, 2561) and data type float64
[2025-06-30 06:47:03] [WARNING] [eeg2go] Feature 35 failed for recording 123: Feature generation failed: Unable to allocate 7.63 GiB for an array with shape (7993, 50, 2561) and data type float64
[2025-06-30 06:47:03] [WARNING] [eeg2go] Feature 36 failed for recording 123: Feature generation failed: Unable to allocate 7.63 GiB for an array with shape (7993, 50, 2561) and data type float64
[2025-06-30 06:47:03] [WARNING] [eeg2go] Feature 37 failed for recording 123: Feature generation failed: Unable to allocate 7.63 GiB for an array with shape (7993, 50, 2561) and data type float64
[2025-06-30 06:47:03] [WARNING] [eeg2go] Feature 38 failed for recording 123: Feature generation failed: Unable to allocate 7.63 GiB for an array with shape (7993, 50, 2561) and data type float64
[2025-06-30 06:47:03] [WARNING] [eeg2go] Feature 39 failed for recording 123: Feature generation failed: Unable to allocate 7.63 GiB for an array with shape (7993, 50, 2561) and data type float64
[2025-06-30 06:47:03] [WARNING] [eeg2go] Feature 40 failed for recording 123: Feature generation failed: Unable to allocate 7.63 GiB for an array with shape (7993, 50, 2561) and data type float64
[2025-06-30 06:47:03] [WARNING] [eeg2go] Feature 41 failed for recording 123: Feature generation failed: Unable to allocate 7.63 GiB for an array with shape (7993, 50, 2561) and data type float64
[2025-06-30 06:47:03] [WARNING] [eeg2go] Feature 42 failed for recording 123: Feature generation failed: Unable to allocate 7.63 GiB for an array with shape (7993, 50, 2561) and data type float64
[2025-06-30 06:47:03] [WARNING] [eeg2go] Feature 43 failed for recording 123: Feature generation failed: Unable to allocate 7.63 GiB for an array with shape (7993, 50, 2561) and data type float64
[2025-06-30 06:47:03] [WARNING] [eeg2go] Feature 44 failed for recording 123: Feature generation failed: Unable to allocate 7.63 GiB for an array with shape (7993, 50, 2561) and data type float64
[2025-06-30 06:47:03] [WARNING] [eeg2go] Feature 45 failed for recording 123: Feature generation failed: Unable to allocate 7.63 GiB for an array with shape (7993, 50, 2561) and data type float64
[2025-06-30 06:47:03] [WARNING] [eeg2go] Feature 46 failed for recording 123: Feature generation failed: Unable to allocate 7.63 GiB for an array with shape (7993, 50, 2561) and data type float64
[2025-06-30 06:47:03] [WARNING] [eeg2go] Feature 47 failed for recording 123: Feature generation failed: Unable to allocate 7.63 GiB for an array with shape (7993, 50, 2561) and data type float64
[2025-06-30 06:47:03] [WARNING] [eeg2go] Feature 48 failed for recording 123: Feature generation failed: Unable to allocate 7.63 GiB for an array with shape (7993, 50, 2561) and data type float64
[2025-06-30 06:47:03] [WARNING] [eeg2go] Feature 49 failed for recording 123: Feature generation failed: Unable to allocate 7.63 GiB for an array with shape (7993, 50, 2561) and data type float64
[2025-06-30 06:47:03] [WARNING] [eeg2go] Feature 50 failed for recording 123: Feature generation failed: Unable to allocate 7.63 GiB for an array with shape (7993, 50, 2561) and data type float64
[2025-06-30 06:47:03] [WARNING] [eeg2go] Recording 123 had no successful features
[2025-06-30 06:47:03] [INFO] [eeg2go] Processing recording 124/203: recording_id=124
[2025-06-30 06:47:03] [INFO] [eeg2go] [CACHE HIT] All features for feature_set_id=1, recording_id=124 are already cached
[2025-06-30 06:47:03] [INFO] [eeg2go] Recording 124: got 39 feature values
[2025-06-30 06:47:03] [INFO] [eeg2go] Processing recording 125/203: recording_id=125
[2025-06-30 06:47:03] [INFO] [eeg2go] [CACHE HIT] All features for feature_set_id=1, recording_id=125 are already cached
[2025-06-30 06:47:03] [INFO] [eeg2go] Recording 125: got 39 feature values
[2025-06-30 06:47:03] [INFO] [eeg2go] Processing recording 126/203: recording_id=126
[2025-06-30 06:47:04] [INFO] [eeg2go] [CACHE HIT] All features for feature_set_id=1, recording_id=126 are already cached
[2025-06-30 06:47:04] [INFO] [eeg2go] Recording 126: got 39 feature values
[2025-06-30 06:47:04] [INFO] [eeg2go] Processing recording 127/203: recording_id=127
[2025-06-30 06:47:04] [INFO] [eeg2go] [CACHE HIT] All features for feature_set_id=1, recording_id=127 are already cached
[2025-06-30 06:47:04] [INFO] [eeg2go] Recording 127: got 39 feature values
[2025-06-30 06:47:04] [INFO] [eeg2go] Processing recording 128/203: recording_id=128
[2025-06-30 06:47:04] [INFO] [eeg2go] [CACHE HIT] All features for feature_set_id=1, recording_id=128 are already cached
[2025-06-30 06:47:04] [INFO] [eeg2go] Recording 128: got 39 feature values
[2025-06-30 06:47:04] [INFO] [eeg2go] Processing recording 129/203: recording_id=129
[2025-06-30 06:47:05] [INFO] [eeg2go] [CACHE HIT] All features for feature_set_id=1, recording_id=129 are already cached
[2025-06-30 06:47:05] [INFO] [eeg2go] Recording 129: got 39 feature values
[2025-06-30 06:47:05] [INFO] [eeg2go] Processing recording 130/203: recording_id=130
[2025-06-30 06:47:05] [INFO] [eeg2go] [CACHE HIT] All features for feature_set_id=1, recording_id=130 are already cached
[2025-06-30 06:47:05] [INFO] [eeg2go] Recording 130: got 39 feature values
[2025-06-30 06:47:05] [INFO] [eeg2go] Processing recording 131/203: recording_id=131
[2025-06-30 06:47:05] [INFO] [eeg2go] [CACHE HIT] All features for feature_set_id=1, recording_id=131 are already cached
[2025-06-30 06:47:05] [INFO] [eeg2go] Recording 131: got 39 feature values
[2025-06-30 06:47:05] [INFO] [eeg2go] Processing recording 132/203: recording_id=132
[2025-06-30 06:47:06] [INFO] [eeg2go] [CACHE HIT] All features for feature_set_id=1, recording_id=132 are already cached
[2025-06-30 06:47:06] [INFO] [eeg2go] Recording 132: got 39 feature values
[2025-06-30 06:47:06] [INFO] [eeg2go] Processing recording 133/203: recording_id=133
[2025-06-30 06:47:06] [INFO] [eeg2go] [CACHE HIT] All features for feature_set_id=1, recording_id=133 are already cached
[2025-06-30 06:47:06] [INFO] [eeg2go] Recording 133: got 39 feature values
[2025-06-30 06:47:06] [INFO] [eeg2go] Processing recording 134/203: recording_id=134
[2025-06-30 06:47:07] [INFO] [eeg2go] [CACHE HIT] All features for feature_set_id=1, recording_id=134 are already cached
[2025-06-30 06:47:07] [INFO] [eeg2go] Recording 134: got 39 feature values
[2025-06-30 06:47:07] [INFO] [eeg2go] Processing recording 135/203: recording_id=135
[2025-06-30 06:47:07] [INFO] [eeg2go] [CACHE HIT] All features for feature_set_id=1, recording_id=135 are already cached
[2025-06-30 06:47:07] [INFO] [eeg2go] Recording 135: got 39 feature values
[2025-06-30 06:47:07] [INFO] [eeg2go] Processing recording 136/203: recording_id=136
[2025-06-30 06:47:07] [INFO] [eeg2go] [CACHE HIT] All features for feature_set_id=1, recording_id=136 are already cached
[2025-06-30 06:47:07] [INFO] [eeg2go] Recording 136: got 39 feature values
[2025-06-30 06:47:07] [INFO] [eeg2go] Processing recording 137/203: recording_id=137
[2025-06-30 06:47:08] [INFO] [eeg2go] [CACHE HIT] All features for feature_set_id=1, recording_id=137 are already cached
[2025-06-30 06:47:08] [INFO] [eeg2go] Recording 137: got 39 feature values
[2025-06-30 06:47:08] [INFO] [eeg2go] Processing recording 138/203: recording_id=138
[2025-06-30 06:47:08] [INFO] [eeg2go] [CACHE HIT] All features for feature_set_id=1, recording_id=138 are already cached
[2025-06-30 06:47:08] [INFO] [eeg2go] Recording 138: got 39 feature values
[2025-06-30 06:47:09] [INFO] [eeg2go] Processing recording 139/203: recording_id=139
[2025-06-30 06:47:09] [INFO] [eeg2go] [CACHE HIT] All features for feature_set_id=1, recording_id=139 are already cached
[2025-06-30 06:47:10] [INFO] [eeg2go] Recording 139: got 39 feature values
[2025-06-30 06:47:10] [INFO] [eeg2go] Processing recording 140/203: recording_id=140
[2025-06-30 06:47:10] [INFO] [eeg2go] [CACHE HIT] All features for feature_set_id=1, recording_id=140 are already cached
[2025-06-30 06:47:10] [INFO] [eeg2go] Recording 140: got 39 feature values
[2025-06-30 06:47:10] [INFO] [eeg2go] Processing recording 141/203: recording_id=141
[2025-06-30 06:47:11] [INFO] [eeg2go] [CACHE HIT] All features for feature_set_id=1, recording_id=141 are already cached
[2025-06-30 06:47:11] [INFO] [eeg2go] Recording 141: got 39 feature values
[2025-06-30 06:47:11] [INFO] [eeg2go] Processing recording 142/203: recording_id=142
[2025-06-30 06:47:11] [INFO] [eeg2go] [CACHE HIT] All features for feature_set_id=1, recording_id=142 are already cached
[2025-06-30 06:47:12] [INFO] [eeg2go] Recording 142: got 39 feature values
[2025-06-30 06:47:12] [INFO] [eeg2go] Processing recording 143/203: recording_id=143
[2025-06-30 06:47:12] [INFO] [eeg2go] [CACHE HIT] All features for feature_set_id=1, recording_id=143 are already cached
[2025-06-30 06:47:12] [INFO] [eeg2go] Recording 143: got 39 feature values
[2025-06-30 06:47:12] [INFO] [eeg2go] Processing recording 144/203: recording_id=144
[2025-06-30 06:47:12] [INFO] [eeg2go] [CACHE HIT] All features for feature_set_id=1, recording_id=144 are already cached
[2025-06-30 06:47:12] [INFO] [eeg2go] Recording 144: got 39 feature values
[2025-06-30 06:47:12] [INFO] [eeg2go] Processing recording 145/203: recording_id=145
[2025-06-30 06:47:12] [INFO] [eeg2go] [CACHE HIT] All features for feature_set_id=1, recording_id=145 are already cached
[2025-06-30 06:47:12] [INFO] [eeg2go] Recording 145: got 39 feature values
[2025-06-30 06:47:12] [INFO] [eeg2go] Processing recording 146/203: recording_id=146
[2025-06-30 06:47:13] [INFO] [eeg2go] [CACHE HIT] All features for feature_set_id=1, recording_id=146 are already cached
[2025-06-30 06:47:13] [INFO] [eeg2go] Recording 146: got 39 feature values
[2025-06-30 06:47:13] [INFO] [eeg2go] Processing recording 147/203: recording_id=147
[2025-06-30 06:47:14] [INFO] [eeg2go] [CACHE HIT] All features for feature_set_id=1, recording_id=147 are already cached
[2025-06-30 06:47:14] [INFO] [eeg2go] Recording 147: got 39 feature values
[2025-06-30 06:47:14] [INFO] [eeg2go] Processing recording 148/203: recording_id=148
[2025-06-30 06:47:15] [INFO] [eeg2go] [CACHE HIT] All features for feature_set_id=1, recording_id=148 are already cached
[2025-06-30 06:47:15] [INFO] [eeg2go] Recording 148: got 39 feature values
[2025-06-30 06:47:15] [INFO] [eeg2go] Processing recording 149/203: recording_id=149
[2025-06-30 06:47:17] [INFO] [eeg2go] [CACHE HIT] All features for feature_set_id=1, recording_id=149 are already cached
[2025-06-30 06:47:17] [INFO] [eeg2go] Recording 149: got 39 feature values
[2025-06-30 06:47:17] [INFO] [eeg2go] Processing recording 150/203: recording_id=150
[2025-06-30 06:47:18] [INFO] [eeg2go] [CACHE HIT] All features for feature_set_id=1, recording_id=150 are already cached
[2025-06-30 06:47:18] [INFO] [eeg2go] Recording 150: got 39 feature values
[2025-06-30 06:47:18] [INFO] [eeg2go] Processing recording 151/203: recording_id=151
[2025-06-30 06:47:18] [INFO] [eeg2go] [CACHE HIT] All features for feature_set_id=1, recording_id=151 are already cached
[2025-06-30 06:47:18] [INFO] [eeg2go] Recording 151: got 39 feature values
[2025-06-30 06:47:18] [INFO] [eeg2go] Processing recording 152/203: recording_id=152
[2025-06-30 06:47:18] [INFO] [eeg2go] [CACHE HIT] All features for feature_set_id=1, recording_id=152 are already cached
[2025-06-30 06:47:18] [INFO] [eeg2go] Recording 152: got 39 feature values
[2025-06-30 06:47:18] [INFO] [eeg2go] Processing recording 153/203: recording_id=153
[2025-06-30 06:47:18] [INFO] [eeg2go] [CACHE HIT] All features for feature_set_id=1, recording_id=153 are already cached
[2025-06-30 06:47:18] [INFO] [eeg2go] Recording 153: got 39 feature values
[2025-06-30 06:47:18] [INFO] [eeg2go] Processing recording 154/203: recording_id=154
[2025-06-30 06:47:18] [INFO] [eeg2go] [CACHE HIT] All features for feature_set_id=1, recording_id=154 are already cached
[2025-06-30 06:47:18] [INFO] [eeg2go] Recording 154: got 39 feature values
[2025-06-30 06:47:18] [INFO] [eeg2go] Processing recording 155/203: recording_id=155
[2025-06-30 06:47:18] [INFO] [eeg2go] [CACHE HIT] All features for feature_set_id=1, recording_id=155 are already cached
[2025-06-30 06:47:18] [INFO] [eeg2go] Recording 155: got 39 feature values
[2025-06-30 06:47:18] [INFO] [eeg2go] Processing recording 156/203: recording_id=156
[2025-06-30 06:47:18] [INFO] [eeg2go] [CACHE HIT] All features for feature_set_id=1, recording_id=156 are already cached
[2025-06-30 06:47:18] [INFO] [eeg2go] Recording 156: got 39 feature values
[2025-06-30 06:47:18] [INFO] [eeg2go] Processing recording 157/203: recording_id=157
[2025-06-30 06:47:19] [INFO] [eeg2go] [CACHE HIT] All features for feature_set_id=1, recording_id=157 are already cached
[2025-06-30 06:47:19] [INFO] [eeg2go] Recording 157: got 39 feature values
[2025-06-30 06:47:19] [INFO] [eeg2go] Processing recording 158/203: recording_id=158
[2025-06-30 06:47:19] [INFO] [eeg2go] [CACHE HIT] All features for feature_set_id=1, recording_id=158 are already cached
[2025-06-30 06:47:19] [INFO] [eeg2go] Recording 158: got 39 feature values
[2025-06-30 06:47:19] [INFO] [eeg2go] Processing recording 159/203: recording_id=159
[2025-06-30 06:47:20] [INFO] [eeg2go] [CACHE HIT] All features for feature_set_id=1, recording_id=159 are already cached
[2025-06-30 06:47:20] [INFO] [eeg2go] Recording 159: got 39 feature values
[2025-06-30 06:47:20] [INFO] [eeg2go] Processing recording 160/203: recording_id=160
[2025-06-30 06:47:22] [INFO] [eeg2go] [CACHE HIT] All features for feature_set_id=1, recording_id=160 are already cached
[2025-06-30 06:47:22] [INFO] [eeg2go] Recording 160: got 39 feature values
[2025-06-30 06:47:22] [INFO] [eeg2go] Processing recording 161/203: recording_id=161
[2025-06-30 06:47:22] [INFO] [eeg2go] [CACHE HIT] All features for feature_set_id=1, recording_id=161 are already cached
[2025-06-30 06:47:23] [INFO] [eeg2go] Recording 161: got 39 feature values
[2025-06-30 06:47:23] [INFO] [eeg2go] Processing recording 162/203: recording_id=162
[2025-06-30 06:47:23] [INFO] [eeg2go] [CACHE HIT] All features for feature_set_id=1, recording_id=162 are already cached
[2025-06-30 06:47:23] [INFO] [eeg2go] Recording 162: got 39 feature values
[2025-06-30 06:47:23] [INFO] [eeg2go] Processing recording 163/203: recording_id=163
[2025-06-30 06:47:23] [INFO] [eeg2go] [CACHE HIT] All features for feature_set_id=1, recording_id=163 are already cached
[2025-06-30 06:47:23] [INFO] [eeg2go] Recording 163: got 39 feature values
[2025-06-30 06:47:23] [INFO] [eeg2go] Processing recording 164/203: recording_id=164
[2025-06-30 06:47:23] [INFO] [eeg2go] [CACHE HIT] All features for feature_set_id=1, recording_id=164 are already cached
[2025-06-30 06:47:23] [INFO] [eeg2go] Recording 164: got 39 feature values
[2025-06-30 06:47:23] [INFO] [eeg2go] Processing recording 165/203: recording_id=165
[2025-06-30 06:47:23] [INFO] [eeg2go] [CACHE HIT] All features for feature_set_id=1, recording_id=165 are already cached
[2025-06-30 06:47:23] [INFO] [eeg2go] Recording 165: got 39 feature values
[2025-06-30 06:47:23] [INFO] [eeg2go] Processing recording 166/203: recording_id=166
[2025-06-30 06:47:25] [INFO] [eeg2go] [CACHE HIT] All features for feature_set_id=1, recording_id=166 are already cached
[2025-06-30 06:47:25] [INFO] [eeg2go] Recording 166: got 39 feature values
[2025-06-30 06:47:25] [INFO] [eeg2go] Processing recording 167/203: recording_id=167
[2025-06-30 06:47:25] [INFO] [eeg2go] [CACHE HIT] All features for feature_set_id=1, recording_id=167 are already cached
[2025-06-30 06:47:25] [INFO] [eeg2go] Recording 167: got 39 feature values
[2025-06-30 06:47:25] [INFO] [eeg2go] Processing recording 168/203: recording_id=168
[2025-06-30 06:47:26] [INFO] [eeg2go] [CACHE HIT] All features for feature_set_id=1, recording_id=168 are already cached
[2025-06-30 06:47:26] [INFO] [eeg2go] Recording 168: got 39 feature values
[2025-06-30 06:47:26] [INFO] [eeg2go] Processing recording 169/203: recording_id=169
[2025-06-30 06:47:26] [INFO] [eeg2go] [CACHE HIT] All features for feature_set_id=1, recording_id=169 are already cached
[2025-06-30 06:47:26] [INFO] [eeg2go] Recording 169: got 39 feature values
[2025-06-30 06:47:26] [INFO] [eeg2go] Processing recording 170/203: recording_id=170
[2025-06-30 06:47:27] [INFO] [eeg2go] [CACHE HIT] All features for feature_set_id=1, recording_id=170 are already cached
[2025-06-30 06:47:27] [INFO] [eeg2go] Recording 170: got 39 feature values
[2025-06-30 06:47:27] [INFO] [eeg2go] Processing recording 171/203: recording_id=171
[2025-06-30 06:47:27] [INFO] [eeg2go] [CACHE HIT] All features for feature_set_id=1, recording_id=171 are already cached
[2025-06-30 06:47:27] [INFO] [eeg2go] Recording 171: got 39 feature values
[2025-06-30 06:47:28] [INFO] [eeg2go] Processing recording 172/203: recording_id=172
[2025-06-30 06:47:28] [INFO] [eeg2go] [CACHE HIT] All features for feature_set_id=1, recording_id=172 are already cached
[2025-06-30 06:47:28] [INFO] [eeg2go] Recording 172: got 39 feature values
[2025-06-30 06:47:28] [INFO] [eeg2go] Processing recording 173/203: recording_id=173
[2025-06-30 06:47:28] [INFO] [eeg2go] [CACHE HIT] All features for feature_set_id=1, recording_id=173 are already cached
[2025-06-30 06:47:28] [INFO] [eeg2go] Recording 173: got 39 feature values
[2025-06-30 06:47:28] [INFO] [eeg2go] Processing recording 174/203: recording_id=174
[2025-06-30 06:47:28] [INFO] [eeg2go] [CACHE HIT] All features for feature_set_id=1, recording_id=174 are already cached
[2025-06-30 06:47:28] [INFO] [eeg2go] Recording 174: got 39 feature values
[2025-06-30 06:47:28] [INFO] [eeg2go] Processing recording 175/203: recording_id=175
[2025-06-30 06:47:28] [INFO] [eeg2go] [CACHE HIT] All features for feature_set_id=1, recording_id=175 are already cached
[2025-06-30 06:47:28] [INFO] [eeg2go] Recording 175: got 39 feature values
[2025-06-30 06:47:28] [INFO] [eeg2go] Processing recording 176/203: recording_id=176
[2025-06-30 06:47:28] [INFO] [eeg2go] [CACHE HIT] All features for feature_set_id=1, recording_id=176 are already cached
[2025-06-30 06:47:28] [INFO] [eeg2go] Recording 176: got 39 feature values
[2025-06-30 06:47:28] [INFO] [eeg2go] Processing recording 177/203: recording_id=177
[2025-06-30 06:47:29] [INFO] [eeg2go] [CACHE HIT] All features for feature_set_id=1, recording_id=177 are already cached
[2025-06-30 06:47:29] [INFO] [eeg2go] Recording 177: got 39 feature values
[2025-06-30 06:47:29] [INFO] [eeg2go] Processing recording 178/203: recording_id=178
[2025-06-30 06:47:29] [INFO] [eeg2go] [CACHE HIT] All features for feature_set_id=1, recording_id=178 are already cached
[2025-06-30 06:47:29] [INFO] [eeg2go] Recording 178: got 39 feature values
[2025-06-30 06:47:29] [INFO] [eeg2go] Processing recording 179/203: recording_id=179
[2025-06-30 06:47:30] [INFO] [eeg2go] [CACHE HIT] All features for feature_set_id=1, recording_id=179 are already cached
[2025-06-30 06:47:30] [INFO] [eeg2go] Recording 179: got 39 feature values
[2025-06-30 06:47:31] [INFO] [eeg2go] Processing recording 180/203: recording_id=180
[2025-06-30 06:47:31] [INFO] [eeg2go] [CACHE HIT] All features for feature_set_id=1, recording_id=180 are already cached
[2025-06-30 06:47:31] [INFO] [eeg2go] Recording 180: got 39 feature values
[2025-06-30 06:47:31] [INFO] [eeg2go] Processing recording 181/203: recording_id=181
[2025-06-30 06:47:31] [INFO] [eeg2go] [CACHE HIT] All features for feature_set_id=1, recording_id=181 are already cached
[2025-06-30 06:47:31] [INFO] [eeg2go] Recording 181: got 39 feature values
[2025-06-30 06:47:31] [INFO] [eeg2go] Processing recording 182/203: recording_id=182
[2025-06-30 06:47:32] [INFO] [eeg2go] [CACHE HIT] All features for feature_set_id=1, recording_id=182 are already cached
[2025-06-30 06:47:32] [INFO] [eeg2go] Recording 182: got 39 feature values
[2025-06-30 06:47:32] [INFO] [eeg2go] Processing recording 183/203: recording_id=183
[2025-06-30 06:47:32] [INFO] [eeg2go] [CACHE HIT] All features for feature_set_id=1, recording_id=183 are already cached
[2025-06-30 06:47:32] [INFO] [eeg2go] Recording 183: got 39 feature values
[2025-06-30 06:47:32] [INFO] [eeg2go] Processing recording 184/203: recording_id=184
[2025-06-30 06:47:32] [INFO] [eeg2go] [CACHE HIT] All features for feature_set_id=1, recording_id=184 are already cached
[2025-06-30 06:47:32] [INFO] [eeg2go] Recording 184: got 39 feature values
[2025-06-30 06:47:32] [INFO] [eeg2go] Processing recording 185/203: recording_id=185
[2025-06-30 06:47:32] [INFO] [eeg2go] [CACHE HIT] All features for feature_set_id=1, recording_id=185 are already cached
[2025-06-30 06:47:32] [INFO] [eeg2go] Recording 185: got 39 feature values
[2025-06-30 06:47:32] [INFO] [eeg2go] Processing recording 186/203: recording_id=186
[2025-06-30 06:47:33] [INFO] [eeg2go] [CACHE HIT] All features for feature_set_id=1, recording_id=186 are already cached
[2025-06-30 06:47:33] [INFO] [eeg2go] Recording 186: got 39 feature values
[2025-06-30 06:47:34] [INFO] [eeg2go] Processing recording 187/203: recording_id=187
[2025-06-30 06:47:34] [INFO] [eeg2go] [CACHE HIT] All features for feature_set_id=1, recording_id=187 are already cached
[2025-06-30 06:47:34] [INFO] [eeg2go] Recording 187: got 39 feature values
[2025-06-30 06:47:34] [INFO] [eeg2go] Processing recording 188/203: recording_id=188
[2025-06-30 06:47:34] [INFO] [eeg2go] [CACHE HIT] All features for feature_set_id=1, recording_id=188 are already cached
[2025-06-30 06:47:34] [INFO] [eeg2go] Recording 188: got 39 feature values
[2025-06-30 06:47:34] [INFO] [eeg2go] Processing recording 189/203: recording_id=189
[2025-06-30 06:47:34] [INFO] [eeg2go] [CACHE HIT] All features for feature_set_id=1, recording_id=189 are already cached
[2025-06-30 06:47:34] [INFO] [eeg2go] Recording 189: got 39 feature values
[2025-06-30 06:47:34] [INFO] [eeg2go] Processing recording 190/203: recording_id=190
[2025-06-30 06:47:34] [INFO] [eeg2go] [CACHE HIT] All features for feature_set_id=1, recording_id=190 are already cached
[2025-06-30 06:47:34] [INFO] [eeg2go] Recording 190: got 39 feature values
[2025-06-30 06:47:34] [INFO] [eeg2go] Processing recording 191/203: recording_id=191
[2025-06-30 06:47:35] [INFO] [eeg2go] [CACHE HIT] All features for feature_set_id=1, recording_id=191 are already cached
[2025-06-30 06:47:35] [INFO] [eeg2go] Recording 191: got 39 feature values
[2025-06-30 06:47:35] [INFO] [eeg2go] Processing recording 192/203: recording_id=192
[2025-06-30 06:47:35] [INFO] [eeg2go] [CACHE HIT] All features for feature_set_id=1, recording_id=192 are already cached
[2025-06-30 06:47:35] [INFO] [eeg2go] Recording 192: got 39 feature values
[2025-06-30 06:47:35] [INFO] [eeg2go] Processing recording 193/203: recording_id=193
[2025-06-30 06:47:35] [INFO] [eeg2go] [CACHE HIT] All features for feature_set_id=1, recording_id=193 are already cached
[2025-06-30 06:47:35] [INFO] [eeg2go] Recording 193: got 39 feature values
[2025-06-30 06:47:35] [INFO] [eeg2go] Processing recording 194/203: recording_id=194
[2025-06-30 06:47:35] [INFO] [eeg2go] [CACHE HIT] All features for feature_set_id=1, recording_id=194 are already cached
[2025-06-30 06:47:35] [INFO] [eeg2go] Recording 194: got 39 feature values
[2025-06-30 06:47:35] [INFO] [eeg2go] Processing recording 195/203: recording_id=195
[2025-06-30 06:47:35] [INFO] [eeg2go] [CACHE HIT] All features for feature_set_id=1, recording_id=195 are already cached
[2025-06-30 06:47:35] [INFO] [eeg2go] Recording 195: got 39 feature values
[2025-06-30 06:47:36] [INFO] [eeg2go] Processing recording 196/203: recording_id=196
[2025-06-30 06:47:36] [INFO] [eeg2go] [CACHE HIT] All features for feature_set_id=1, recording_id=196 are already cached
[2025-06-30 06:47:36] [INFO] [eeg2go] Recording 196: got 39 feature values
[2025-06-30 06:47:36] [INFO] [eeg2go] Processing recording 197/203: recording_id=197
[2025-06-30 06:47:36] [WARNING] [eeg2go] [SKIP] fxdef_id=27 recording_id=197 - previously failed: Feature generation failed: Channel C3 not found in available channels: ['O1', 'P4', 'T6', 'O2']
[2025-06-30 06:47:36] [INFO] [eeg2go] [CACHE HIT] All features for feature_set_id=1, recording_id=197 are already cached
[2025-06-30 06:47:36] [INFO] [eeg2go] Recording 197: got 39 feature values
[2025-06-30 06:47:36] [WARNING] [eeg2go] Feature 27 failed for recording 197: Feature generation failed: Channel C3 not found in available channels: ['O1', 'P4', 'T6', 'O2']
[2025-06-30 06:47:36] [INFO] [eeg2go] Processing recording 198/203: recording_id=198
[2025-06-30 06:47:36] [INFO] [eeg2go] [CACHE HIT] All features for feature_set_id=1, recording_id=198 are already cached
[2025-06-30 06:47:36] [INFO] [eeg2go] Recording 198: got 39 feature values
[2025-06-30 06:47:36] [INFO] [eeg2go] Processing recording 199/203: recording_id=199
[2025-06-30 06:47:36] [INFO] [eeg2go] [CACHE HIT] All features for feature_set_id=1, recording_id=199 are already cached
[2025-06-30 06:47:36] [INFO] [eeg2go] Recording 199: got 39 feature values
[2025-06-30 06:47:36] [INFO] [eeg2go] Processing recording 200/203: recording_id=200
[2025-06-30 06:47:36] [INFO] [eeg2go] [CACHE HIT] All features for feature_set_id=1, recording_id=200 are already cached
[2025-06-30 06:47:36] [INFO] [eeg2go] Recording 200: got 39 feature values
[2025-06-30 06:47:36] [INFO] [eeg2go] Processing recording 201/203: recording_id=201
[2025-06-30 06:47:37] [INFO] [eeg2go] [CACHE HIT] All features for feature_set_id=1, recording_id=201 are already cached
[2025-06-30 06:47:37] [INFO] [eeg2go] Recording 201: got 39 feature values
[2025-06-30 06:47:38] [INFO] [eeg2go] Processing recording 202/203: recording_id=202
[2025-06-30 06:47:38] [INFO] [eeg2go] [CACHE HIT] All features for feature_set_id=1, recording_id=202 are already cached
[2025-06-30 06:47:38] [INFO] [eeg2go] Recording 202: got 39 feature values
[2025-06-30 06:47:38] [INFO] [eeg2go] Processing recording 203/203: recording_id=203
[2025-06-30 06:47:38] [INFO] [eeg2go] [CACHE HIT] All features for feature_set_id=1, recording_id=203 are already cached
[2025-06-30 06:47:38] [INFO] [eeg2go] Recording 203: got 39 feature values
[2025-06-30 06:47:38] [INFO] [eeg2go] Feature extraction completed:
[2025-06-30 06:47:38] [INFO] [eeg2go]   Successful recordings: 201
[2025-06-30 06:47:38] [INFO] [eeg2go]   Failed recordings: 2
[2025-06-30 06:47:38] [INFO] [eeg2go]   Total successful features: 7838
[2025-06-30 06:47:38] [INFO] [eeg2go]   Total failed features: 79
[2025-06-30 06:47:38] [INFO] [eeg2go] Final feature matrix shape: (201, 235)
[2025-06-30 06:47:38] [INFO] [eeg2go] Feature matrix extraction completed: (201, 235)
[2025-06-30 06:47:38] [INFO] [eeg2go] Loading metadata...
[2025-06-30 06:47:38] [INFO] [eeg2go] Loaded 203 metadata records, fields: ['recording_id', 'subject_id', 'filename', 'age', 'age_days']
[2025-06-30 06:47:38] [INFO] [eeg2go] Metadata loading completed: (203, 5)
[2025-06-30 06:47:38] [INFO] [eeg2go] Importing experiment module: feature_mill.experiments.correlation
[2025-06-30 06:47:38] [INFO] [eeg2go] Running experiment: correlation
[2025-06-30 06:47:38] [INFO] [eeg2go] Start correlation analysis experiment
[2025-06-30 06:47:38] [INFO] [eeg2go] Feature matrix shape: (201, 235)
[2025-06-30 06:47:38] [INFO] [eeg2go] Metadata shape: (203, 5)
[2025-06-30 06:47:38] [INFO] [eeg2go] Correlation analysis completed, results saved to: data/experiments/age_correlation_analysis
[2025-06-30 06:47:38] [INFO] [eeg2go] Merged data shape: (201, 239)
[2025-06-30 06:47:38] [INFO] [eeg2go] Number of recordings: 201
[2025-06-30 06:47:38] [INFO] [eeg2go] Initial data shape: (201, 238)
[2025-06-30 06:47:38] [INFO] [eeg2go] Missing value statistics:
[2025-06-30 06:47:38] [INFO] [eeg2go] - Columns with >50% missing: 0
[2025-06-30 06:47:38] [INFO] [eeg2go] - Columns with >80% missing: 0
[2025-06-30 06:47:38] [INFO] [eeg2go] - Columns with >90% missing: 0
[2025-06-30 06:47:38] [INFO] [eeg2go] Columns with >90% missing values: 0
[2025-06-30 06:47:38] [INFO] [eeg2go] Shape after removing high-missing columns: (201, 238)
[2025-06-30 06:47:38] [INFO] [eeg2go] Numeric columns: 236
[2025-06-30 06:47:38] [INFO] [eeg2go] Non-numeric columns: 2
[2025-06-30 06:47:38] [INFO] [eeg2go] Non-numeric columns removed: 2
[2025-06-30 06:47:38] [INFO] [eeg2go] Shape after removing non-numeric columns: (201, 236)
[2025-06-30 06:47:38] [INFO] [eeg2go] Target variables: ['age']
[2025-06-30 06:47:38] [INFO] [eeg2go] Feature columns: 234
[2025-06-30 06:47:38] [INFO] [eeg2go] Analyzing target variable: age
[2025-06-30 06:47:38] [INFO] [eeg2go] Number of features to analyze: 234
[2025-06-30 06:47:38] [INFO] [eeg2go] Found 234 total features analyzed
[2025-06-30 06:47:38] [INFO] [eeg2go] Found 60 features with correlation >= 0.1
[2025-06-30 06:47:38] [INFO] [eeg2go] Significant features: 60
[2025-06-30 06:47:38] [INFO] [eeg2go] Top correlations:
[2025-06-30 06:47:38] [INFO] [eeg2go]   fx26_alpha_peak_O2_median: corr=-0.2046, p=0.0037
[2025-06-30 06:47:38] [INFO] [eeg2go]   fx25_alpha_peak_O1_median: corr=-0.1987, p=0.0048
[2025-06-30 06:47:38] [INFO] [eeg2go]   fx24_alpha_peak_Pz_median: corr=-0.1955, p=0.0055
[2025-06-30 06:47:38] [INFO] [eeg2go]   fx26_alpha_peak_O2_mean: corr=-0.1929, p=0.0062
[2025-06-30 06:47:38] [INFO] [eeg2go]   fx24_alpha_peak_Pz_mean: corr=-0.1822, p=0.0098
[2025-06-30 06:47:41] [WARNING] [eeg2go] Failed to create significance pie charts: 'labels' must be of length 'x', not 0
[2025-06-30 06:47:41] [WARNING] [eeg2go] Traceback: Traceback (most recent call last):
  File "D:\eeg2go\feature_mill\experiments\correlation.py", line 488, in run
    plt.pie(actual_significance.values, labels=actual_labels, colors=actual_colors,
  File "D:\ProgramFiles\Anaconda\envs\eeg2go\lib\site-packages\matplotlib\_api\deprecation.py", line 453, in wrapper
    return func(*args, **kwargs)
  File "D:\ProgramFiles\Anaconda\envs\eeg2go\lib\site-packages\matplotlib\pyplot.py", line 3806, in pie
    return gca().pie(
  File "D:\ProgramFiles\Anaconda\envs\eeg2go\lib\site-packages\matplotlib\_api\deprecation.py", line 453, in wrapper
    return func(*args, **kwargs)
  File "D:\ProgramFiles\Anaconda\envs\eeg2go\lib\site-packages\matplotlib\__init__.py", line 1521, in inner
    return func(
  File "D:\ProgramFiles\Anaconda\envs\eeg2go\lib\site-packages\matplotlib\axes\_axes.py", line 3373, in pie
    raise ValueError(f"'labels' must be of length 'x', not {len(labels)}")
ValueError: 'labels' must be of length 'x', not 0

[2025-06-30 06:47:42] [INFO] [eeg2go] 实验记录已保存，ID: 23
[2025-06-30 06:47:42] [WARNING] [eeg2go] 保存相关性结果失败 correlation_age_all.csv: 'significant'
[2025-06-30 06:47:42] [WARNING] [eeg2go] 保存相关性结果失败 correlation_age_top.csv: 'significant'
[2025-06-30 06:47:42] [INFO] [eeg2go] Experiment completed! Results saved to: data/experiments/age_correlation_analysis
[2025-06-30 06:47:42] [INFO] [eeg2go] Total duration: 97.13 seconds
[2025-06-30 06:47:42] [INFO] [eeg2go] 
============================================================
[2025-06-30 06:47:42] [INFO] [eeg2go] 实验完成!
[2025-06-30 06:47:42] [INFO] [eeg2go] ============================================================
[2025-06-30 06:47:42] [INFO] [eeg2go] 状态: success
[2025-06-30 06:47:42] [INFO] [eeg2go] 输出目录: data/experiments/age_correlation_analysis
[2025-06-30 06:47:42] [INFO] [eeg2go] 运行时间: 97.13 秒
[2025-06-30 06:47:42] [INFO] [eeg2go] 
实验摘要:
[2025-06-30 06:47:42] [INFO] [eeg2go] Correlation Analysis Results
Method: pearson
Minimum correlation threshold: 0.1

Target Variable: age
  Total features analyzed: 234
  Significant features (|corr| >= 0.1): 60
  Top 5 correlations:
    fx26_alpha_peak_O2_median: -0.2046 (p=0.0037)
    fx25_alpha_peak_O1_median: -0.1987 (p=0.0048)
    fx24_alpha_peak_Pz_median: -0.1955 (p=0.0055)
    fx26_alpha_peak_O2_mean: -0.1929 (p=0.0062)
    fx24_alpha_peak_Pz_mean: -0.1822 (p=0.0098)

Generated Visualization Files:
  - correlation_matrix.png: Overall correlation matrix
  - scatter_age.png: Scatter plots for top features
  - correlation_bars_age.png: Top 20 correlated features bar chart
  - correlation_distribution_age.png: Correlation coefficient distribution
  - significance_pie_age.png: Significance levels pie chart
  - feature_type_analysis_age.png: Feature type analysis

[2025-06-30 06:47:42] [INFO] [eeg2go] 
生成的结果文件:
[2025-06-30 06:47:42] [INFO] [eeg2go]   correlation_age_all.csv (19610 bytes)
[2025-06-30 06:47:42] [INFO] [eeg2go]   correlation_age_summary.csv (122 bytes)
[2025-06-30 06:47:42] [INFO] [eeg2go]   correlation_age_top.csv (1758 bytes)
[2025-06-30 06:47:42] [INFO] [eeg2go]   correlation_bars_age.png (296733 bytes)
[2025-06-30 06:47:42] [INFO] [eeg2go]   correlation_distribution_age.png (101877 bytes)
[2025-06-30 06:47:42] [INFO] [eeg2go]   correlation_matrix.png (570108 bytes)
[2025-06-30 06:47:42] [INFO] [eeg2go]   feature_type_analysis_age.png (112078 bytes)
[2025-06-30 06:47:42] [INFO] [eeg2go]   parameters.json (560 bytes)
[2025-06-30 06:47:42] [INFO] [eeg2go]   scatter_age.png (687709 bytes)
[2025-06-30 06:47:42] [INFO] [eeg2go]   summary.txt (863 bytes)
