[2025-06-29 19:33:52] [INFO] [eeg2go] [load_recording] Recording 1: 85441.0s, 30 channels, 200.0 Hz
[2025-06-29 19:33:52] [INFO] [eeg2go] [load_recording] Estimated memory usage: 1955.6 MB
[2025-06-29 19:33:52] [INFO] [eeg2go] [load_recording] Large file detected, using memory mapping
[2025-06-29 19:34:02] [INFO] [eeg2go] Saved 39 feature values for recording 1 (successful: 39, failed: 0)
[2025-06-29 19:34:03] [INFO] [eeg2go] [load_recording] Recording 2: 126589.0s, 30 channels, 200.0 Hz
[2025-06-29 19:34:03] [INFO] [eeg2go] [load_recording] Estimated memory usage: 2897.4 MB
[2025-06-29 19:34:03] [INFO] [eeg2go] [load_recording] Large file detected, using memory mapping
[2025-06-29 19:34:27] [INFO] [eeg2go] Saved 39 feature values for recording 2 (successful: 39, failed: 0)
[2025-06-29 19:34:28] [INFO] [eeg2go] [load_recording] Recording 3: 66541.0s, 30 channels, 200.0 Hz
[2025-06-29 19:34:28] [INFO] [eeg2go] [load_recording] Estimated memory usage: 1523.0 MB
[2025-06-29 19:34:28] [INFO] [eeg2go] [load_recording] Large file detected, using memory mapping
[2025-06-29 19:34:36] [INFO] [eeg2go] Saved 39 feature values for recording 3 (successful: 39, failed: 0)
[2025-06-29 19:34:37] [INFO] [eeg2go] [load_recording] Recording 4: 88733.0s, 30 channels, 200.0 Hz
[2025-06-29 19:34:37] [INFO] [eeg2go] [load_recording] Estimated memory usage: 2030.9 MB
[2025-06-29 19:34:37] [INFO] [eeg2go] [load_recording] Large file detected, using memory mapping
[2025-06-29 19:34:46] [INFO] [eeg2go] Saved 39 feature values for recording 4 (successful: 39, failed: 0)
[2025-06-29 19:34:47] [INFO] [eeg2go] [load_recording] Recording 5: 70119.0s, 30 channels, 200.0 Hz
[2025-06-29 19:34:47] [INFO] [eeg2go] [load_recording] Estimated memory usage: 1604.9 MB
[2025-06-29 19:34:47] [INFO] [eeg2go] [load_recording] Large file detected, using memory mapping
[2025-06-29 19:34:55] [INFO] [eeg2go] Saved 39 feature values for recording 5 (successful: 39, failed: 0)
[2025-06-29 19:34:56] [INFO] [eeg2go] [load_recording] Recording 6: 6742.0s, 30 channels, 200.0 Hz
[2025-06-29 19:34:56] [INFO] [eeg2go] [load_recording] Estimated memory usage: 154.3 MB
[2025-06-29 19:34:56] [INFO] [eeg2go] Saved 39 feature values for recording 6 (successful: 39, failed: 0)
[2025-06-29 19:34:56] [INFO] [eeg2go] [load_recording] Recording 7: 3146.0s, 30 channels, 200.0 Hz
[2025-06-29 19:34:56] [INFO] [eeg2go] [load_recording] Estimated memory usage: 72.0 MB
[2025-06-29 19:34:57] [INFO] [eeg2go] Saved 39 feature values for recording 7 (successful: 39, failed: 0)
[2025-06-29 19:34:57] [INFO] [eeg2go] [load_recording] Recording 8: 53383.0s, 30 channels, 200.0 Hz
[2025-06-29 19:34:57] [INFO] [eeg2go] [load_recording] Estimated memory usage: 1221.8 MB
[2025-06-29 19:34:57] [INFO] [eeg2go] [load_recording] Large file detected, using memory mapping
[2025-06-29 19:35:02] [INFO] [eeg2go] Saved 39 feature values for recording 8 (successful: 39, failed: 0)
[2025-06-29 19:35:03] [INFO] [eeg2go] [load_recording] Recording 9: 84052.0s, 30 channels, 200.0 Hz
[2025-06-29 19:35:03] [INFO] [eeg2go] [load_recording] Estimated memory usage: 1923.8 MB
[2025-06-29 19:35:03] [INFO] [eeg2go] [load_recording] Large file detected, using memory mapping
[2025-06-29 19:35:12] [INFO] [eeg2go] Saved 39 feature values for recording 9 (successful: 39, failed: 0)
[2025-06-29 19:35:12] [INFO] [eeg2go] [load_recording] Recording 10: 5558.0s, 30 channels, 200.0 Hz
[2025-06-29 19:35:12] [INFO] [eeg2go] [load_recording] Estimated memory usage: 127.2 MB
[2025-06-29 19:35:13] [INFO] [eeg2go] Saved 39 feature values for recording 10 (successful: 39, failed: 0)
[2025-06-29 19:35:13] [INFO] [eeg2go] [load_recording] Recording 11: 4130.0s, 50 channels, 512.0 Hz
[2025-06-29 19:35:13] [INFO] [eeg2go] [load_recording] Estimated memory usage: 403.3 MB
[2025-06-29 19:35:15] [INFO] [eeg2go] Saved 39 feature values for recording 11 (successful: 39, failed: 0)
[2025-06-29 19:35:15] [INFO] [eeg2go] [load_recording] Recording 12: 15209.0s, 50 channels, 512.0 Hz
[2025-06-29 19:35:15] [INFO] [eeg2go] [load_recording] Estimated memory usage: 1485.3 MB
[2025-06-29 19:35:15] [INFO] [eeg2go] [load_recording] Large file detected, using memory mapping
[2025-06-29 19:35:20] [INFO] [eeg2go] Saved 39 feature values for recording 12 (successful: 39, failed: 0)
[2025-06-29 19:35:20] [INFO] [eeg2go] [load_recording] Recording 13: 6476.0s, 50 channels, 256.0 Hz
[2025-06-29 19:35:20] [INFO] [eeg2go] [load_recording] Estimated memory usage: 316.2 MB
[2025-06-29 19:35:21] [INFO] [eeg2go] Saved 39 feature values for recording 13 (successful: 39, failed: 0)
[2025-06-29 19:35:22] [INFO] [eeg2go] [load_recording] Recording 14: 3853.0s, 30 channels, 200.0 Hz
[2025-06-29 19:35:22] [INFO] [eeg2go] [load_recording] Estimated memory usage: 88.2 MB
[2025-06-29 19:35:22] [INFO] [eeg2go] Saved 39 feature values for recording 14 (successful: 39, failed: 0)
[2025-06-29 19:35:22] [INFO] [eeg2go] [load_recording] Recording 15: 3862.0s, 30 channels, 200.0 Hz
[2025-06-29 19:35:22] [INFO] [eeg2go] [load_recording] Estimated memory usage: 88.4 MB
[2025-06-29 19:35:22] [INFO] [eeg2go] Saved 39 feature values for recording 15 (successful: 39, failed: 0)
[2025-06-29 19:35:23] [INFO] [eeg2go] [load_recording] Recording 16: 2376.0s, 30 channels, 200.0 Hz
[2025-06-29 19:35:23] [INFO] [eeg2go] [load_recording] Estimated memory usage: 54.4 MB
[2025-06-29 19:35:23] [INFO] [eeg2go] Saved 39 feature values for recording 16 (successful: 39, failed: 0)
[2025-06-29 19:35:23] [INFO] [eeg2go] [load_recording] Recording 17: 12908.0s, 30 channels, 200.0 Hz
[2025-06-29 19:35:23] [INFO] [eeg2go] [load_recording] Estimated memory usage: 295.4 MB
[2025-06-29 19:35:24] [INFO] [eeg2go] Saved 39 feature values for recording 17 (successful: 39, failed: 0)
[2025-06-29 19:35:24] [INFO] [eeg2go] [load_recording] Recording 18: 1491.0s, 30 channels, 200.0 Hz
[2025-06-29 19:35:24] [INFO] [eeg2go] [load_recording] Estimated memory usage: 34.1 MB
[2025-06-29 19:35:24] [INFO] [eeg2go] Saved 39 feature values for recording 18 (successful: 39, failed: 0)
[2025-06-29 19:35:24] [INFO] [eeg2go] [load_recording] Recording 19: 2673.0s, 30 channels, 200.0 Hz
[2025-06-29 19:35:24] [INFO] [eeg2go] [load_recording] Estimated memory usage: 61.2 MB
[2025-06-29 19:35:25] [INFO] [eeg2go] Saved 39 feature values for recording 19 (successful: 39, failed: 0)
[2025-06-29 19:35:25] [INFO] [eeg2go] [load_recording] Recording 20: 1711.0s, 30 channels, 200.0 Hz
[2025-06-29 19:35:25] [INFO] [eeg2go] [load_recording] Estimated memory usage: 39.2 MB
[2025-06-29 19:35:25] [INFO] [eeg2go] Saved 39 feature values for recording 20 (successful: 39, failed: 0)
[2025-06-29 19:35:25] [INFO] [eeg2go] [load_recording] Recording 21: 46236.0s, 30 channels, 200.0 Hz
[2025-06-29 19:35:25] [INFO] [eeg2go] [load_recording] Estimated memory usage: 1058.3 MB
[2025-06-29 19:35:25] [INFO] [eeg2go] [load_recording] Large file detected, using memory mapping
[2025-06-29 19:35:30] [INFO] [eeg2go] Saved 39 feature values for recording 21 (successful: 39, failed: 0)
[2025-06-29 19:35:31] [INFO] [eeg2go] [load_recording] Recording 22: 2446.0s, 30 channels, 200.0 Hz
[2025-06-29 19:35:31] [INFO] [eeg2go] [load_recording] Estimated memory usage: 56.0 MB
[2025-06-29 19:35:31] [INFO] [eeg2go] Saved 39 feature values for recording 22 (successful: 39, failed: 0)
[2025-06-29 19:35:31] [INFO] [eeg2go] [load_recording] Recording 23: 3990.0s, 30 channels, 200.0 Hz
[2025-06-29 19:35:31] [INFO] [eeg2go] [load_recording] Estimated memory usage: 91.3 MB
[2025-06-29 19:35:31] [INFO] [eeg2go] Saved 39 feature values for recording 23 (successful: 39, failed: 0)
[2025-06-29 19:35:32] [INFO] [eeg2go] [load_recording] Recording 24: 3799.0s, 30 channels, 200.0 Hz
[2025-06-29 19:35:32] [INFO] [eeg2go] [load_recording] Estimated memory usage: 87.0 MB
[2025-06-29 19:35:32] [INFO] [eeg2go] Saved 39 feature values for recording 24 (successful: 39, failed: 0)
[2025-06-29 19:35:32] [INFO] [eeg2go] [load_recording] Recording 25: 3285.0s, 30 channels, 200.0 Hz
[2025-06-29 19:35:32] [INFO] [eeg2go] [load_recording] Estimated memory usage: 75.2 MB
[2025-06-29 19:35:32] [INFO] [eeg2go] Saved 39 feature values for recording 25 (successful: 39, failed: 0)
[2025-06-29 19:35:32] [INFO] [eeg2go] [load_recording] Recording 26: 4520.0s, 30 channels, 200.0 Hz
[2025-06-29 19:35:32] [INFO] [eeg2go] [load_recording] Estimated memory usage: 103.5 MB
[2025-06-29 19:35:33] [INFO] [eeg2go] Saved 39 feature values for recording 26 (successful: 39, failed: 0)
[2025-06-29 19:35:33] [INFO] [eeg2go] [load_recording] Recording 27: 4069.0s, 30 channels, 200.0 Hz
[2025-06-29 19:35:33] [INFO] [eeg2go] [load_recording] Estimated memory usage: 93.1 MB
[2025-06-29 19:35:33] [INFO] [eeg2go] Saved 39 feature values for recording 27 (successful: 39, failed: 0)
[2025-06-29 19:35:33] [INFO] [eeg2go] [load_recording] Recording 28: 5989.0s, 30 channels, 200.0 Hz
[2025-06-29 19:35:33] [INFO] [eeg2go] [load_recording] Estimated memory usage: 137.1 MB
[2025-06-29 19:35:34] [INFO] [eeg2go] Saved 39 feature values for recording 28 (successful: 39, failed: 0)
[2025-06-29 19:35:34] [INFO] [eeg2go] [load_recording] Recording 29: 80967.0s, 22 channels, 200.0 Hz
[2025-06-29 19:35:34] [INFO] [eeg2go] [load_recording] Estimated memory usage: 1359.0 MB
[2025-06-29 19:35:34] [INFO] [eeg2go] [load_recording] Large file detected, using memory mapping
[2025-06-29 19:35:41] [INFO] [eeg2go] Saved 39 feature values for recording 29 (successful: 39, failed: 0)
[2025-06-29 19:35:42] [INFO] [eeg2go] [load_recording] Recording 30: 29133.0s, 22 channels, 200.0 Hz
[2025-06-29 19:35:42] [INFO] [eeg2go] [load_recording] Estimated memory usage: 489.0 MB
[2025-06-29 19:35:44] [INFO] [eeg2go] Saved 39 feature values for recording 30 (successful: 39, failed: 0)
[2025-06-29 19:35:44] [INFO] [eeg2go] [load_recording] Recording 31: 2699.0s, 22 channels, 200.0 Hz
[2025-06-29 19:35:44] [INFO] [eeg2go] [load_recording] Estimated memory usage: 45.3 MB
[2025-06-29 19:35:44] [INFO] [eeg2go] Saved 39 feature values for recording 31 (successful: 39, failed: 0)
[2025-06-29 19:35:44] [INFO] [eeg2go] [load_recording] Recording 32: 55432.0s, 22 channels, 200.0 Hz
[2025-06-29 19:35:44] [INFO] [eeg2go] [load_recording] Estimated memory usage: 930.4 MB
[2025-06-29 19:35:44] [INFO] [eeg2go] [load_recording] Large file detected, using memory mapping
[2025-06-29 19:35:49] [INFO] [eeg2go] Saved 39 feature values for recording 32 (successful: 39, failed: 0)
[2025-06-29 19:35:49] [INFO] [eeg2go] [load_recording] Recording 33: 79977.0s, 22 channels, 200.0 Hz
[2025-06-29 19:35:49] [INFO] [eeg2go] [load_recording] Estimated memory usage: 1342.4 MB
[2025-06-29 19:35:49] [INFO] [eeg2go] [load_recording] Large file detected, using memory mapping
[2025-06-29 19:35:56] [INFO] [eeg2go] Saved 39 feature values for recording 33 (successful: 39, failed: 0)
[2025-06-29 19:35:57] [INFO] [eeg2go] [load_recording] Recording 34: 97725.0s, 22 channels, 200.0 Hz
[2025-06-29 19:35:57] [INFO] [eeg2go] [load_recording] Estimated memory usage: 1640.3 MB
[2025-06-29 19:35:57] [INFO] [eeg2go] [load_recording] Large file detected, using memory mapping
[2025-06-29 19:36:05] [INFO] [eeg2go] Saved 39 feature values for recording 34 (successful: 39, failed: 0)
[2025-06-29 19:36:05] [INFO] [eeg2go] [load_recording] Recording 35: 2321.0s, 30 channels, 200.0 Hz
[2025-06-29 19:36:05] [INFO] [eeg2go] [load_recording] Estimated memory usage: 53.1 MB
[2025-06-29 19:36:06] [INFO] [eeg2go] Saved 39 feature values for recording 35 (successful: 39, failed: 0)
[2025-06-29 19:36:06] [INFO] [eeg2go] [load_recording] Recording 36: 100225.0s, 30 channels, 200.0 Hz
[2025-06-29 19:36:06] [INFO] [eeg2go] [load_recording] Estimated memory usage: 2294.0 MB
[2025-06-29 19:36:06] [INFO] [eeg2go] [load_recording] Large file detected, using memory mapping
[2025-06-29 19:36:17] [INFO] [eeg2go] Saved 39 feature values for recording 36 (successful: 39, failed: 0)
[2025-06-29 19:36:18] [INFO] [eeg2go] [load_recording] Recording 37: 2367.0s, 30 channels, 200.0 Hz
[2025-06-29 19:36:18] [INFO] [eeg2go] [load_recording] Estimated memory usage: 54.2 MB
[2025-06-29 19:36:18] [INFO] [eeg2go] Saved 39 feature values for recording 37 (successful: 39, failed: 0)
[2025-06-29 19:36:18] [INFO] [eeg2go] [load_recording] Recording 38: 61375.0s, 30 channels, 200.0 Hz
[2025-06-29 19:36:18] [INFO] [eeg2go] [load_recording] Estimated memory usage: 1404.8 MB
[2025-06-29 19:36:18] [INFO] [eeg2go] [load_recording] Large file detected, using memory mapping
[2025-06-29 19:36:25] [INFO] [eeg2go] Saved 39 feature values for recording 38 (successful: 39, failed: 0)
[2025-06-29 19:36:26] [INFO] [eeg2go] [load_recording] Recording 39: 84232.0s, 30 channels, 200.0 Hz
[2025-06-29 19:36:26] [INFO] [eeg2go] [load_recording] Estimated memory usage: 1927.9 MB
[2025-06-29 19:36:26] [INFO] [eeg2go] [load_recording] Large file detected, using memory mapping
[2025-06-29 19:36:35] [INFO] [eeg2go] Saved 39 feature values for recording 39 (successful: 39, failed: 0)
[2025-06-29 19:36:36] [INFO] [eeg2go] [load_recording] Recording 40: 7971.0s, 30 channels, 200.0 Hz
[2025-06-29 19:36:36] [INFO] [eeg2go] [load_recording] Estimated memory usage: 182.4 MB
[2025-06-29 19:36:37] [INFO] [eeg2go] Saved 39 feature values for recording 40 (successful: 39, failed: 0)
[2025-06-29 19:36:37] [INFO] [eeg2go] [load_recording] Recording 41: 1445.0s, 30 channels, 200.0 Hz
[2025-06-29 19:36:37] [INFO] [eeg2go] [load_recording] Estimated memory usage: 33.1 MB
[2025-06-29 19:36:37] [INFO] [eeg2go] Saved 39 feature values for recording 41 (successful: 39, failed: 0)
[2025-06-29 19:36:38] [INFO] [eeg2go] [load_recording] Recording 42: 50870.0s, 30 channels, 200.0 Hz
[2025-06-29 19:36:38] [INFO] [eeg2go] [load_recording] Estimated memory usage: 1164.3 MB
[2025-06-29 19:36:38] [INFO] [eeg2go] [load_recording] Large file detected, using memory mapping
[2025-06-29 19:36:42] [INFO] [eeg2go] Saved 39 feature values for recording 42 (successful: 39, failed: 0)
[2025-06-29 19:36:43] [INFO] [eeg2go] [load_recording] Recording 43: 483.0s, 30 channels, 200.0 Hz
[2025-06-29 19:36:43] [INFO] [eeg2go] [load_recording] Estimated memory usage: 11.1 MB
[2025-06-29 19:36:43] [INFO] [eeg2go] Saved 39 feature values for recording 43 (successful: 39, failed: 0)
[2025-06-29 19:36:43] [INFO] [eeg2go] [load_recording] Recording 44: 26801.0s, 30 channels, 200.0 Hz
[2025-06-29 19:36:43] [INFO] [eeg2go] [load_recording] Estimated memory usage: 613.4 MB
[2025-06-29 19:36:43] [INFO] [eeg2go] [load_recording] Large file detected, using memory mapping
[2025-06-29 19:36:46] [INFO] [eeg2go] Saved 39 feature values for recording 44 (successful: 39, failed: 0)
[2025-06-29 19:36:46] [INFO] [eeg2go] [load_recording] Recording 45: 2957.0s, 30 channels, 200.0 Hz
[2025-06-29 19:36:46] [INFO] [eeg2go] [load_recording] Estimated memory usage: 67.7 MB
[2025-06-29 19:36:46] [INFO] [eeg2go] Saved 39 feature values for recording 45 (successful: 39, failed: 0)
[2025-06-29 19:36:47] [INFO] [eeg2go] [load_recording] Recording 46: 6230.0s, 30 channels, 200.0 Hz
[2025-06-29 19:36:47] [INFO] [eeg2go] [load_recording] Estimated memory usage: 142.6 MB
[2025-06-29 19:36:47] [INFO] [eeg2go] Saved 39 feature values for recording 46 (successful: 39, failed: 0)
[2025-06-29 19:36:47] [INFO] [eeg2go] [load_recording] Recording 47: 2821.0s, 30 channels, 200.0 Hz
[2025-06-29 19:36:47] [INFO] [eeg2go] [load_recording] Estimated memory usage: 64.6 MB
[2025-06-29 19:36:47] [INFO] [eeg2go] Saved 39 feature values for recording 47 (successful: 39, failed: 0)
[2025-06-29 19:36:48] [INFO] [eeg2go] [load_recording] Recording 48: 3999.0s, 23 channels, 200.0 Hz
[2025-06-29 19:36:48] [INFO] [eeg2go] [load_recording] Estimated memory usage: 70.2 MB
[2025-06-29 19:36:48] [INFO] [eeg2go] Saved 39 feature values for recording 48 (successful: 39, failed: 0)
[2025-06-29 19:36:48] [INFO] [eeg2go] [load_recording] Recording 49: 2947.0s, 30 channels, 200.0 Hz
[2025-06-29 19:36:48] [INFO] [eeg2go] [load_recording] Estimated memory usage: 67.5 MB
[2025-06-29 19:36:48] [INFO] [eeg2go] Saved 39 feature values for recording 49 (successful: 39, failed: 0)
[2025-06-29 19:36:48] [INFO] [eeg2go] [load_recording] Recording 50: 15041.0s, 30 channels, 200.0 Hz
[2025-06-29 19:36:48] [INFO] [eeg2go] [load_recording] Estimated memory usage: 344.3 MB
[2025-06-29 19:36:50] [INFO] [eeg2go] Saved 39 feature values for recording 50 (successful: 39, failed: 0)
[2025-06-29 19:36:50] [INFO] [eeg2go] [load_recording] Recording 51: 81090.0s, 30 channels, 200.0 Hz
[2025-06-29 19:36:50] [INFO] [eeg2go] [load_recording] Estimated memory usage: 1856.0 MB
[2025-06-29 19:36:50] [INFO] [eeg2go] [load_recording] Large file detected, using memory mapping
[2025-06-29 19:36:58] [INFO] [eeg2go] Saved 39 feature values for recording 51 (successful: 39, failed: 0)
[2025-06-29 19:36:59] [INFO] [eeg2go] [load_recording] Recording 52: 21066.0s, 30 channels, 200.0 Hz
[2025-06-29 19:36:59] [INFO] [eeg2go] [load_recording] Estimated memory usage: 482.2 MB
[2025-06-29 19:37:01] [INFO] [eeg2go] Saved 39 feature values for recording 52 (successful: 39, failed: 0)
[2025-06-29 19:37:01] [INFO] [eeg2go] [load_recording] Recording 53: 3761.0s, 30 channels, 200.0 Hz
[2025-06-29 19:37:01] [INFO] [eeg2go] [load_recording] Estimated memory usage: 86.1 MB
[2025-06-29 19:37:01] [INFO] [eeg2go] Saved 39 feature values for recording 53 (successful: 39, failed: 0)
[2025-06-29 19:37:02] [INFO] [eeg2go] [load_recording] Recording 54: 67705.0s, 30 channels, 200.0 Hz
[2025-06-29 19:37:02] [INFO] [eeg2go] [load_recording] Estimated memory usage: 1549.6 MB
[2025-06-29 19:37:02] [INFO] [eeg2go] [load_recording] Large file detected, using memory mapping
[2025-06-29 19:37:09] [INFO] [eeg2go] Saved 39 feature values for recording 54 (successful: 39, failed: 0)
[2025-06-29 19:37:10] [INFO] [eeg2go] [load_recording] Recording 55: 8450.0s, 30 channels, 200.0 Hz
[2025-06-29 19:37:10] [INFO] [eeg2go] [load_recording] Estimated memory usage: 193.4 MB
[2025-06-29 19:37:10] [INFO] [eeg2go] Saved 39 feature values for recording 55 (successful: 39, failed: 0)
[2025-06-29 19:37:11] [INFO] [eeg2go] [load_recording] Recording 56: 3269.0s, 30 channels, 200.0 Hz
[2025-06-29 19:37:11] [INFO] [eeg2go] [load_recording] Estimated memory usage: 74.8 MB
[2025-06-29 19:37:11] [INFO] [eeg2go] Saved 39 feature values for recording 56 (successful: 39, failed: 0)
[2025-06-29 19:37:11] [INFO] [eeg2go] [load_recording] Recording 57: 6937.0s, 30 channels, 200.0 Hz
[2025-06-29 19:37:11] [INFO] [eeg2go] [load_recording] Estimated memory usage: 158.8 MB
[2025-06-29 19:37:12] [INFO] [eeg2go] Saved 39 feature values for recording 57 (successful: 39, failed: 0)
[2025-06-29 19:37:12] [INFO] [eeg2go] [load_recording] Recording 58: 2775.0s, 30 channels, 200.0 Hz
[2025-06-29 19:37:12] [INFO] [eeg2go] [load_recording] Estimated memory usage: 63.5 MB
[2025-06-29 19:37:12] [INFO] [eeg2go] Saved 39 feature values for recording 58 (successful: 39, failed: 0)
[2025-06-29 19:37:12] [INFO] [eeg2go] [load_recording] Recording 59: 48412.0s, 30 channels, 200.0 Hz
[2025-06-29 19:37:12] [INFO] [eeg2go] [load_recording] Estimated memory usage: 1108.1 MB
[2025-06-29 19:37:12] [INFO] [eeg2go] [load_recording] Large file detected, using memory mapping
[2025-06-29 19:37:17] [INFO] [eeg2go] Saved 39 feature values for recording 59 (successful: 39, failed: 0)
[2025-06-29 19:37:18] [INFO] [eeg2go] [load_recording] Recording 60: 17657.0s, 30 channels, 200.0 Hz
[2025-06-29 19:37:18] [INFO] [eeg2go] [load_recording] Estimated memory usage: 404.1 MB
[2025-06-29 19:37:20] [INFO] [eeg2go] Saved 39 feature values for recording 60 (successful: 39, failed: 0)
[2025-06-29 19:37:20] [INFO] [eeg2go] [load_recording] Recording 61: 2464.0s, 30 channels, 200.0 Hz
[2025-06-29 19:37:20] [INFO] [eeg2go] [load_recording] Estimated memory usage: 56.4 MB
[2025-06-29 19:37:20] [INFO] [eeg2go] Saved 39 feature values for recording 61 (successful: 39, failed: 0)
[2025-06-29 19:37:20] [INFO] [eeg2go] [load_recording] Recording 62: 5276.0s, 30 channels, 200.0 Hz
[2025-06-29 19:37:20] [INFO] [eeg2go] [load_recording] Estimated memory usage: 120.8 MB
[2025-06-29 19:37:20] [INFO] [eeg2go] Saved 39 feature values for recording 62 (successful: 39, failed: 0)
[2025-06-29 19:37:21] [INFO] [eeg2go] [load_recording] Recording 63: 1345.0s, 30 channels, 200.0 Hz
[2025-06-29 19:37:21] [INFO] [eeg2go] [load_recording] Estimated memory usage: 30.8 MB
[2025-06-29 19:37:21] [INFO] [eeg2go] Saved 39 feature values for recording 63 (successful: 39, failed: 0)
[2025-06-29 19:37:21] [INFO] [eeg2go] [load_recording] Recording 64: 2879.0s, 30 channels, 200.0 Hz
[2025-06-29 19:37:21] [INFO] [eeg2go] [load_recording] Estimated memory usage: 65.9 MB
[2025-06-29 19:37:21] [INFO] [eeg2go] Saved 39 feature values for recording 64 (successful: 39, failed: 0)
[2025-06-29 19:37:21] [INFO] [eeg2go] [load_recording] Recording 65: 6355.0s, 50 channels, 512.0 Hz
[2025-06-29 19:37:21] [INFO] [eeg2go] [load_recording] Estimated memory usage: 620.6 MB
[2025-06-29 19:37:21] [INFO] [eeg2go] [load_recording] Large file detected, using memory mapping
[2025-06-29 19:37:23] [INFO] [eeg2go] Saved 39 feature values for recording 65 (successful: 39, failed: 0)
[2025-06-29 19:37:23] [INFO] [eeg2go] [load_recording] Recording 66: 3426.0s, 30 channels, 200.0 Hz
[2025-06-29 19:37:23] [INFO] [eeg2go] [load_recording] Estimated memory usage: 78.4 MB
[2025-06-29 19:37:24] [INFO] [eeg2go] Saved 39 feature values for recording 66 (successful: 39, failed: 0)
[2025-06-29 19:37:24] [INFO] [eeg2go] [load_recording] Recording 67: 40315.0s, 30 channels, 200.0 Hz
[2025-06-29 19:37:24] [INFO] [eeg2go] [load_recording] Estimated memory usage: 922.7 MB
[2025-06-29 19:37:24] [INFO] [eeg2go] [load_recording] Large file detected, using memory mapping
[2025-06-29 19:37:28] [INFO] [eeg2go] Saved 39 feature values for recording 67 (successful: 39, failed: 0)
[2025-06-29 19:37:28] [INFO] [eeg2go] [load_recording] Recording 68: 4139.0s, 30 channels, 200.0 Hz
[2025-06-29 19:37:28] [INFO] [eeg2go] [load_recording] Estimated memory usage: 94.7 MB
[2025-06-29 19:37:29] [INFO] [eeg2go] Saved 39 feature values for recording 68 (successful: 39, failed: 0)
[2025-06-29 19:37:29] [INFO] [eeg2go] [load_recording] Recording 69: 2713.0s, 30 channels, 200.0 Hz
[2025-06-29 19:37:29] [INFO] [eeg2go] [load_recording] Estimated memory usage: 62.1 MB
[2025-06-29 19:37:29] [INFO] [eeg2go] Saved 39 feature values for recording 69 (successful: 39, failed: 0)
[2025-06-29 19:37:29] [INFO] [eeg2go] [load_recording] Recording 70: 5595.0s, 30 channels, 200.0 Hz
[2025-06-29 19:37:29] [INFO] [eeg2go] [load_recording] Estimated memory usage: 128.1 MB
[2025-06-29 19:37:30] [INFO] [eeg2go] Saved 39 feature values for recording 70 (successful: 39, failed: 0)
[2025-06-29 19:37:30] [INFO] [eeg2go] [load_recording] Recording 71: 4751.0s, 30 channels, 200.0 Hz
[2025-06-29 19:37:30] [INFO] [eeg2go] [load_recording] Estimated memory usage: 108.7 MB
[2025-06-29 19:37:30] [INFO] [eeg2go] Saved 39 feature values for recording 71 (successful: 39, failed: 0)
[2025-06-29 19:37:31] [INFO] [eeg2go] [load_recording] Recording 72: 3969.0s, 30 channels, 200.0 Hz
[2025-06-29 19:37:31] [INFO] [eeg2go] [load_recording] Estimated memory usage: 90.8 MB
[2025-06-29 19:37:31] [INFO] [eeg2go] Saved 39 feature values for recording 72 (successful: 39, failed: 0)
[2025-06-29 19:37:31] [INFO] [eeg2go] [load_recording] Recording 73: 4668.0s, 30 channels, 200.0 Hz
[2025-06-29 19:37:31] [INFO] [eeg2go] [load_recording] Estimated memory usage: 106.8 MB
[2025-06-29 19:37:31] [INFO] [eeg2go] Saved 39 feature values for recording 73 (successful: 39, failed: 0)
[2025-06-29 19:37:32] [INFO] [eeg2go] [load_recording] Recording 74: 5880.0s, 30 channels, 200.0 Hz
[2025-06-29 19:37:32] [INFO] [eeg2go] [load_recording] Estimated memory usage: 134.6 MB
[2025-06-29 19:37:32] [INFO] [eeg2go] Saved 39 feature values for recording 74 (successful: 39, failed: 0)
[2025-06-29 19:37:32] [INFO] [eeg2go] [load_recording] Recording 75: 4323.0s, 30 channels, 200.0 Hz
[2025-06-29 19:37:32] [INFO] [eeg2go] [load_recording] Estimated memory usage: 98.9 MB
[2025-06-29 19:37:33] [INFO] [eeg2go] Saved 39 feature values for recording 75 (successful: 39, failed: 0)
[2025-06-29 19:37:33] [INFO] [eeg2go] [load_recording] Recording 76: 5466.0s, 30 channels, 200.0 Hz
[2025-06-29 19:37:33] [INFO] [eeg2go] [load_recording] Estimated memory usage: 125.1 MB
[2025-06-29 19:37:33] [INFO] [eeg2go] Saved 39 feature values for recording 76 (successful: 39, failed: 0)
[2025-06-29 19:37:33] [INFO] [eeg2go] [load_recording] Recording 77: 5705.0s, 30 channels, 200.0 Hz
[2025-06-29 19:37:33] [INFO] [eeg2go] [load_recording] Estimated memory usage: 130.6 MB
[2025-06-29 19:37:34] [INFO] [eeg2go] Saved 39 feature values for recording 77 (successful: 39, failed: 0)
[2025-06-29 19:37:34] [INFO] [eeg2go] [load_recording] Recording 78: 6789.0s, 30 channels, 200.0 Hz
[2025-06-29 19:37:34] [INFO] [eeg2go] [load_recording] Estimated memory usage: 155.4 MB
[2025-06-29 19:37:35] [INFO] [eeg2go] Saved 39 feature values for recording 78 (successful: 39, failed: 0)
[2025-06-29 19:37:35] [INFO] [eeg2go] [load_recording] Recording 79: 3783.0s, 30 channels, 200.0 Hz
[2025-06-29 19:37:35] [INFO] [eeg2go] [load_recording] Estimated memory usage: 86.6 MB
[2025-06-29 19:37:35] [INFO] [eeg2go] Saved 39 feature values for recording 79 (successful: 39, failed: 0)
[2025-06-29 19:37:35] [INFO] [eeg2go] [load_recording] Recording 80: 98234.0s, 30 channels, 200.0 Hz
[2025-06-29 19:37:35] [INFO] [eeg2go] [load_recording] Estimated memory usage: 2248.4 MB
[2025-06-29 19:37:35] [INFO] [eeg2go] [load_recording] Large file detected, using memory mapping
[2025-06-29 19:37:46] [INFO] [eeg2go] Saved 39 feature values for recording 80 (successful: 39, failed: 0)
[2025-06-29 19:37:47] [INFO] [eeg2go] [load_recording] Recording 81: 4853.0s, 30 channels, 200.0 Hz
[2025-06-29 19:37:47] [INFO] [eeg2go] [load_recording] Estimated memory usage: 111.1 MB
[2025-06-29 19:37:47] [INFO] [eeg2go] Saved 39 feature values for recording 81 (successful: 39, failed: 0)
[2025-06-29 19:37:48] [INFO] [eeg2go] [load_recording] Recording 82: 3120.0s, 30 channels, 200.0 Hz
[2025-06-29 19:37:48] [INFO] [eeg2go] [load_recording] Estimated memory usage: 71.4 MB
[2025-06-29 19:37:48] [INFO] [eeg2go] Saved 39 feature values for recording 82 (successful: 39, failed: 0)
[2025-06-29 19:37:48] [INFO] [eeg2go] [load_recording] Recording 83: 3693.0s, 29 channels, 200.0 Hz
[2025-06-29 19:37:48] [INFO] [eeg2go] [load_recording] Estimated memory usage: 81.7 MB
[2025-06-29 19:37:48] [INFO] [eeg2go] Saved 39 feature values for recording 83 (successful: 39, failed: 0)
[2025-06-29 19:37:49] [INFO] [eeg2go] [load_recording] Recording 84: 2615.0s, 29 channels, 200.0 Hz
[2025-06-29 19:37:49] [INFO] [eeg2go] [load_recording] Estimated memory usage: 57.9 MB
[2025-06-29 19:37:49] [INFO] [eeg2go] Saved 39 feature values for recording 84 (successful: 39, failed: 0)
[2025-06-29 19:37:49] [INFO] [eeg2go] [load_recording] Recording 85: 4495.0s, 30 channels, 200.0 Hz
[2025-06-29 19:37:49] [INFO] [eeg2go] [load_recording] Estimated memory usage: 102.9 MB
[2025-06-29 19:37:49] [INFO] [eeg2go] Saved 39 feature values for recording 85 (successful: 39, failed: 0)
[2025-06-29 19:37:49] [INFO] [eeg2go] [load_recording] Recording 86: 2772.0s, 29 channels, 200.0 Hz
[2025-06-29 19:37:49] [INFO] [eeg2go] [load_recording] Estimated memory usage: 61.3 MB
[2025-06-29 19:37:50] [INFO] [eeg2go] Saved 39 feature values for recording 86 (successful: 39, failed: 0)
[2025-06-29 19:37:50] [INFO] [eeg2go] [load_recording] Recording 87: 4400.0s, 30 channels, 200.0 Hz
[2025-06-29 19:37:50] [INFO] [eeg2go] [load_recording] Estimated memory usage: 100.7 MB
[2025-06-29 19:37:50] [INFO] [eeg2go] Saved 39 feature values for recording 87 (successful: 39, failed: 0)
[2025-06-29 19:37:50] [INFO] [eeg2go] [load_recording] Recording 88: 87237.0s, 30 channels, 200.0 Hz
[2025-06-29 19:37:50] [INFO] [eeg2go] [load_recording] Estimated memory usage: 1996.7 MB
[2025-06-29 19:37:50] [INFO] [eeg2go] [load_recording] Large file detected, using memory mapping
[2025-06-29 19:38:00] [INFO] [eeg2go] Saved 39 feature values for recording 88 (successful: 39, failed: 0)
[2025-06-29 19:38:01] [INFO] [eeg2go] [load_recording] Recording 89: 86673.0s, 30 channels, 200.0 Hz
[2025-06-29 19:38:01] [INFO] [eeg2go] [load_recording] Estimated memory usage: 1983.8 MB
[2025-06-29 19:38:01] [INFO] [eeg2go] [load_recording] Large file detected, using memory mapping
[2025-06-29 19:38:10] [INFO] [eeg2go] Saved 39 feature values for recording 89 (successful: 39, failed: 0)
[2025-06-29 19:38:11] [INFO] [eeg2go] [load_recording] Recording 90: 86287.0s, 30 channels, 200.0 Hz
[2025-06-29 19:38:11] [INFO] [eeg2go] [load_recording] Estimated memory usage: 1975.0 MB
[2025-06-29 19:38:11] [INFO] [eeg2go] [load_recording] Large file detected, using memory mapping
[2025-06-29 19:38:20] [INFO] [eeg2go] Saved 39 feature values for recording 90 (successful: 39, failed: 0)
[2025-06-29 19:38:21] [INFO] [eeg2go] [load_recording] Recording 91: 95715.0s, 30 channels, 200.0 Hz
[2025-06-29 19:38:21] [INFO] [eeg2go] [load_recording] Estimated memory usage: 2190.7 MB
[2025-06-29 19:38:21] [INFO] [eeg2go] [load_recording] Large file detected, using memory mapping
[2025-06-29 19:38:31] [INFO] [eeg2go] Saved 39 feature values for recording 91 (successful: 39, failed: 0)
[2025-06-29 19:38:32] [INFO] [eeg2go] [load_recording] Recording 92: 77573.0s, 30 channels, 200.0 Hz
[2025-06-29 19:38:32] [INFO] [eeg2go] [load_recording] Estimated memory usage: 1775.5 MB
[2025-06-29 19:38:32] [INFO] [eeg2go] [load_recording] Large file detected, using memory mapping
[2025-06-29 19:38:41] [INFO] [eeg2go] Saved 39 feature values for recording 92 (successful: 39, failed: 0)
[2025-06-29 19:38:42] [INFO] [eeg2go] [load_recording] Recording 93: 79561.0s, 30 channels, 200.0 Hz
[2025-06-29 19:38:42] [INFO] [eeg2go] [load_recording] Estimated memory usage: 1821.0 MB
[2025-06-29 19:38:42] [INFO] [eeg2go] [load_recording] Large file detected, using memory mapping
[2025-06-29 19:38:50] [INFO] [eeg2go] Saved 39 feature values for recording 93 (successful: 39, failed: 0)
[2025-06-29 19:38:51] [INFO] [eeg2go] [load_recording] Recording 94: 117798.0s, 30 channels, 200.0 Hz
[2025-06-29 19:38:51] [INFO] [eeg2go] [load_recording] Estimated memory usage: 2696.2 MB
[2025-06-29 19:38:51] [INFO] [eeg2go] [load_recording] Large file detected, using memory mapping
[2025-06-29 19:39:08] [INFO] [eeg2go] Saved 39 feature values for recording 94 (successful: 39, failed: 0)
[2025-06-29 19:39:10] [INFO] [eeg2go] [load_recording] Recording 95: 3668.0s, 30 channels, 200.0 Hz
[2025-06-29 19:39:10] [INFO] [eeg2go] [load_recording] Estimated memory usage: 84.0 MB
[2025-06-29 19:39:10] [INFO] [eeg2go] Saved 39 feature values for recording 95 (successful: 39, failed: 0)
[2025-06-29 19:39:10] [INFO] [eeg2go] [load_recording] Recording 96: 168039.0s, 30 channels, 200.0 Hz
[2025-06-29 19:39:10] [INFO] [eeg2go] [load_recording] Estimated memory usage: 3846.1 MB
[2025-06-29 19:39:10] [INFO] [eeg2go] [load_recording] Large file detected, using memory mapping
[2025-06-29 19:39:52] [WARNING] [eeg2go] [SKIP] fxdef_id=12 recording_id=96 - previously failed: Feature generation failed: Unable to allocate 7.52 GiB for an array with shape (33607, 30, 1001) and data type float64
[2025-06-29 19:39:52] [WARNING] [eeg2go] [SKIP] fxdef_id=13 recording_id=96 - previously failed: Feature generation failed: Unable to allocate 7.52 GiB for an array with shape (33607, 30, 1001) and data type float64
[2025-06-29 19:39:52] [WARNING] [eeg2go] [SKIP] fxdef_id=14 recording_id=96 - previously failed: Feature generation failed: Unable to allocate 7.52 GiB for an array with shape (33607, 30, 1001) and data type float64
[2025-06-29 19:39:52] [WARNING] [eeg2go] [SKIP] fxdef_id=15 recording_id=96 - previously failed: Feature generation failed: Unable to allocate 7.52 GiB for an array with shape (33607, 30, 1001) and data type float64
[2025-06-29 19:39:52] [WARNING] [eeg2go] [SKIP] fxdef_id=16 recording_id=96 - previously failed: Feature generation failed: Unable to allocate 7.52 GiB for an array with shape (33607, 30, 1001) and data type float64
[2025-06-29 19:39:52] [WARNING] [eeg2go] [SKIP] fxdef_id=17 recording_id=96 - previously failed: Feature generation failed: Unable to allocate 7.52 GiB for an array with shape (33607, 30, 1001) and data type float64
[2025-06-29 19:39:52] [WARNING] [eeg2go] [SKIP] fxdef_id=18 recording_id=96 - previously failed: Feature generation failed: Unable to allocate 7.52 GiB for an array with shape (33607, 30, 1001) and data type float64
[2025-06-29 19:39:52] [WARNING] [eeg2go] [SKIP] fxdef_id=19 recording_id=96 - previously failed: Feature generation failed: Unable to allocate 7.52 GiB for an array with shape (33607, 30, 1001) and data type float64
[2025-06-29 19:39:52] [WARNING] [eeg2go] [SKIP] fxdef_id=20 recording_id=96 - previously failed: Feature generation failed: Unable to allocate 7.52 GiB for an array with shape (33607, 30, 1001) and data type float64
[2025-06-29 19:39:52] [WARNING] [eeg2go] [SKIP] fxdef_id=21 recording_id=96 - previously failed: Feature generation failed: Unable to allocate 7.52 GiB for an array with shape (33607, 30, 1001) and data type float64
[2025-06-29 19:39:52] [WARNING] [eeg2go] [SKIP] fxdef_id=22 recording_id=96 - previously failed: Feature generation failed: Unable to allocate 7.52 GiB for an array with shape (33607, 30, 1001) and data type float64
[2025-06-29 19:39:52] [WARNING] [eeg2go] [SKIP] fxdef_id=23 recording_id=96 - previously failed: Feature generation failed: Unable to allocate 7.52 GiB for an array with shape (33607, 30, 1001) and data type float64
[2025-06-29 19:39:52] [WARNING] [eeg2go] [SKIP] fxdef_id=24 recording_id=96 - previously failed: Feature generation failed: Unable to allocate 7.52 GiB for an array with shape (33607, 30, 1001) and data type float64
[2025-06-29 19:39:52] [WARNING] [eeg2go] [SKIP] fxdef_id=25 recording_id=96 - previously failed: Feature generation failed: Unable to allocate 7.52 GiB for an array with shape (33607, 30, 1001) and data type float64
[2025-06-29 19:39:52] [WARNING] [eeg2go] [SKIP] fxdef_id=26 recording_id=96 - previously failed: Feature generation failed: Unable to allocate 7.52 GiB for an array with shape (33607, 30, 1001) and data type float64
[2025-06-29 19:39:52] [WARNING] [eeg2go] [SKIP] fxdef_id=27 recording_id=96 - previously failed: Feature generation failed: Unable to allocate 7.52 GiB for an array with shape (33607, 30, 1001) and data type float64
[2025-06-29 19:39:52] [WARNING] [eeg2go] [SKIP] fxdef_id=28 recording_id=96 - previously failed: Feature generation failed: Unable to allocate 7.52 GiB for an array with shape (33607, 30, 1001) and data type float64
[2025-06-29 19:39:52] [WARNING] [eeg2go] [SKIP] fxdef_id=29 recording_id=96 - previously failed: Feature generation failed: Unable to allocate 7.52 GiB for an array with shape (33607, 30, 1001) and data type float64
[2025-06-29 19:39:52] [WARNING] [eeg2go] [SKIP] fxdef_id=30 recording_id=96 - previously failed: Feature generation failed: Unable to allocate 7.52 GiB for an array with shape (33607, 30, 1001) and data type float64
[2025-06-29 19:39:52] [WARNING] [eeg2go] [SKIP] fxdef_id=31 recording_id=96 - previously failed: Feature generation failed: Unable to allocate 7.52 GiB for an array with shape (33607, 30, 1001) and data type float64
[2025-06-29 19:39:52] [WARNING] [eeg2go] [SKIP] fxdef_id=32 recording_id=96 - previously failed: Feature generation failed: Unable to allocate 7.52 GiB for an array with shape (33607, 30, 1001) and data type float64
[2025-06-29 19:39:52] [WARNING] [eeg2go] [SKIP] fxdef_id=33 recording_id=96 - previously failed: Feature generation failed: Unable to allocate 7.52 GiB for an array with shape (33607, 30, 1001) and data type float64
[2025-06-29 19:39:52] [WARNING] [eeg2go] [SKIP] fxdef_id=34 recording_id=96 - previously failed: Feature generation failed: Unable to allocate 7.52 GiB for an array with shape (33607, 30, 1001) and data type float64
[2025-06-29 19:39:52] [WARNING] [eeg2go] [SKIP] fxdef_id=35 recording_id=96 - previously failed: Feature generation failed: Unable to allocate 7.52 GiB for an array with shape (33607, 30, 1001) and data type float64
[2025-06-29 19:39:52] [WARNING] [eeg2go] [SKIP] fxdef_id=36 recording_id=96 - previously failed: Feature generation failed: Unable to allocate 7.52 GiB for an array with shape (33607, 30, 1001) and data type float64
[2025-06-29 19:39:52] [WARNING] [eeg2go] [SKIP] fxdef_id=37 recording_id=96 - previously failed: Feature generation failed: Unable to allocate 7.52 GiB for an array with shape (33607, 30, 1001) and data type float64
[2025-06-29 19:39:52] [WARNING] [eeg2go] [SKIP] fxdef_id=38 recording_id=96 - previously failed: Feature generation failed: Unable to allocate 7.52 GiB for an array with shape (33607, 30, 1001) and data type float64
[2025-06-29 19:39:52] [WARNING] [eeg2go] [SKIP] fxdef_id=39 recording_id=96 - previously failed: Feature generation failed: Unable to allocate 7.52 GiB for an array with shape (33607, 30, 1001) and data type float64
[2025-06-29 19:39:52] [WARNING] [eeg2go] [SKIP] fxdef_id=40 recording_id=96 - previously failed: Feature generation failed: Unable to allocate 7.52 GiB for an array with shape (33607, 30, 1001) and data type float64
[2025-06-29 19:39:52] [WARNING] [eeg2go] [SKIP] fxdef_id=41 recording_id=96 - previously failed: Feature generation failed: Unable to allocate 7.52 GiB for an array with shape (33607, 30, 1001) and data type float64
[2025-06-29 19:39:52] [WARNING] [eeg2go] [SKIP] fxdef_id=42 recording_id=96 - previously failed: Feature generation failed: Unable to allocate 7.52 GiB for an array with shape (33607, 30, 1001) and data type float64
[2025-06-29 19:39:52] [WARNING] [eeg2go] [SKIP] fxdef_id=43 recording_id=96 - previously failed: Feature generation failed: Unable to allocate 7.52 GiB for an array with shape (33607, 30, 1001) and data type float64
[2025-06-29 19:39:52] [WARNING] [eeg2go] [SKIP] fxdef_id=44 recording_id=96 - previously failed: Feature generation failed: Unable to allocate 7.52 GiB for an array with shape (33607, 30, 1001) and data type float64
[2025-06-29 19:39:52] [WARNING] [eeg2go] [SKIP] fxdef_id=45 recording_id=96 - previously failed: Feature generation failed: Unable to allocate 7.52 GiB for an array with shape (33607, 30, 1001) and data type float64
[2025-06-29 19:39:52] [WARNING] [eeg2go] [SKIP] fxdef_id=46 recording_id=96 - previously failed: Feature generation failed: Unable to allocate 7.52 GiB for an array with shape (33607, 30, 1001) and data type float64
[2025-06-29 19:39:52] [WARNING] [eeg2go] [SKIP] fxdef_id=47 recording_id=96 - previously failed: Feature generation failed: Unable to allocate 7.52 GiB for an array with shape (33607, 30, 1001) and data type float64
[2025-06-29 19:39:52] [WARNING] [eeg2go] [SKIP] fxdef_id=48 recording_id=96 - previously failed: Feature generation failed: Unable to allocate 7.52 GiB for an array with shape (33607, 30, 1001) and data type float64
[2025-06-29 19:39:52] [WARNING] [eeg2go] [SKIP] fxdef_id=49 recording_id=96 - previously failed: Feature generation failed: Unable to allocate 7.52 GiB for an array with shape (33607, 30, 1001) and data type float64
[2025-06-29 19:39:52] [WARNING] [eeg2go] [SKIP] fxdef_id=50 recording_id=96 - previously failed: Feature generation failed: Unable to allocate 7.52 GiB for an array with shape (33607, 30, 1001) and data type float64
[2025-06-29 19:39:52] [INFO] [eeg2go] Saved 39 feature values for recording 96 (successful: 0, failed: 39)
[2025-06-29 19:39:53] [INFO] [eeg2go] [load_recording] Recording 97: 3524.0s, 29 channels, 200.0 Hz
[2025-06-29 19:39:53] [INFO] [eeg2go] [load_recording] Estimated memory usage: 78.0 MB
[2025-06-29 19:39:54] [INFO] [eeg2go] Saved 39 feature values for recording 97 (successful: 39, failed: 0)
[2025-06-29 19:39:54] [INFO] [eeg2go] [load_recording] Recording 98: 102151.0s, 30 channels, 200.0 Hz
[2025-06-29 19:39:54] [INFO] [eeg2go] [load_recording] Estimated memory usage: 2338.1 MB
[2025-06-29 19:39:54] [INFO] [eeg2go] [load_recording] Large file detected, using memory mapping
[2025-06-29 19:40:09] [INFO] [eeg2go] Saved 39 feature values for recording 98 (successful: 39, failed: 0)
[2025-06-29 19:40:10] [INFO] [eeg2go] [load_recording] Recording 99: 64708.0s, 30 channels, 200.0 Hz
[2025-06-29 19:40:10] [INFO] [eeg2go] [load_recording] Estimated memory usage: 1481.0 MB
[2025-06-29 19:40:10] [INFO] [eeg2go] [load_recording] Large file detected, using memory mapping
[2025-06-29 19:40:18] [INFO] [eeg2go] Saved 39 feature values for recording 99 (successful: 39, failed: 0)
[2025-06-29 19:40:19] [INFO] [eeg2go] [load_recording] Recording 100: 86270.0s, 30 channels, 200.0 Hz
[2025-06-29 19:40:19] [INFO] [eeg2go] [load_recording] Estimated memory usage: 1974.6 MB
[2025-06-29 19:40:19] [INFO] [eeg2go] [load_recording] Large file detected, using memory mapping
[2025-06-29 19:40:29] [INFO] [eeg2go] Saved 39 feature values for recording 100 (successful: 39, failed: 0)
[2025-06-29 19:40:30] [INFO] [eeg2go] [load_recording] Recording 101: 5770.0s, 30 channels, 200.0 Hz
[2025-06-29 19:40:30] [INFO] [eeg2go] [load_recording] Estimated memory usage: 132.1 MB
[2025-06-29 19:40:31] [INFO] [eeg2go] Saved 39 feature values for recording 101 (successful: 39, failed: 0)
[2025-06-29 19:40:31] [INFO] [eeg2go] [load_recording] Recording 102: 4429.0s, 29 channels, 200.0 Hz
[2025-06-29 19:40:31] [INFO] [eeg2go] [load_recording] Estimated memory usage: 98.0 MB
[2025-06-29 19:40:31] [INFO] [eeg2go] Saved 39 feature values for recording 102 (successful: 39, failed: 0)
[2025-06-29 19:40:31] [INFO] [eeg2go] [load_recording] Recording 103: 7280.0s, 29 channels, 200.0 Hz
[2025-06-29 19:40:31] [INFO] [eeg2go] [load_recording] Estimated memory usage: 161.1 MB
[2025-06-29 19:40:32] [INFO] [eeg2go] Saved 39 feature values for recording 103 (successful: 39, failed: 0)
[2025-06-29 19:40:32] [INFO] [eeg2go] [load_recording] Recording 104: 4331.0s, 30 channels, 200.0 Hz
[2025-06-29 19:40:32] [INFO] [eeg2go] [load_recording] Estimated memory usage: 99.1 MB
[2025-06-29 19:40:33] [INFO] [eeg2go] Saved 39 feature values for recording 104 (successful: 39, failed: 0)
[2025-06-29 19:40:33] [INFO] [eeg2go] [load_recording] Recording 105: 2964.0s, 30 channels, 200.0 Hz
[2025-06-29 19:40:33] [INFO] [eeg2go] [load_recording] Estimated memory usage: 67.8 MB
[2025-06-29 19:40:33] [INFO] [eeg2go] Saved 39 feature values for recording 105 (successful: 39, failed: 0)
[2025-06-29 19:40:33] [INFO] [eeg2go] [load_recording] Recording 106: 1527.0s, 29 channels, 200.0 Hz
[2025-06-29 19:40:33] [INFO] [eeg2go] [load_recording] Estimated memory usage: 33.8 MB
[2025-06-29 19:40:33] [INFO] [eeg2go] Saved 39 feature values for recording 106 (successful: 39, failed: 0)
[2025-06-29 19:40:33] [INFO] [eeg2go] [load_recording] Recording 107: 36366.0s, 35 channels, 200.0 Hz
[2025-06-29 19:40:33] [INFO] [eeg2go] [load_recording] Estimated memory usage: 971.1 MB
[2025-06-29 19:40:33] [INFO] [eeg2go] [load_recording] Large file detected, using memory mapping
[2025-06-29 19:40:38] [INFO] [eeg2go] Saved 39 feature values for recording 107 (successful: 39, failed: 0)
[2025-06-29 19:40:38] [INFO] [eeg2go] [load_recording] Recording 108: 43206.0s, 22 channels, 200.0 Hz
[2025-06-29 19:40:38] [INFO] [eeg2go] [load_recording] Estimated memory usage: 725.2 MB
[2025-06-29 19:40:38] [INFO] [eeg2go] [load_recording] Large file detected, using memory mapping
[2025-06-29 19:40:41] [INFO] [eeg2go] Saved 39 feature values for recording 108 (successful: 39, failed: 0)
[2025-06-29 19:40:42] [INFO] [eeg2go] [load_recording] Recording 109: 64860.0s, 22 channels, 200.0 Hz
[2025-06-29 19:40:42] [INFO] [eeg2go] [load_recording] Estimated memory usage: 1088.7 MB
[2025-06-29 19:40:42] [INFO] [eeg2go] [load_recording] Large file detected, using memory mapping
[2025-06-29 19:40:47] [INFO] [eeg2go] Saved 39 feature values for recording 109 (successful: 39, failed: 0)
[2025-06-29 19:40:48] [INFO] [eeg2go] [load_recording] Recording 110: 47485.0s, 30 channels, 200.0 Hz
[2025-06-29 19:40:48] [INFO] [eeg2go] [load_recording] Estimated memory usage: 1086.8 MB
[2025-06-29 19:40:48] [INFO] [eeg2go] [load_recording] Large file detected, using memory mapping
[2025-06-29 19:40:53] [INFO] [eeg2go] Saved 39 feature values for recording 110 (successful: 39, failed: 0)
[2025-06-29 19:40:53] [INFO] [eeg2go] [load_recording] Recording 111: 4217.0s, 30 channels, 200.0 Hz
[2025-06-29 19:40:53] [INFO] [eeg2go] [load_recording] Estimated memory usage: 96.5 MB
[2025-06-29 19:40:54] [INFO] [eeg2go] Saved 39 feature values for recording 111 (successful: 39, failed: 0)
[2025-06-29 19:40:54] [INFO] [eeg2go] [load_recording] Recording 112: 2753.0s, 30 channels, 200.0 Hz
[2025-06-29 19:40:54] [INFO] [eeg2go] [load_recording] Estimated memory usage: 63.0 MB
[2025-06-29 19:40:54] [INFO] [eeg2go] Saved 39 feature values for recording 112 (successful: 39, failed: 0)
[2025-06-29 19:40:55] [INFO] [eeg2go] [load_recording] Recording 113: 4050.0s, 30 channels, 200.0 Hz
[2025-06-29 19:40:55] [INFO] [eeg2go] [load_recording] Estimated memory usage: 92.7 MB
[2025-06-29 19:40:55] [INFO] [eeg2go] Saved 39 feature values for recording 113 (successful: 39, failed: 0)
[2025-06-29 19:40:55] [INFO] [eeg2go] [load_recording] Recording 114: 2403.0s, 30 channels, 200.0 Hz
[2025-06-29 19:40:55] [INFO] [eeg2go] [load_recording] Estimated memory usage: 55.0 MB
[2025-06-29 19:40:55] [INFO] [eeg2go] Saved 39 feature values for recording 114 (successful: 39, failed: 0)
[2025-06-29 19:40:55] [INFO] [eeg2go] [load_recording] Recording 115: 72052.0s, 30 channels, 200.0 Hz
[2025-06-29 19:40:55] [INFO] [eeg2go] [load_recording] Estimated memory usage: 1649.1 MB
[2025-06-29 19:40:55] [INFO] [eeg2go] [load_recording] Large file detected, using memory mapping
[2025-06-29 19:41:03] [INFO] [eeg2go] Saved 39 feature values for recording 115 (successful: 39, failed: 0)
[2025-06-29 19:41:04] [INFO] [eeg2go] [load_recording] Recording 116: 19289.0s, 30 channels, 200.0 Hz
[2025-06-29 19:41:04] [INFO] [eeg2go] [load_recording] Estimated memory usage: 441.5 MB
[2025-06-29 19:41:06] [INFO] [eeg2go] Saved 39 feature values for recording 116 (successful: 39, failed: 0)
[2025-06-29 19:41:06] [INFO] [eeg2go] [load_recording] Recording 117: 16816.0s, 30 channels, 200.0 Hz
[2025-06-29 19:41:06] [INFO] [eeg2go] [load_recording] Estimated memory usage: 384.9 MB
[2025-06-29 19:41:08] [INFO] [eeg2go] Saved 39 feature values for recording 117 (successful: 39, failed: 0)
[2025-06-29 19:41:08] [INFO] [eeg2go] [load_recording] Recording 118: 3242.0s, 30 channels, 200.0 Hz
[2025-06-29 19:41:08] [INFO] [eeg2go] [load_recording] Estimated memory usage: 74.2 MB
[2025-06-29 19:41:08] [INFO] [eeg2go] Saved 39 feature values for recording 118 (successful: 39, failed: 0)
[2025-06-29 19:41:08] [INFO] [eeg2go] [load_recording] Recording 119: 15219.0s, 50 channels, 512.0 Hz
[2025-06-29 19:41:08] [INFO] [eeg2go] [load_recording] Estimated memory usage: 1486.2 MB
[2025-06-29 19:41:08] [INFO] [eeg2go] [load_recording] Large file detected, using memory mapping
[2025-06-29 19:41:13] [INFO] [eeg2go] Saved 39 feature values for recording 119 (successful: 39, failed: 0)
[2025-06-29 19:41:13] [INFO] [eeg2go] [load_recording] Recording 120: 16026.0s, 50 channels, 512.0 Hz
[2025-06-29 19:41:13] [INFO] [eeg2go] [load_recording] Estimated memory usage: 1565.0 MB
[2025-06-29 19:41:13] [INFO] [eeg2go] [load_recording] Large file detected, using memory mapping
[2025-06-29 19:41:18] [INFO] [eeg2go] Saved 39 feature values for recording 120 (successful: 39, failed: 0)
[2025-06-29 19:41:19] [INFO] [eeg2go] [load_recording] Recording 121: 24771.0s, 50 channels, 512.0 Hz
[2025-06-29 19:41:19] [INFO] [eeg2go] [load_recording] Estimated memory usage: 2419.0 MB
[2025-06-29 19:41:19] [INFO] [eeg2go] [load_recording] Large file detected, using memory mapping
[2025-06-29 19:41:27] [INFO] [eeg2go] Saved 39 feature values for recording 121 (successful: 39, failed: 0)
[2025-06-29 19:41:28] [INFO] [eeg2go] [load_recording] Recording 122: 2133.0s, 50 channels, 512.0 Hz
[2025-06-29 19:41:28] [INFO] [eeg2go] [load_recording] Estimated memory usage: 208.3 MB
[2025-06-29 19:41:28] [INFO] [eeg2go] Saved 39 feature values for recording 122 (successful: 39, failed: 0)
[2025-06-29 19:41:28] [INFO] [eeg2go] [load_recording] Recording 123: 39970.0s, 50 channels, 512.0 Hz
[2025-06-29 19:41:28] [INFO] [eeg2go] [load_recording] Estimated memory usage: 3903.3 MB
[2025-06-29 19:41:28] [INFO] [eeg2go] [load_recording] Large file detected, using memory mapping
[2025-06-29 19:41:55] [WARNING] [eeg2go] [SKIP] fxdef_id=12 recording_id=123 - previously failed: Feature generation failed: Unable to allocate 7.63 GiB for an array with shape (7993, 50, 2561) and data type float64
[2025-06-29 19:41:55] [WARNING] [eeg2go] [SKIP] fxdef_id=13 recording_id=123 - previously failed: Feature generation failed: Unable to allocate 7.63 GiB for an array with shape (7993, 50, 2561) and data type float64
[2025-06-29 19:41:55] [WARNING] [eeg2go] [SKIP] fxdef_id=14 recording_id=123 - previously failed: Feature generation failed: Unable to allocate 7.63 GiB for an array with shape (7993, 50, 2561) and data type float64
[2025-06-29 19:41:55] [WARNING] [eeg2go] [SKIP] fxdef_id=15 recording_id=123 - previously failed: Feature generation failed: Unable to allocate 7.63 GiB for an array with shape (7993, 50, 2561) and data type float64
[2025-06-29 19:41:55] [WARNING] [eeg2go] [SKIP] fxdef_id=16 recording_id=123 - previously failed: Feature generation failed: Unable to allocate 7.63 GiB for an array with shape (7993, 50, 2561) and data type float64
[2025-06-29 19:41:55] [WARNING] [eeg2go] [SKIP] fxdef_id=17 recording_id=123 - previously failed: Feature generation failed: Unable to allocate 7.63 GiB for an array with shape (7993, 50, 2561) and data type float64
[2025-06-29 19:41:55] [WARNING] [eeg2go] [SKIP] fxdef_id=18 recording_id=123 - previously failed: Feature generation failed: Unable to allocate 7.63 GiB for an array with shape (7993, 50, 2561) and data type float64
[2025-06-29 19:41:55] [WARNING] [eeg2go] [SKIP] fxdef_id=19 recording_id=123 - previously failed: Feature generation failed: Unable to allocate 7.63 GiB for an array with shape (7993, 50, 2561) and data type float64
[2025-06-29 19:41:55] [WARNING] [eeg2go] [SKIP] fxdef_id=20 recording_id=123 - previously failed: Feature generation failed: Unable to allocate 7.63 GiB for an array with shape (7993, 50, 2561) and data type float64
[2025-06-29 19:41:55] [WARNING] [eeg2go] [SKIP] fxdef_id=21 recording_id=123 - previously failed: Feature generation failed: Unable to allocate 7.63 GiB for an array with shape (7993, 50, 2561) and data type float64
[2025-06-29 19:41:55] [WARNING] [eeg2go] [SKIP] fxdef_id=22 recording_id=123 - previously failed: Feature generation failed: Unable to allocate 7.63 GiB for an array with shape (7993, 50, 2561) and data type float64
[2025-06-29 19:41:55] [WARNING] [eeg2go] [SKIP] fxdef_id=23 recording_id=123 - previously failed: Feature generation failed: Unable to allocate 7.63 GiB for an array with shape (7993, 50, 2561) and data type float64
[2025-06-29 19:41:55] [WARNING] [eeg2go] [SKIP] fxdef_id=24 recording_id=123 - previously failed: Feature generation failed: Unable to allocate 7.63 GiB for an array with shape (7993, 50, 2561) and data type float64
[2025-06-29 19:41:55] [WARNING] [eeg2go] [SKIP] fxdef_id=25 recording_id=123 - previously failed: Feature generation failed: Unable to allocate 7.63 GiB for an array with shape (7993, 50, 2561) and data type float64
[2025-06-29 19:41:55] [WARNING] [eeg2go] [SKIP] fxdef_id=26 recording_id=123 - previously failed: Feature generation failed: Unable to allocate 7.63 GiB for an array with shape (7993, 50, 2561) and data type float64
[2025-06-29 19:41:55] [WARNING] [eeg2go] [SKIP] fxdef_id=27 recording_id=123 - previously failed: Feature generation failed: Unable to allocate 7.63 GiB for an array with shape (7993, 50, 2561) and data type float64
[2025-06-29 19:41:55] [WARNING] [eeg2go] [SKIP] fxdef_id=28 recording_id=123 - previously failed: Feature generation failed: Unable to allocate 7.63 GiB for an array with shape (7993, 50, 2561) and data type float64
[2025-06-29 19:41:55] [WARNING] [eeg2go] [SKIP] fxdef_id=29 recording_id=123 - previously failed: Feature generation failed: Unable to allocate 7.63 GiB for an array with shape (7993, 50, 2561) and data type float64
[2025-06-29 19:41:55] [WARNING] [eeg2go] [SKIP] fxdef_id=30 recording_id=123 - previously failed: Feature generation failed: Unable to allocate 7.63 GiB for an array with shape (7993, 50, 2561) and data type float64
[2025-06-29 19:41:55] [WARNING] [eeg2go] [SKIP] fxdef_id=31 recording_id=123 - previously failed: Feature generation failed: Unable to allocate 7.63 GiB for an array with shape (7993, 50, 2561) and data type float64
[2025-06-29 19:41:55] [WARNING] [eeg2go] [SKIP] fxdef_id=32 recording_id=123 - previously failed: Feature generation failed: Unable to allocate 7.63 GiB for an array with shape (7993, 50, 2561) and data type float64
[2025-06-29 19:41:55] [WARNING] [eeg2go] [SKIP] fxdef_id=33 recording_id=123 - previously failed: Feature generation failed: Unable to allocate 7.63 GiB for an array with shape (7993, 50, 2561) and data type float64
[2025-06-29 19:41:55] [WARNING] [eeg2go] [SKIP] fxdef_id=34 recording_id=123 - previously failed: Feature generation failed: Unable to allocate 7.63 GiB for an array with shape (7993, 50, 2561) and data type float64
[2025-06-29 19:41:55] [WARNING] [eeg2go] [SKIP] fxdef_id=35 recording_id=123 - previously failed: Feature generation failed: Unable to allocate 7.63 GiB for an array with shape (7993, 50, 2561) and data type float64
[2025-06-29 19:41:55] [WARNING] [eeg2go] [SKIP] fxdef_id=36 recording_id=123 - previously failed: Feature generation failed: Unable to allocate 7.63 GiB for an array with shape (7993, 50, 2561) and data type float64
[2025-06-29 19:41:55] [WARNING] [eeg2go] [SKIP] fxdef_id=37 recording_id=123 - previously failed: Feature generation failed: Unable to allocate 7.63 GiB for an array with shape (7993, 50, 2561) and data type float64
[2025-06-29 19:41:55] [WARNING] [eeg2go] [SKIP] fxdef_id=38 recording_id=123 - previously failed: Feature generation failed: Unable to allocate 7.63 GiB for an array with shape (7993, 50, 2561) and data type float64
[2025-06-29 19:41:55] [WARNING] [eeg2go] [SKIP] fxdef_id=39 recording_id=123 - previously failed: Feature generation failed: Unable to allocate 7.63 GiB for an array with shape (7993, 50, 2561) and data type float64
[2025-06-29 19:41:55] [WARNING] [eeg2go] [SKIP] fxdef_id=40 recording_id=123 - previously failed: Feature generation failed: Unable to allocate 7.63 GiB for an array with shape (7993, 50, 2561) and data type float64
[2025-06-29 19:41:55] [WARNING] [eeg2go] [SKIP] fxdef_id=41 recording_id=123 - previously failed: Feature generation failed: Unable to allocate 7.63 GiB for an array with shape (7993, 50, 2561) and data type float64
[2025-06-29 19:41:55] [WARNING] [eeg2go] [SKIP] fxdef_id=42 recording_id=123 - previously failed: Feature generation failed: Unable to allocate 7.63 GiB for an array with shape (7993, 50, 2561) and data type float64
[2025-06-29 19:41:55] [WARNING] [eeg2go] [SKIP] fxdef_id=43 recording_id=123 - previously failed: Feature generation failed: Unable to allocate 7.63 GiB for an array with shape (7993, 50, 2561) and data type float64
[2025-06-29 19:41:55] [WARNING] [eeg2go] [SKIP] fxdef_id=44 recording_id=123 - previously failed: Feature generation failed: Unable to allocate 7.63 GiB for an array with shape (7993, 50, 2561) and data type float64
[2025-06-29 19:41:55] [WARNING] [eeg2go] [SKIP] fxdef_id=45 recording_id=123 - previously failed: Feature generation failed: Unable to allocate 7.63 GiB for an array with shape (7993, 50, 2561) and data type float64
[2025-06-29 19:41:55] [WARNING] [eeg2go] [SKIP] fxdef_id=46 recording_id=123 - previously failed: Feature generation failed: Unable to allocate 7.63 GiB for an array with shape (7993, 50, 2561) and data type float64
[2025-06-29 19:41:55] [WARNING] [eeg2go] [SKIP] fxdef_id=47 recording_id=123 - previously failed: Feature generation failed: Unable to allocate 7.63 GiB for an array with shape (7993, 50, 2561) and data type float64
[2025-06-29 19:41:55] [WARNING] [eeg2go] [SKIP] fxdef_id=48 recording_id=123 - previously failed: Feature generation failed: Unable to allocate 7.63 GiB for an array with shape (7993, 50, 2561) and data type float64
[2025-06-29 19:41:55] [WARNING] [eeg2go] [SKIP] fxdef_id=49 recording_id=123 - previously failed: Feature generation failed: Unable to allocate 7.63 GiB for an array with shape (7993, 50, 2561) and data type float64
[2025-06-29 19:41:55] [WARNING] [eeg2go] [SKIP] fxdef_id=50 recording_id=123 - previously failed: Feature generation failed: Unable to allocate 7.63 GiB for an array with shape (7993, 50, 2561) and data type float64
[2025-06-29 19:41:55] [INFO] [eeg2go] Saved 39 feature values for recording 123 (successful: 0, failed: 39)
[2025-06-29 19:41:56] [INFO] [eeg2go] [load_recording] Recording 124: 25730.0s, 50 channels, 512.0 Hz
[2025-06-29 19:41:56] [INFO] [eeg2go] [load_recording] Estimated memory usage: 2512.7 MB
[2025-06-29 19:41:56] [INFO] [eeg2go] [load_recording] Large file detected, using memory mapping
[2025-06-29 19:42:05] [INFO] [eeg2go] Saved 39 feature values for recording 124 (successful: 39, failed: 0)
[2025-06-29 19:42:06] [INFO] [eeg2go] [load_recording] Recording 125: 2314.0s, 23 channels, 200.0 Hz
[2025-06-29 19:42:06] [INFO] [eeg2go] [load_recording] Estimated memory usage: 40.6 MB
[2025-06-29 19:42:06] [INFO] [eeg2go] Saved 39 feature values for recording 125 (successful: 39, failed: 0)
[2025-06-29 19:42:06] [INFO] [eeg2go] [load_recording] Recording 126: 31080.0s, 30 channels, 200.0 Hz
[2025-06-29 19:42:06] [INFO] [eeg2go] [load_recording] Estimated memory usage: 711.4 MB
[2025-06-29 19:42:06] [INFO] [eeg2go] [load_recording] Large file detected, using memory mapping
[2025-06-29 19:42:09] [INFO] [eeg2go] Saved 39 feature values for recording 126 (successful: 39, failed: 0)
[2025-06-29 19:42:10] [INFO] [eeg2go] [load_recording] Recording 127: 2477.0s, 30 channels, 200.0 Hz
[2025-06-29 19:42:10] [INFO] [eeg2go] [load_recording] Estimated memory usage: 56.7 MB
[2025-06-29 19:42:10] [INFO] [eeg2go] Saved 39 feature values for recording 127 (successful: 39, failed: 0)
[2025-06-29 19:42:10] [INFO] [eeg2go] [load_recording] Recording 128: 4179.0s, 30 channels, 200.0 Hz
[2025-06-29 19:42:10] [INFO] [eeg2go] [load_recording] Estimated memory usage: 95.6 MB
[2025-06-29 19:42:11] [INFO] [eeg2go] Saved 39 feature values for recording 128 (successful: 39, failed: 0)
[2025-06-29 19:42:11] [INFO] [eeg2go] [load_recording] Recording 129: 22468.0s, 30 channels, 200.0 Hz
[2025-06-29 19:42:11] [INFO] [eeg2go] [load_recording] Estimated memory usage: 514.3 MB
[2025-06-29 19:42:11] [INFO] [eeg2go] [load_recording] Large file detected, using memory mapping
[2025-06-29 19:42:13] [INFO] [eeg2go] Saved 39 feature values for recording 129 (successful: 39, failed: 0)
[2025-06-29 19:42:13] [INFO] [eeg2go] [load_recording] Recording 130: 4879.0s, 30 channels, 200.0 Hz
[2025-06-29 19:42:13] [INFO] [eeg2go] [load_recording] Estimated memory usage: 111.7 MB
[2025-06-29 19:42:14] [INFO] [eeg2go] Saved 39 feature values for recording 130 (successful: 39, failed: 0)
[2025-06-29 19:42:14] [INFO] [eeg2go] [load_recording] Recording 131: 5035.0s, 30 channels, 200.0 Hz
[2025-06-29 19:42:14] [INFO] [eeg2go] [load_recording] Estimated memory usage: 115.2 MB
[2025-06-29 19:42:15] [INFO] [eeg2go] Saved 39 feature values for recording 131 (successful: 39, failed: 0)
[2025-06-29 19:42:15] [INFO] [eeg2go] [load_recording] Recording 132: 1679.0s, 30 channels, 200.0 Hz
[2025-06-29 19:42:15] [INFO] [eeg2go] [load_recording] Estimated memory usage: 38.4 MB
[2025-06-29 19:42:15] [INFO] [eeg2go] Saved 39 feature values for recording 132 (successful: 39, failed: 0)
[2025-06-29 19:42:15] [INFO] [eeg2go] [load_recording] Recording 133: 58966.0s, 30 channels, 200.0 Hz
[2025-06-29 19:42:15] [INFO] [eeg2go] [load_recording] Estimated memory usage: 1349.6 MB
[2025-06-29 19:42:15] [INFO] [eeg2go] [load_recording] Large file detected, using memory mapping
[2025-06-29 19:42:22] [INFO] [eeg2go] Saved 39 feature values for recording 133 (successful: 39, failed: 0)
[2025-06-29 19:42:23] [INFO] [eeg2go] [load_recording] Recording 134: 20880.0s, 30 channels, 200.0 Hz
[2025-06-29 19:42:23] [INFO] [eeg2go] [load_recording] Estimated memory usage: 477.9 MB
[2025-06-29 19:42:25] [INFO] [eeg2go] Saved 39 feature values for recording 134 (successful: 39, failed: 0)
[2025-06-29 19:42:25] [INFO] [eeg2go] [load_recording] Recording 135: 9516.0s, 30 channels, 200.0 Hz
[2025-06-29 19:42:25] [INFO] [eeg2go] [load_recording] Estimated memory usage: 217.8 MB
[2025-06-29 19:42:26] [INFO] [eeg2go] Saved 39 feature values for recording 135 (successful: 39, failed: 0)
[2025-06-29 19:42:26] [INFO] [eeg2go] [load_recording] Recording 136: 2529.0s, 29 channels, 200.0 Hz
[2025-06-29 19:42:26] [INFO] [eeg2go] [load_recording] Estimated memory usage: 56.0 MB
[2025-06-29 19:42:26] [INFO] [eeg2go] Saved 39 feature values for recording 136 (successful: 39, failed: 0)
[2025-06-29 19:42:26] [INFO] [eeg2go] [load_recording] Recording 137: 5682.0s, 30 channels, 200.0 Hz
[2025-06-29 19:42:26] [INFO] [eeg2go] [load_recording] Estimated memory usage: 130.1 MB
[2025-06-29 19:42:27] [INFO] [eeg2go] Saved 39 feature values for recording 137 (successful: 39, failed: 0)
[2025-06-29 19:42:27] [INFO] [eeg2go] [load_recording] Recording 138: 64930.0s, 20 channels, 200.0 Hz
[2025-06-29 19:42:27] [INFO] [eeg2go] [load_recording] Estimated memory usage: 990.8 MB
[2025-06-29 19:42:27] [INFO] [eeg2go] [load_recording] Large file detected, using memory mapping
[2025-06-29 19:42:31] [INFO] [eeg2go] Saved 39 feature values for recording 138 (successful: 39, failed: 0)
[2025-06-29 19:42:32] [INFO] [eeg2go] [load_recording] Recording 139: 57725.0s, 20 channels, 200.0 Hz
[2025-06-29 19:42:32] [INFO] [eeg2go] [load_recording] Estimated memory usage: 880.8 MB
[2025-06-29 19:42:32] [INFO] [eeg2go] [load_recording] Large file detected, using memory mapping
[2025-06-29 19:42:36] [INFO] [eeg2go] Saved 39 feature values for recording 139 (successful: 39, failed: 0)
[2025-06-29 19:42:37] [INFO] [eeg2go] [load_recording] Recording 140: 25329.0s, 20 channels, 200.0 Hz
[2025-06-29 19:42:37] [INFO] [eeg2go] [load_recording] Estimated memory usage: 386.5 MB
[2025-06-29 19:42:38] [INFO] [eeg2go] Saved 39 feature values for recording 140 (successful: 39, failed: 0)
[2025-06-29 19:42:38] [INFO] [eeg2go] [load_recording] Recording 141: 26647.0s, 20 channels, 200.0 Hz
[2025-06-29 19:42:38] [INFO] [eeg2go] [load_recording] Estimated memory usage: 406.6 MB
[2025-06-29 19:42:40] [INFO] [eeg2go] Saved 39 feature values for recording 141 (successful: 39, failed: 0)
[2025-06-29 19:42:40] [INFO] [eeg2go] [load_recording] Recording 142: 57723.0s, 20 channels, 200.0 Hz
[2025-06-29 19:42:40] [INFO] [eeg2go] [load_recording] Estimated memory usage: 880.8 MB
[2025-06-29 19:42:40] [INFO] [eeg2go] [load_recording] Large file detected, using memory mapping
[2025-06-29 19:42:45] [INFO] [eeg2go] Saved 39 feature values for recording 142 (successful: 39, failed: 0)
[2025-06-29 19:42:45] [INFO] [eeg2go] [load_recording] Recording 143: 1622.0s, 30 channels, 200.0 Hz
[2025-06-29 19:42:45] [INFO] [eeg2go] [load_recording] Estimated memory usage: 37.1 MB
[2025-06-29 19:42:45] [INFO] [eeg2go] Saved 39 feature values for recording 143 (successful: 39, failed: 0)
[2025-06-29 19:42:45] [INFO] [eeg2go] [load_recording] Recording 144: 22630.0s, 30 channels, 200.0 Hz
[2025-06-29 19:42:45] [INFO] [eeg2go] [load_recording] Estimated memory usage: 518.0 MB
[2025-06-29 19:42:45] [INFO] [eeg2go] [load_recording] Large file detected, using memory mapping
[2025-06-29 19:42:47] [INFO] [eeg2go] Saved 39 feature values for recording 144 (successful: 39, failed: 0)
[2025-06-29 19:42:48] [INFO] [eeg2go] [load_recording] Recording 145: 1716.0s, 30 channels, 200.0 Hz
[2025-06-29 19:42:48] [INFO] [eeg2go] [load_recording] Estimated memory usage: 39.3 MB
[2025-06-29 19:42:48] [INFO] [eeg2go] Saved 39 feature values for recording 145 (successful: 39, failed: 0)
[2025-06-29 19:42:48] [INFO] [eeg2go] [load_recording] Recording 146: 56842.0s, 30 channels, 200.0 Hz
[2025-06-29 19:42:48] [INFO] [eeg2go] [load_recording] Estimated memory usage: 1301.0 MB
[2025-06-29 19:42:48] [INFO] [eeg2go] [load_recording] Large file detected, using memory mapping
[2025-06-29 19:42:54] [INFO] [eeg2go] Saved 39 feature values for recording 146 (successful: 39, failed: 0)
[2025-06-29 19:42:54] [INFO] [eeg2go] [load_recording] Recording 147: 72582.0s, 30 channels, 200.0 Hz
[2025-06-29 19:42:54] [INFO] [eeg2go] [load_recording] Estimated memory usage: 1661.3 MB
[2025-06-29 19:42:54] [INFO] [eeg2go] [load_recording] Large file detected, using memory mapping
[2025-06-29 19:43:02] [INFO] [eeg2go] Saved 39 feature values for recording 147 (successful: 39, failed: 0)
[2025-06-29 19:43:02] [INFO] [eeg2go] [load_recording] Recording 148: 87561.0s, 30 channels, 200.0 Hz
[2025-06-29 19:43:02] [INFO] [eeg2go] [load_recording] Estimated memory usage: 2004.1 MB
[2025-06-29 19:43:02] [INFO] [eeg2go] [load_recording] Large file detected, using memory mapping
[2025-06-29 19:43:11] [INFO] [eeg2go] Saved 39 feature values for recording 148 (successful: 39, failed: 0)
[2025-06-29 19:43:12] [INFO] [eeg2go] [load_recording] Recording 149: 88517.0s, 30 channels, 200.0 Hz
[2025-06-29 19:43:12] [INFO] [eeg2go] [load_recording] Estimated memory usage: 2026.0 MB
[2025-06-29 19:43:12] [INFO] [eeg2go] [load_recording] Large file detected, using memory mapping
[2025-06-29 19:43:22] [INFO] [eeg2go] Saved 39 feature values for recording 149 (successful: 39, failed: 0)
[2025-06-29 19:43:23] [INFO] [eeg2go] [load_recording] Recording 150: 54985.0s, 22 channels, 200.0 Hz
[2025-06-29 19:43:23] [INFO] [eeg2go] [load_recording] Estimated memory usage: 922.9 MB
[2025-06-29 19:43:23] [INFO] [eeg2go] [load_recording] Large file detected, using memory mapping
[2025-06-29 19:43:27] [INFO] [eeg2go] Saved 39 feature values for recording 150 (successful: 39, failed: 0)
[2025-06-29 19:43:27] [INFO] [eeg2go] [load_recording] Recording 151: 1868.0s, 30 channels, 200.0 Hz
[2025-06-29 19:43:27] [INFO] [eeg2go] [load_recording] Estimated memory usage: 42.8 MB
[2025-06-29 19:43:27] [INFO] [eeg2go] Saved 39 feature values for recording 151 (successful: 39, failed: 0)
[2025-06-29 19:43:28] [INFO] [eeg2go] [load_recording] Recording 152: 2358.0s, 29 channels, 200.0 Hz
[2025-06-29 19:43:28] [INFO] [eeg2go] [load_recording] Estimated memory usage: 52.2 MB
[2025-06-29 19:43:28] [INFO] [eeg2go] Saved 39 feature values for recording 152 (successful: 39, failed: 0)
[2025-06-29 19:43:28] [INFO] [eeg2go] [load_recording] Recording 153: 4502.0s, 30 channels, 200.0 Hz
[2025-06-29 19:43:28] [INFO] [eeg2go] [load_recording] Estimated memory usage: 103.0 MB
[2025-06-29 19:43:28] [INFO] [eeg2go] Saved 39 feature values for recording 153 (successful: 39, failed: 0)
[2025-06-29 19:43:28] [INFO] [eeg2go] [load_recording] Recording 154: 2045.0s, 30 channels, 200.0 Hz
[2025-06-29 19:43:28] [INFO] [eeg2go] [load_recording] Estimated memory usage: 46.8 MB
[2025-06-29 19:43:29] [INFO] [eeg2go] Saved 39 feature values for recording 154 (successful: 39, failed: 0)
[2025-06-29 19:43:29] [INFO] [eeg2go] [load_recording] Recording 155: 2647.0s, 30 channels, 200.0 Hz
[2025-06-29 19:43:29] [INFO] [eeg2go] [load_recording] Estimated memory usage: 60.6 MB
[2025-06-29 19:43:29] [INFO] [eeg2go] Saved 39 feature values for recording 155 (successful: 39, failed: 0)
[2025-06-29 19:43:29] [INFO] [eeg2go] [load_recording] Recording 156: 1501.0s, 30 channels, 200.0 Hz
[2025-06-29 19:43:29] [INFO] [eeg2go] [load_recording] Estimated memory usage: 34.4 MB
[2025-06-29 19:43:29] [INFO] [eeg2go] Saved 39 feature values for recording 156 (successful: 39, failed: 0)
[2025-06-29 19:43:29] [INFO] [eeg2go] [load_recording] Recording 157: 44514.0s, 30 channels, 200.0 Hz
[2025-06-29 19:43:29] [INFO] [eeg2go] [load_recording] Estimated memory usage: 1018.8 MB
[2025-06-29 19:43:29] [INFO] [eeg2go] [load_recording] Large file detected, using memory mapping
[2025-06-29 19:43:34] [INFO] [eeg2go] Saved 39 feature values for recording 157 (successful: 39, failed: 0)
[2025-06-29 19:43:34] [INFO] [eeg2go] [load_recording] Recording 158: 8185.0s, 30 channels, 200.0 Hz
[2025-06-29 19:43:34] [INFO] [eeg2go] [load_recording] Estimated memory usage: 187.3 MB
[2025-06-29 19:43:35] [INFO] [eeg2go] Saved 39 feature values for recording 158 (successful: 39, failed: 0)
[2025-06-29 19:43:35] [INFO] [eeg2go] [load_recording] Recording 159: 80024.0s, 29 channels, 200.0 Hz
[2025-06-29 19:43:35] [INFO] [eeg2go] [load_recording] Estimated memory usage: 1770.6 MB
[2025-06-29 19:43:35] [INFO] [eeg2go] [load_recording] Large file detected, using memory mapping
[2025-06-29 19:43:43] [INFO] [eeg2go] Saved 39 feature values for recording 159 (successful: 39, failed: 0)
[2025-06-29 19:43:44] [INFO] [eeg2go] [load_recording] Recording 160: 89465.0s, 29 channels, 200.0 Hz
[2025-06-29 19:43:44] [INFO] [eeg2go] [load_recording] Estimated memory usage: 1979.4 MB
[2025-06-29 19:43:44] [INFO] [eeg2go] [load_recording] Large file detected, using memory mapping
[2025-06-29 19:43:53] [INFO] [eeg2go] Saved 39 feature values for recording 160 (successful: 39, failed: 0)
[2025-06-29 19:43:54] [INFO] [eeg2go] [load_recording] Recording 161: 49908.0s, 29 channels, 200.0 Hz
[2025-06-29 19:43:54] [INFO] [eeg2go] [load_recording] Estimated memory usage: 1104.2 MB
[2025-06-29 19:43:54] [INFO] [eeg2go] [load_recording] Large file detected, using memory mapping
[2025-06-29 19:43:58] [INFO] [eeg2go] Saved 39 feature values for recording 161 (successful: 39, failed: 0)
[2025-06-29 19:43:59] [INFO] [eeg2go] [load_recording] Recording 162: 5690.0s, 30 channels, 200.0 Hz
[2025-06-29 19:43:59] [INFO] [eeg2go] [load_recording] Estimated memory usage: 130.2 MB
[2025-06-29 19:43:59] [INFO] [eeg2go] Saved 39 feature values for recording 162 (successful: 39, failed: 0)
[2025-06-29 19:43:59] [INFO] [eeg2go] [load_recording] Recording 163: 3538.0s, 30 channels, 200.0 Hz
[2025-06-29 19:43:59] [INFO] [eeg2go] [load_recording] Estimated memory usage: 81.0 MB
[2025-06-29 19:44:00] [INFO] [eeg2go] Saved 39 feature values for recording 163 (successful: 39, failed: 0)
[2025-06-29 19:44:00] [INFO] [eeg2go] [load_recording] Recording 164: 2569.0s, 30 channels, 200.0 Hz
[2025-06-29 19:44:00] [INFO] [eeg2go] [load_recording] Estimated memory usage: 58.8 MB
[2025-06-29 19:44:00] [INFO] [eeg2go] Saved 39 feature values for recording 164 (successful: 39, failed: 0)
[2025-06-29 19:44:00] [INFO] [eeg2go] [load_recording] Recording 165: 1754.0s, 30 channels, 200.0 Hz
[2025-06-29 19:44:00] [INFO] [eeg2go] [load_recording] Estimated memory usage: 40.1 MB
[2025-06-29 19:44:00] [INFO] [eeg2go] Saved 39 feature values for recording 165 (successful: 39, failed: 0)
[2025-06-29 19:44:01] [INFO] [eeg2go] [load_recording] Recording 166: 118676.0s, 30 channels, 200.0 Hz
[2025-06-29 19:44:01] [INFO] [eeg2go] [load_recording] Estimated memory usage: 2716.3 MB
[2025-06-29 19:44:01] [INFO] [eeg2go] [load_recording] Large file detected, using memory mapping
[2025-06-29 19:44:17] [INFO] [eeg2go] Saved 39 feature values for recording 166 (successful: 39, failed: 0)
[2025-06-29 19:44:18] [INFO] [eeg2go] [load_recording] Recording 167: 6401.0s, 30 channels, 200.0 Hz
[2025-06-29 19:44:18] [INFO] [eeg2go] [load_recording] Estimated memory usage: 146.5 MB
[2025-06-29 19:44:19] [INFO] [eeg2go] Saved 39 feature values for recording 167 (successful: 39, failed: 0)
[2025-06-29 19:44:19] [INFO] [eeg2go] [load_recording] Recording 168: 72888.0s, 30 channels, 200.0 Hz
[2025-06-29 19:44:19] [INFO] [eeg2go] [load_recording] Estimated memory usage: 1668.3 MB
[2025-06-29 19:44:19] [INFO] [eeg2go] [load_recording] Large file detected, using memory mapping
[2025-06-29 19:44:27] [INFO] [eeg2go] Saved 39 feature values for recording 168 (successful: 39, failed: 0)
[2025-06-29 19:44:28] [INFO] [eeg2go] [load_recording] Recording 169: 12215.0s, 30 channels, 200.0 Hz
[2025-06-29 19:44:28] [INFO] [eeg2go] [load_recording] Estimated memory usage: 279.6 MB
[2025-06-29 19:44:29] [INFO] [eeg2go] Saved 39 feature values for recording 169 (successful: 39, failed: 0)
[2025-06-29 19:44:29] [INFO] [eeg2go] [load_recording] Recording 170: 3693.0s, 29 channels, 200.0 Hz
[2025-06-29 19:44:29] [INFO] [eeg2go] [load_recording] Estimated memory usage: 81.7 MB
[2025-06-29 19:44:29] [INFO] [eeg2go] Saved 39 feature values for recording 170 (successful: 39, failed: 0)
[2025-06-29 19:44:29] [INFO] [eeg2go] [load_recording] Recording 171: 76381.0s, 29 channels, 200.0 Hz
[2025-06-29 19:44:29] [INFO] [eeg2go] [load_recording] Estimated memory usage: 1689.9 MB
[2025-06-29 19:44:29] [INFO] [eeg2go] [load_recording] Large file detected, using memory mapping
[2025-06-29 19:44:37] [INFO] [eeg2go] Saved 39 feature values for recording 171 (successful: 39, failed: 0)
[2025-06-29 19:44:38] [INFO] [eeg2go] [load_recording] Recording 172: 3809.0s, 30 channels, 200.0 Hz
[2025-06-29 19:44:38] [INFO] [eeg2go] [load_recording] Estimated memory usage: 87.2 MB
[2025-06-29 19:44:39] [INFO] [eeg2go] Saved 39 feature values for recording 172 (successful: 39, failed: 0)
[2025-06-29 19:44:39] [INFO] [eeg2go] [load_recording] Recording 173: 3262.0s, 30 channels, 200.0 Hz
[2025-06-29 19:44:39] [INFO] [eeg2go] [load_recording] Estimated memory usage: 74.7 MB
[2025-06-29 19:44:39] [INFO] [eeg2go] Saved 39 feature values for recording 173 (successful: 39, failed: 0)
[2025-06-29 19:44:39] [INFO] [eeg2go] [load_recording] Recording 174: 1237.0s, 30 channels, 200.0 Hz
[2025-06-29 19:44:39] [INFO] [eeg2go] [load_recording] Estimated memory usage: 28.3 MB
[2025-06-29 19:44:39] [INFO] [eeg2go] Saved 39 feature values for recording 174 (successful: 39, failed: 0)
[2025-06-29 19:44:40] [INFO] [eeg2go] [load_recording] Recording 175: 6132.0s, 30 channels, 200.0 Hz
[2025-06-29 19:44:40] [INFO] [eeg2go] [load_recording] Estimated memory usage: 140.4 MB
[2025-06-29 19:44:40] [INFO] [eeg2go] Saved 39 feature values for recording 175 (successful: 39, failed: 0)
[2025-06-29 19:44:40] [INFO] [eeg2go] [load_recording] Recording 176: 2862.0s, 30 channels, 200.0 Hz
[2025-06-29 19:44:40] [INFO] [eeg2go] [load_recording] Estimated memory usage: 65.5 MB
[2025-06-29 19:44:41] [INFO] [eeg2go] Saved 39 feature values for recording 176 (successful: 39, failed: 0)
[2025-06-29 19:44:41] [INFO] [eeg2go] [load_recording] Recording 177: 18250.0s, 30 channels, 200.0 Hz
[2025-06-29 19:44:41] [INFO] [eeg2go] [load_recording] Estimated memory usage: 417.7 MB
[2025-06-29 19:44:42] [INFO] [eeg2go] Saved 39 feature values for recording 177 (successful: 39, failed: 0)
[2025-06-29 19:44:42] [INFO] [eeg2go] [load_recording] Recording 178: 39163.0s, 30 channels, 200.0 Hz
[2025-06-29 19:44:42] [INFO] [eeg2go] [load_recording] Estimated memory usage: 896.4 MB
[2025-06-29 19:44:42] [INFO] [eeg2go] [load_recording] Large file detected, using memory mapping
[2025-06-29 19:44:46] [INFO] [eeg2go] Saved 39 feature values for recording 178 (successful: 39, failed: 0)
[2025-06-29 19:44:47] [INFO] [eeg2go] [load_recording] Recording 179: 90656.0s, 30 channels, 200.0 Hz
[2025-06-29 19:44:47] [INFO] [eeg2go] [load_recording] Estimated memory usage: 2075.0 MB
[2025-06-29 19:44:47] [INFO] [eeg2go] [load_recording] Large file detected, using memory mapping
[2025-06-29 19:44:56] [INFO] [eeg2go] Saved 39 feature values for recording 179 (successful: 39, failed: 0)
[2025-06-29 19:44:57] [INFO] [eeg2go] [load_recording] Recording 180: 17768.0s, 30 channels, 200.0 Hz
[2025-06-29 19:44:57] [INFO] [eeg2go] [load_recording] Estimated memory usage: 406.7 MB
[2025-06-29 19:44:58] [INFO] [eeg2go] Saved 39 feature values for recording 180 (successful: 39, failed: 0)
[2025-06-29 19:44:58] [INFO] [eeg2go] [load_recording] Recording 181: 28765.0s, 30 channels, 200.0 Hz
[2025-06-29 19:44:58] [INFO] [eeg2go] [load_recording] Estimated memory usage: 658.4 MB
[2025-06-29 19:44:58] [INFO] [eeg2go] [load_recording] Large file detected, using memory mapping
[2025-06-29 19:45:01] [INFO] [eeg2go] Saved 39 feature values for recording 181 (successful: 39, failed: 0)
[2025-06-29 19:45:02] [INFO] [eeg2go] [load_recording] Recording 182: 35966.0s, 30 channels, 200.0 Hz
[2025-06-29 19:45:02] [INFO] [eeg2go] [load_recording] Estimated memory usage: 823.2 MB
[2025-06-29 19:45:02] [INFO] [eeg2go] [load_recording] Large file detected, using memory mapping
[2025-06-29 19:45:05] [INFO] [eeg2go] Saved 39 feature values for recording 182 (successful: 39, failed: 0)
[2025-06-29 19:45:05] [INFO] [eeg2go] [load_recording] Recording 183: 6246.0s, 50 channels, 512.0 Hz
[2025-06-29 19:45:05] [INFO] [eeg2go] [load_recording] Estimated memory usage: 610.0 MB
[2025-06-29 19:45:05] [INFO] [eeg2go] [load_recording] Large file detected, using memory mapping
[2025-06-29 19:45:07] [INFO] [eeg2go] Saved 39 feature values for recording 183 (successful: 39, failed: 0)
[2025-06-29 19:45:07] [INFO] [eeg2go] [load_recording] Recording 184: 1482.0s, 30 channels, 200.0 Hz
[2025-06-29 19:45:07] [INFO] [eeg2go] [load_recording] Estimated memory usage: 33.9 MB
[2025-06-29 19:45:08] [INFO] [eeg2go] Saved 39 feature values for recording 184 (successful: 39, failed: 0)
[2025-06-29 19:45:08] [INFO] [eeg2go] [load_recording] Recording 185: 2543.0s, 30 channels, 200.0 Hz
[2025-06-29 19:45:08] [INFO] [eeg2go] [load_recording] Estimated memory usage: 58.2 MB
[2025-06-29 19:45:08] [INFO] [eeg2go] Saved 39 feature values for recording 185 (successful: 39, failed: 0)
[2025-06-29 19:45:08] [INFO] [eeg2go] [load_recording] Recording 186: 73897.0s, 30 channels, 200.0 Hz
[2025-06-29 19:45:08] [INFO] [eeg2go] [load_recording] Estimated memory usage: 1691.4 MB
[2025-06-29 19:45:08] [INFO] [eeg2go] [load_recording] Large file detected, using memory mapping
[2025-06-29 19:45:16] [INFO] [eeg2go] Saved 39 feature values for recording 186 (successful: 39, failed: 0)
[2025-06-29 19:45:17] [INFO] [eeg2go] [load_recording] Recording 187: 31784.0s, 30 channels, 200.0 Hz
[2025-06-29 19:45:17] [INFO] [eeg2go] [load_recording] Estimated memory usage: 727.5 MB
[2025-06-29 19:45:17] [INFO] [eeg2go] [load_recording] Large file detected, using memory mapping
[2025-06-29 19:45:20] [INFO] [eeg2go] Saved 39 feature values for recording 187 (successful: 39, failed: 0)
[2025-06-29 19:45:20] [INFO] [eeg2go] [load_recording] Recording 188: 1583.0s, 30 channels, 200.0 Hz
[2025-06-29 19:45:20] [INFO] [eeg2go] [load_recording] Estimated memory usage: 36.2 MB
[2025-06-29 19:45:20] [INFO] [eeg2go] Saved 39 feature values for recording 188 (successful: 39, failed: 0)
[2025-06-29 19:45:20] [INFO] [eeg2go] [load_recording] Recording 189: 2365.0s, 30 channels, 200.0 Hz
[2025-06-29 19:45:20] [INFO] [eeg2go] [load_recording] Estimated memory usage: 54.1 MB
[2025-06-29 19:45:21] [INFO] [eeg2go] Saved 39 feature values for recording 189 (successful: 39, failed: 0)
[2025-06-29 19:45:21] [INFO] [eeg2go] [load_recording] Recording 190: 2948.0s, 30 channels, 200.0 Hz
[2025-06-29 19:45:21] [INFO] [eeg2go] [load_recording] Estimated memory usage: 67.5 MB
[2025-06-29 19:45:21] [INFO] [eeg2go] Saved 39 feature values for recording 190 (successful: 39, failed: 0)
[2025-06-29 19:45:21] [INFO] [eeg2go] [load_recording] Recording 191: 6177.0s, 30 channels, 200.0 Hz
[2025-06-29 19:45:21] [INFO] [eeg2go] [load_recording] Estimated memory usage: 141.4 MB
[2025-06-29 19:45:22] [INFO] [eeg2go] Saved 39 feature values for recording 191 (successful: 39, failed: 0)
[2025-06-29 19:45:22] [INFO] [eeg2go] [load_recording] Recording 192: 3396.0s, 30 channels, 200.0 Hz
[2025-06-29 19:45:22] [INFO] [eeg2go] [load_recording] Estimated memory usage: 77.7 MB
[2025-06-29 19:45:22] [INFO] [eeg2go] Saved 39 feature values for recording 192 (successful: 39, failed: 0)
[2025-06-29 19:45:22] [INFO] [eeg2go] [load_recording] Recording 193: 1877.0s, 29 channels, 200.0 Hz
[2025-06-29 19:45:22] [INFO] [eeg2go] [load_recording] Estimated memory usage: 41.5 MB
[2025-06-29 19:45:23] [INFO] [eeg2go] Saved 39 feature values for recording 193 (successful: 39, failed: 0)
[2025-06-29 19:45:23] [INFO] [eeg2go] [load_recording] Recording 194: 27154.0s, 30 channels, 200.0 Hz
[2025-06-29 19:45:23] [INFO] [eeg2go] [load_recording] Estimated memory usage: 621.5 MB
[2025-06-29 19:45:23] [INFO] [eeg2go] [load_recording] Large file detected, using memory mapping
[2025-06-29 19:45:25] [INFO] [eeg2go] Saved 39 feature values for recording 194 (successful: 39, failed: 0)
[2025-06-29 19:45:26] [INFO] [eeg2go] [load_recording] Recording 195: 16821.0s, 30 channels, 200.0 Hz
[2025-06-29 19:45:26] [INFO] [eeg2go] [load_recording] Estimated memory usage: 385.0 MB
[2025-06-29 19:45:27] [INFO] [eeg2go] Saved 39 feature values for recording 195 (successful: 39, failed: 0)
[2025-06-29 19:45:27] [INFO] [eeg2go] [load_recording] Recording 196: 20367.0s, 50 channels, 512.0 Hz
[2025-06-29 19:45:27] [INFO] [eeg2go] [load_recording] Estimated memory usage: 1989.0 MB
[2025-06-29 19:45:27] [INFO] [eeg2go] [load_recording] Large file detected, using memory mapping
[2025-06-29 19:45:33] [INFO] [eeg2go] Saved 39 feature values for recording 196 (successful: 39, failed: 0)
[2025-06-29 19:45:34] [INFO] [eeg2go] [load_recording] Recording 197: 9646.0s, 4 channels, 200.0 Hz
[2025-06-29 19:45:34] [INFO] [eeg2go] [load_recording] Estimated memory usage: 29.4 MB
[2025-06-29 19:45:34] [WARNING] [eeg2go] [SKIP] fxdef_id=27 recording_id=197 - previously failed: Feature generation failed: Channel C3 not found in available channels: ['O1', 'P4', 'T6', 'O2']
[2025-06-29 19:45:34] [INFO] [eeg2go] Saved 39 feature values for recording 197 (successful: 38, failed: 1)
[2025-06-29 19:45:34] [INFO] [eeg2go] [load_recording] Recording 198: 1885.0s, 30 channels, 200.0 Hz
[2025-06-29 19:45:34] [INFO] [eeg2go] [load_recording] Estimated memory usage: 43.1 MB
[2025-06-29 19:45:35] [INFO] [eeg2go] Saved 39 feature values for recording 198 (successful: 39, failed: 0)
[2025-06-29 19:45:35] [INFO] [eeg2go] [load_recording] Recording 199: 4772.0s, 30 channels, 200.0 Hz
[2025-06-29 19:45:35] [INFO] [eeg2go] [load_recording] Estimated memory usage: 109.2 MB
[2025-06-29 19:45:35] [INFO] [eeg2go] Saved 39 feature values for recording 199 (successful: 39, failed: 0)
[2025-06-29 19:45:35] [INFO] [eeg2go] [load_recording] Recording 200: 5624.0s, 30 channels, 200.0 Hz
[2025-06-29 19:45:35] [INFO] [eeg2go] [load_recording] Estimated memory usage: 128.7 MB
[2025-06-29 19:45:36] [INFO] [eeg2go] Saved 39 feature values for recording 200 (successful: 39, failed: 0)
[2025-06-29 19:45:36] [INFO] [eeg2go] [load_recording] Recording 201: 78676.0s, 22 channels, 200.0 Hz
[2025-06-29 19:45:36] [INFO] [eeg2go] [load_recording] Estimated memory usage: 1320.6 MB
[2025-06-29 19:45:36] [INFO] [eeg2go] [load_recording] Large file detected, using memory mapping
[2025-06-29 19:45:43] [INFO] [eeg2go] Saved 39 feature values for recording 201 (successful: 39, failed: 0)
[2025-06-29 19:45:44] [INFO] [eeg2go] [load_recording] Recording 202: 1986.0s, 30 channels, 200.0 Hz
[2025-06-29 19:45:44] [INFO] [eeg2go] [load_recording] Estimated memory usage: 45.5 MB
[2025-06-29 19:45:44] [INFO] [eeg2go] Saved 39 feature values for recording 202 (successful: 39, failed: 0)
[2025-06-29 19:45:44] [INFO] [eeg2go] [load_recording] Recording 203: 4331.0s, 30 channels, 200.0 Hz
[2025-06-29 19:45:44] [INFO] [eeg2go] [load_recording] Estimated memory usage: 99.1 MB
[2025-06-29 19:45:44] [INFO] [eeg2go] Saved 39 feature values for recording 203 (successful: 39, failed: 0)
