[2025-06-30 12:40:46] [INFO] [eeg2go] 开始EEG特征库扩展测试...
[2025-06-30 12:40:46] [INFO] [eeg2go] 获取特征函数...
[2025-06-30 12:40:46] [INFO] [eeg2go] 找到 49 个特征函数
[2025-06-30 12:40:46] [INFO] [eeg2go] 创建测试数据...
[2025-06-30 12:40:48] [INFO] [eeg2go] 创建测试数据: 10 epochs, 4 channels
[2025-06-30 12:40:48] [INFO] [eeg2go] 测试基本特征函数...
[2025-06-30 12:40:48] [INFO] [eeg2go] 测试特征: bandpower
[2025-06-30 12:40:48] [ERROR] [eeg2go]   ✗ bandpower: 返回值不是字典格式
[2025-06-30 12:40:48] [INFO] [eeg2go] 测试特征: mean_amplitude
[2025-06-30 12:40:49] [ERROR] [eeg2go]   ✗ mean_amplitude: 返回值不是字典格式
[2025-06-30 12:40:49] [INFO] [eeg2go] 测试特征: rms
[2025-06-30 12:40:50] [ERROR] [eeg2go]   ✗ rms: 返回值不是字典格式
[2025-06-30 12:40:50] [INFO] [eeg2go] 测试特征: spectral_entropy
[2025-06-30 12:40:50] [ERROR] [eeg2go]   ✗ spectral_entropy: 返回值不是字典格式
[2025-06-30 12:40:50] [INFO] [eeg2go] 测试高级频域特征...
[2025-06-30 12:40:50] [INFO] [eeg2go] 测试特征: spectral_centroid
[2025-06-30 12:40:50] [ERROR] [eeg2go]   ✗ spectral_centroid: 返回值不是字典格式
[2025-06-30 12:40:50] [INFO] [eeg2go] 测试特征: spectral_bandwidth
[2025-06-30 12:40:50] [ERROR] [eeg2go]   ✗ spectral_bandwidth: 返回值不是字典格式
[2025-06-30 12:40:50] [INFO] [eeg2go] 测试特征: spectral_rolloff
[2025-06-30 12:40:51] [ERROR] [eeg2go]   ✗ spectral_rolloff: 返回值不是字典格式
[2025-06-30 12:40:51] [INFO] [eeg2go] 测试特征: spectral_flatness
[2025-06-30 12:40:51] [ERROR] [eeg2go]   ✗ spectral_flatness: 返回值不是字典格式
[2025-06-30 12:40:51] [INFO] [eeg2go] 测试特征: spectral_skewness
[2025-06-30 12:40:51] [ERROR] [eeg2go]   ✗ spectral_skewness: 返回值不是字典格式
[2025-06-30 12:40:51] [INFO] [eeg2go] 测试特征: spectral_kurtosis
[2025-06-30 12:40:51] [ERROR] [eeg2go]   ✗ spectral_kurtosis: 返回值不是字典格式
[2025-06-30 12:40:51] [INFO] [eeg2go] 测试特征: band_energy_ratio
[2025-06-30 12:40:51] [ERROR] [eeg2go]   ✗ band_energy_ratio: 返回值不是字典格式
[2025-06-30 12:40:51] [INFO] [eeg2go] 测试特征: spectral_complexity
[2025-06-30 12:40:51] [ERROR] [eeg2go]   ✗ spectral_complexity: 返回值不是字典格式
[2025-06-30 12:40:51] [INFO] [eeg2go] 测试特征: frequency_modulation_index
[2025-06-30 12:40:52] [ERROR] [eeg2go]   ✗ frequency_modulation_index: 返回值不是字典格式
[2025-06-30 12:40:52] [INFO] [eeg2go] 测试高级时域特征...
[2025-06-30 12:40:52] [INFO] [eeg2go] 测试特征: signal_variance
[2025-06-30 12:40:52] [ERROR] [eeg2go]   ✗ signal_variance: 返回值不是字典格式
[2025-06-30 12:40:52] [INFO] [eeg2go] 测试特征: signal_skewness
[2025-06-30 12:40:52] [ERROR] [eeg2go]   ✗ signal_skewness: 返回值不是字典格式
[2025-06-30 12:40:52] [INFO] [eeg2go] 测试特征: signal_kurtosis
[2025-06-30 12:40:52] [ERROR] [eeg2go]   ✗ signal_kurtosis: 返回值不是字典格式
[2025-06-30 12:40:52] [INFO] [eeg2go] 测试特征: peak_to_peak_amplitude
[2025-06-30 12:40:52] [ERROR] [eeg2go]   ✗ peak_to_peak_amplitude: 返回值不是字典格式
[2025-06-30 12:40:52] [INFO] [eeg2go] 测试特征: crest_factor
[2025-06-30 12:40:52] [ERROR] [eeg2go]   ✗ crest_factor: 返回值不是字典格式
[2025-06-30 12:40:52] [INFO] [eeg2go] 测试特征: shape_factor
[2025-06-30 12:40:53] [ERROR] [eeg2go]   ✗ shape_factor: 返回值不是字典格式
[2025-06-30 12:40:53] [INFO] [eeg2go] 测试特征: impulse_factor
[2025-06-30 12:40:53] [ERROR] [eeg2go]   ✗ impulse_factor: 返回值不是字典格式
[2025-06-30 12:40:53] [INFO] [eeg2go] 测试特征: margin_factor
[2025-06-30 12:40:53] [ERROR] [eeg2go]   ✗ margin_factor: 返回值不是字典格式
[2025-06-30 12:40:53] [INFO] [eeg2go] 测试特征: signal_entropy
[2025-06-30 12:40:53] [ERROR] [eeg2go]   ✗ signal_entropy: 返回值不是字典格式
[2025-06-30 12:40:53] [INFO] [eeg2go] 测试特征: signal_complexity
[2025-06-30 12:40:53] [ERROR] [eeg2go]   ✗ signal_complexity: 返回值不是字典格式
[2025-06-30 12:40:53] [INFO] [eeg2go] 测试特征: signal_regularity
[2025-06-30 12:40:53] [ERROR] [eeg2go]   ✗ signal_regularity: 返回值不是字典格式
[2025-06-30 12:40:53] [INFO] [eeg2go] 测试特征: signal_stability
[2025-06-30 12:40:53] [ERROR] [eeg2go]   ✗ signal_stability: 返回值不是字典格式
[2025-06-30 12:40:53] [INFO] [eeg2go] 测试高级连接性特征...
[2025-06-30 12:40:53] [INFO] [eeg2go] 测试特征: mutual_information
[2025-06-30 12:40:54] [ERROR] [eeg2go]   ✗ mutual_information: 返回值不是字典格式
[2025-06-30 12:40:54] [INFO] [eeg2go] 测试特征: cross_correlation
[2025-06-30 12:40:54] [ERROR] [eeg2go]   ✗ cross_correlation: 返回值不是字典格式
[2025-06-30 12:40:54] [INFO] [eeg2go] 测试特征: phase_synchronization
[2025-06-30 12:40:54] [ERROR] [eeg2go]   ✗ phase_synchronization: 返回值不是字典格式
[2025-06-30 12:40:54] [INFO] [eeg2go] 测试特征: amplitude_correlation
[2025-06-30 12:40:54] [ERROR] [eeg2go]   ✗ amplitude_correlation: 返回值不是字典格式
[2025-06-30 12:40:54] [INFO] [eeg2go] 测试特征: granger_causality
[2025-06-30 12:40:55] [ERROR] [eeg2go]   ✗ granger_causality: 返回值不是字典格式
[2025-06-30 12:40:55] [INFO] [eeg2go] 测试特征: directed_transfer_function
[2025-06-30 12:40:55] [ERROR] [eeg2go]   ✗ directed_transfer_function: 返回值不是字典格式
[2025-06-30 12:40:55] [INFO] [eeg2go] 测试特征: synchronization_likelihood
[2025-06-30 12:40:55] [ERROR] [eeg2go]   ✗ synchronization_likelihood: 返回值不是字典格式
[2025-06-30 12:40:55] [INFO] [eeg2go] 测试特征函数参数处理...
[2025-06-30 12:40:55] [INFO] [eeg2go] 测试特征参数: bandpower {'band': 'beta'}
[2025-06-30 12:40:55] [ERROR] [eeg2go]   ✗ bandpower: 返回值不是字典格式
[2025-06-30 12:40:55] [INFO] [eeg2go] 测试特征参数: spectral_rolloff {'percentile': 90}
[2025-06-30 12:40:55] [ERROR] [eeg2go]   ✗ spectral_rolloff: 返回值不是字典格式
[2025-06-30 12:40:55] [INFO] [eeg2go] 测试特征参数: signal_entropy {'bins': 30}
[2025-06-30 12:40:55] [ERROR] [eeg2go]   ✗ signal_entropy: 返回值不是字典格式
[2025-06-30 12:40:55] [INFO] [eeg2go] 测试特征参数: mutual_information {'bins': 15}
[2025-06-30 12:40:56] [ERROR] [eeg2go]   ✗ mutual_information: 返回值不是字典格式
[2025-06-30 12:40:56] [INFO] [eeg2go] 测试特征参数: granger_causality {'order': 3}
[2025-06-30 12:40:56] [ERROR] [eeg2go]   ✗ granger_causality: 返回值不是字典格式
[2025-06-30 12:40:56] [INFO] [eeg2go] 测试特征元数据...
[2025-06-30 12:40:56] [INFO] [eeg2go]   ✓ mean_amplitude: single_channel - Mean amplitude per epoch
[2025-06-30 12:40:56] [INFO] [eeg2go]   ✓ rms: single_channel - Root mean square per epoch
[2025-06-30 12:40:56] [INFO] [eeg2go]   ✓ zero_crossings: single_channel - Zero crossing count per epoch
[2025-06-30 12:40:56] [INFO] [eeg2go]   ✓ signal_variance: single_channel - Signal variance per epoch
[2025-06-30 12:40:56] [INFO] [eeg2go]   ✓ signal_skewness: single_channel - Signal skewness per epoch
[2025-06-30 12:40:56] [INFO] [eeg2go]   ✓ signal_kurtosis: single_channel - Signal kurtosis per epoch
[2025-06-30 12:40:56] [INFO] [eeg2go]   ✓ peak_to_peak_amplitude: single_channel - Peak-to-peak amplitude per epoch
[2025-06-30 12:40:56] [INFO] [eeg2go]   ✓ crest_factor: single_channel - Crest factor per epoch
[2025-06-30 12:40:56] [INFO] [eeg2go]   ✓ shape_factor: single_channel - Shape factor per epoch
[2025-06-30 12:40:56] [INFO] [eeg2go]   ✓ impulse_factor: single_channel - Impulse factor per epoch
[2025-06-30 12:40:56] [INFO] [eeg2go]   ✓ margin_factor: single_channel - Margin factor per epoch
[2025-06-30 12:40:56] [INFO] [eeg2go]   ✓ signal_entropy: single_channel - Signal entropy per epoch
[2025-06-30 12:40:56] [INFO] [eeg2go]   ✓ signal_complexity: single_channel - Signal complexity per epoch
[2025-06-30 12:40:56] [INFO] [eeg2go]   ✓ signal_regularity: single_channel - Signal regularity per epoch
[2025-06-30 12:40:56] [INFO] [eeg2go]   ✓ signal_stability: single_channel - Signal stability per epoch
[2025-06-30 12:40:56] [INFO] [eeg2go]   ✓ bandpower: single_channel - Band power per epoch
[2025-06-30 12:40:56] [INFO] [eeg2go]   ✓ relative_power: single_channel - Relative power per epoch
[2025-06-30 12:40:56] [INFO] [eeg2go]   ✓ spectral_entropy: single_channel - Spectral entropy per epoch
[2025-06-30 12:40:56] [INFO] [eeg2go]   ✓ alpha_peak_frequency: single_channel - Alpha peak frequency per epoch
[2025-06-30 12:40:56] [INFO] [eeg2go]   ✓ theta_alpha_ratio: single_channel - Theta/alpha ratio per epoch
[2025-06-30 12:40:56] [INFO] [eeg2go]   ✓ spectral_edge_frequency: single_channel - Spectral edge frequency per epoch
[2025-06-30 12:40:56] [INFO] [eeg2go]   ✓ alpha_asymmetry: channel_pair - Alpha power asymmetry between two channels
[2025-06-30 12:40:56] [INFO] [eeg2go]   ✓ spectral_centroid: single_channel - Spectral centroid per epoch
[2025-06-30 12:40:56] [INFO] [eeg2go]   ✓ spectral_bandwidth: single_channel - Spectral bandwidth per epoch
[2025-06-30 12:40:56] [INFO] [eeg2go]   ✓ spectral_rolloff: single_channel - Spectral rolloff frequency per epoch
[2025-06-30 12:40:56] [INFO] [eeg2go]   ✓ spectral_flatness: single_channel - Spectral flatness per epoch
[2025-06-30 12:40:56] [INFO] [eeg2go]   ✓ spectral_skewness: single_channel - Spectral skewness per epoch
[2025-06-30 12:40:56] [INFO] [eeg2go]   ✓ spectral_kurtosis: single_channel - Spectral kurtosis per epoch
[2025-06-30 12:40:56] [INFO] [eeg2go]   ✓ band_energy_ratio: single_channel - Band energy ratio per epoch
[2025-06-30 12:40:56] [INFO] [eeg2go]   ✓ spectral_complexity: single_channel - Spectral complexity per epoch
[2025-06-30 12:40:56] [INFO] [eeg2go]   ✓ frequency_modulation_index: single_channel - Frequency modulation index per epoch
[2025-06-30 12:40:56] [INFO] [eeg2go]   ✓ permutation_entropy: single_channel - Permutation entropy per epoch
[2025-06-30 12:40:56] [INFO] [eeg2go]   ✓ approximate_entropy: single_channel - Approximate entropy per epoch
[2025-06-30 12:40:56] [INFO] [eeg2go]   ✓ wavelet_entropy: single_channel - Wavelet entropy per epoch
[2025-06-30 12:40:56] [INFO] [eeg2go]   ✓ stft_power: single_channel - STFT power per epoch
[2025-06-30 12:40:56] [INFO] [eeg2go]   ✓ coherence_band: channel_pair - Coherence between two channels
[2025-06-30 12:40:56] [INFO] [eeg2go]   ✓ plv: channel_pair - Phase-locking value between two channels
[2025-06-30 12:40:56] [INFO] [eeg2go]   ✓ mutual_information: channel_pair - Mutual information between two channels
[2025-06-30 12:40:56] [INFO] [eeg2go]   ✓ cross_correlation: channel_pair - Cross correlation between two channels
[2025-06-30 12:40:56] [INFO] [eeg2go]   ✓ phase_synchronization: channel_pair - Phase synchronization between two channels
[2025-06-30 12:40:56] [INFO] [eeg2go]   ✓ amplitude_correlation: channel_pair - Amplitude correlation between two channels
[2025-06-30 12:40:56] [INFO] [eeg2go]   ✓ granger_causality: channel_pair - Granger causality between two channels
[2025-06-30 12:40:56] [INFO] [eeg2go]   ✓ directed_transfer_function: channel_pair - Directed transfer function between two channels
[2025-06-30 12:40:56] [INFO] [eeg2go]   ✓ synchronization_likelihood: channel_pair - Synchronization likelihood between two channels
[2025-06-30 12:40:56] [INFO] [eeg2go]   ✓ mean: single_channel - Mean value per epoch
[2025-06-30 12:40:56] [INFO] [eeg2go]   ✓ std: single_channel - Standard deviation per epoch
[2025-06-30 12:40:56] [INFO] [eeg2go]   ✓ skew: single_channel - Skewness per epoch
[2025-06-30 12:40:56] [INFO] [eeg2go]   ✓ kurt: single_channel - Kurtosis per epoch
[2025-06-30 12:40:56] [INFO] [eeg2go]   ✓ zscore_stddev: scalar - Z-score standard deviation (scalar value)
[2025-06-30 12:40:56] [INFO] [eeg2go] 生成测试报告...
[2025-06-30 12:40:56] [INFO] [eeg2go] 测试报告已保存到: feature_library_test_report_20250630_124056.txt
[2025-06-30 12:40:56] [INFO] [eeg2go] 特征库统计信息:
[2025-06-30 12:40:56] [INFO] [eeg2go]   总特征数量: 49
[2025-06-30 12:40:56] [INFO] [eeg2go]   元数据数量: 49
[2025-06-30 12:40:56] [INFO] [eeg2go] 按类型分类的特征:
[2025-06-30 12:40:56] [INFO] [eeg2go]   single_channel: 38 个特征
[2025-06-30 12:40:56] [INFO] [eeg2go]   channel_pair: 10 个特征
[2025-06-30 12:40:56] [INFO] [eeg2go]   scalar: 1 个特征
