[2025-06-29 21:51:54] [INFO] [eeg2go] 实验管理数据库表已存在，视图检查完成
[2025-06-29 21:51:54] [INFO] [eeg2go] Experiment started: ...
[2025-06-29 21:51:54] [INFO] [eeg2go] Experiment started: type=correlation, dataset_id=1, feature_set_id=1, output_dir=data/experiments/correlation_with_logging
[2025-06-29 21:51:54] [INFO] [eeg2go] Parameters: min_corr=0.1, method=pearson
[2025-06-29 21:51:54] [INFO] [eeg2go] Starting experiment: correlation
[2025-06-29 21:51:54] [INFO] [eeg2go] Dataset ID: 1, Feature Set ID: 1
[2025-06-29 21:51:54] [INFO] [eeg2go] Output directory: data/experiments/correlation_with_logging
[2025-06-29 21:51:54] [INFO] [eeg2go] Extracting feature matrix...
[2025-06-29 21:51:54] [INFO] [eeg2go] Extracting feature matrix directly from database: dataset_id=1, feature_set_id=1
[2025-06-29 21:51:54] [INFO] [eeg2go] Found 203 recordings
[2025-06-29 21:51:54] [INFO] [eeg2go] Feature set 1 contains 39 feature definitions
[2025-06-29 21:51:54] [INFO] [eeg2go] Feature definition IDs: [12, 13, 14, 15, 16, 17, 18, 19, 20, 21, 22, 23, 24, 25, 26, 27, 28, 29, 30, 31, 32, 33, 34, 35, 36, 37, 38, 39, 40, 41, 42, 43, 44, 45, 46, 47, 48, 49, 50]
[2025-06-29 21:51:54] [INFO] [eeg2go] Processing recording 1/203: recording_id=1
[2025-06-29 21:51:54] [INFO] [eeg2go] [load_recording] Recording 1: 85441.0s, 30 channels, 200.0 Hz
[2025-06-29 21:51:54] [INFO] [eeg2go] [load_recording] Estimated memory usage: 1955.6 MB
[2025-06-29 21:51:54] [INFO] [eeg2go] [load_recording] Large file detected, using memory mapping
[2025-06-29 21:52:06] [INFO] [eeg2go] Saved 39 feature values for recording 1 (successful: 39, failed: 0)
[2025-06-29 21:52:06] [INFO] [eeg2go] Recording 1: got 39 feature values
[2025-06-29 21:52:07] [INFO] [eeg2go] Processing recording 2/203: recording_id=2
[2025-06-29 21:52:07] [INFO] [eeg2go] [load_recording] Recording 2: 126589.0s, 30 channels, 200.0 Hz
[2025-06-29 21:52:07] [INFO] [eeg2go] [load_recording] Estimated memory usage: 2897.4 MB
[2025-06-29 21:52:07] [INFO] [eeg2go] [load_recording] Large file detected, using memory mapping
[2025-06-29 21:52:36] [INFO] [eeg2go] Saved 39 feature values for recording 2 (successful: 39, failed: 0)
[2025-06-29 21:52:39] [INFO] [eeg2go] Recording 2: got 39 feature values
[2025-06-29 21:52:40] [INFO] [eeg2go] Processing recording 3/203: recording_id=3
[2025-06-29 21:52:40] [INFO] [eeg2go] [load_recording] Recording 3: 66541.0s, 30 channels, 200.0 Hz
[2025-06-29 21:52:40] [INFO] [eeg2go] [load_recording] Estimated memory usage: 1523.0 MB
[2025-06-29 21:52:40] [INFO] [eeg2go] [load_recording] Large file detected, using memory mapping
[2025-06-29 21:52:55] [INFO] [eeg2go] Saved 39 feature values for recording 3 (successful: 39, failed: 0)
[2025-06-29 21:52:55] [INFO] [eeg2go] Recording 3: got 39 feature values
[2025-06-29 21:52:56] [INFO] [eeg2go] Processing recording 4/203: recording_id=4
[2025-06-29 21:52:56] [INFO] [eeg2go] [load_recording] Recording 4: 88733.0s, 30 channels, 200.0 Hz
[2025-06-29 21:52:56] [INFO] [eeg2go] [load_recording] Estimated memory usage: 2030.9 MB
[2025-06-29 21:52:56] [INFO] [eeg2go] [load_recording] Large file detected, using memory mapping
[2025-06-29 21:53:14] [INFO] [eeg2go] Saved 39 feature values for recording 4 (successful: 39, failed: 0)
[2025-06-29 21:53:15] [INFO] [eeg2go] Recording 4: got 39 feature values
[2025-06-29 21:53:16] [INFO] [eeg2go] Processing recording 5/203: recording_id=5
[2025-06-29 21:53:16] [INFO] [eeg2go] [load_recording] Recording 5: 70119.0s, 30 channels, 200.0 Hz
[2025-06-29 21:53:16] [INFO] [eeg2go] [load_recording] Estimated memory usage: 1604.9 MB
[2025-06-29 21:53:16] [INFO] [eeg2go] [load_recording] Large file detected, using memory mapping
[2025-06-29 21:53:31] [INFO] [eeg2go] Saved 39 feature values for recording 5 (successful: 39, failed: 0)
[2025-06-29 21:53:32] [INFO] [eeg2go] Recording 5: got 39 feature values
[2025-06-29 21:53:33] [INFO] [eeg2go] Processing recording 6/203: recording_id=6
[2025-06-29 21:53:33] [INFO] [eeg2go] [load_recording] Recording 6: 6742.0s, 30 channels, 200.0 Hz
[2025-06-29 21:53:33] [INFO] [eeg2go] [load_recording] Estimated memory usage: 154.3 MB
[2025-06-29 21:53:34] [INFO] [eeg2go] Saved 39 feature values for recording 6 (successful: 39, failed: 0)
[2025-06-29 21:53:35] [INFO] [eeg2go] Recording 6: got 39 feature values
[2025-06-29 21:53:35] [INFO] [eeg2go] Processing recording 7/203: recording_id=7
[2025-06-29 21:53:35] [INFO] [eeg2go] [load_recording] Recording 7: 3146.0s, 30 channels, 200.0 Hz
[2025-06-29 21:53:35] [INFO] [eeg2go] [load_recording] Estimated memory usage: 72.0 MB
[2025-06-29 21:53:36] [INFO] [eeg2go] Saved 39 feature values for recording 7 (successful: 39, failed: 0)
[2025-06-29 21:53:36] [INFO] [eeg2go] Recording 7: got 39 feature values
[2025-06-29 21:53:36] [INFO] [eeg2go] Processing recording 8/203: recording_id=8
[2025-06-29 21:53:36] [INFO] [eeg2go] [load_recording] Recording 8: 53383.0s, 30 channels, 200.0 Hz
[2025-06-29 21:53:36] [INFO] [eeg2go] [load_recording] Estimated memory usage: 1221.8 MB
[2025-06-29 21:53:36] [INFO] [eeg2go] [load_recording] Large file detected, using memory mapping
[2025-06-29 21:53:48] [INFO] [eeg2go] Saved 39 feature values for recording 8 (successful: 39, failed: 0)
[2025-06-29 21:53:49] [INFO] [eeg2go] Recording 8: got 39 feature values
[2025-06-29 21:53:49] [INFO] [eeg2go] Processing recording 9/203: recording_id=9
[2025-06-29 21:53:49] [INFO] [eeg2go] [load_recording] Recording 9: 84052.0s, 30 channels, 200.0 Hz
[2025-06-29 21:53:49] [INFO] [eeg2go] [load_recording] Estimated memory usage: 1923.8 MB
[2025-06-29 21:53:49] [INFO] [eeg2go] [load_recording] Large file detected, using memory mapping
[2025-06-29 21:54:07] [INFO] [eeg2go] Saved 39 feature values for recording 9 (successful: 39, failed: 0)
[2025-06-29 21:54:09] [INFO] [eeg2go] Recording 9: got 39 feature values
[2025-06-29 21:54:09] [INFO] [eeg2go] Processing recording 10/203: recording_id=10
[2025-06-29 21:54:09] [INFO] [eeg2go] [load_recording] Recording 10: 5558.0s, 30 channels, 200.0 Hz
[2025-06-29 21:54:09] [INFO] [eeg2go] [load_recording] Estimated memory usage: 127.2 MB
[2025-06-29 21:54:10] [INFO] [eeg2go] Saved 39 feature values for recording 10 (successful: 39, failed: 0)
[2025-06-29 21:54:10] [INFO] [eeg2go] Recording 10: got 39 feature values
[2025-06-29 21:54:10] [INFO] [eeg2go] Processing recording 11/203: recording_id=11
[2025-06-29 21:54:10] [INFO] [eeg2go] [load_recording] Recording 11: 4130.0s, 50 channels, 512.0 Hz
[2025-06-29 21:54:10] [INFO] [eeg2go] [load_recording] Estimated memory usage: 403.3 MB
[2025-06-29 21:54:12] [INFO] [eeg2go] Saved 39 feature values for recording 11 (successful: 39, failed: 0)
[2025-06-29 21:54:12] [INFO] [eeg2go] Recording 11: got 39 feature values
[2025-06-29 21:54:12] [INFO] [eeg2go] Processing recording 12/203: recording_id=12
[2025-06-29 21:54:12] [INFO] [eeg2go] [load_recording] Recording 12: 15209.0s, 50 channels, 512.0 Hz
[2025-06-29 21:54:12] [INFO] [eeg2go] [load_recording] Estimated memory usage: 1485.3 MB
[2025-06-29 21:54:12] [INFO] [eeg2go] [load_recording] Large file detected, using memory mapping
[2025-06-29 21:54:22] [INFO] [eeg2go] Saved 39 feature values for recording 12 (successful: 39, failed: 0)
[2025-06-29 21:54:23] [INFO] [eeg2go] Recording 12: got 39 feature values
[2025-06-29 21:54:23] [INFO] [eeg2go] Processing recording 13/203: recording_id=13
[2025-06-29 21:54:23] [INFO] [eeg2go] [load_recording] Recording 13: 6476.0s, 50 channels, 256.0 Hz
[2025-06-29 21:54:23] [INFO] [eeg2go] [load_recording] Estimated memory usage: 316.2 MB
[2025-06-29 21:54:25] [INFO] [eeg2go] Saved 39 feature values for recording 13 (successful: 39, failed: 0)
[2025-06-29 21:54:25] [INFO] [eeg2go] Recording 13: got 39 feature values
[2025-06-29 21:54:25] [INFO] [eeg2go] Processing recording 14/203: recording_id=14
[2025-06-29 21:54:25] [INFO] [eeg2go] [load_recording] Recording 14: 3853.0s, 30 channels, 200.0 Hz
[2025-06-29 21:54:25] [INFO] [eeg2go] [load_recording] Estimated memory usage: 88.2 MB
[2025-06-29 21:54:26] [INFO] [eeg2go] Saved 39 feature values for recording 14 (successful: 39, failed: 0)
[2025-06-29 21:54:26] [INFO] [eeg2go] Recording 14: got 39 feature values
[2025-06-29 21:54:26] [INFO] [eeg2go] Processing recording 15/203: recording_id=15
[2025-06-29 21:54:26] [INFO] [eeg2go] [load_recording] Recording 15: 3862.0s, 30 channels, 200.0 Hz
[2025-06-29 21:54:26] [INFO] [eeg2go] [load_recording] Estimated memory usage: 88.4 MB
[2025-06-29 21:54:27] [INFO] [eeg2go] Saved 39 feature values for recording 15 (successful: 39, failed: 0)
[2025-06-29 21:54:27] [INFO] [eeg2go] Recording 15: got 39 feature values
[2025-06-29 21:54:27] [INFO] [eeg2go] Processing recording 16/203: recording_id=16
[2025-06-29 21:54:27] [INFO] [eeg2go] [load_recording] Recording 16: 2376.0s, 30 channels, 200.0 Hz
[2025-06-29 21:54:27] [INFO] [eeg2go] [load_recording] Estimated memory usage: 54.4 MB
[2025-06-29 21:54:27] [INFO] [eeg2go] Saved 39 feature values for recording 16 (successful: 39, failed: 0)
[2025-06-29 21:54:28] [INFO] [eeg2go] Recording 16: got 39 feature values
[2025-06-29 21:54:28] [INFO] [eeg2go] Processing recording 17/203: recording_id=17
[2025-06-29 21:54:28] [INFO] [eeg2go] [load_recording] Recording 17: 12908.0s, 30 channels, 200.0 Hz
[2025-06-29 21:54:28] [INFO] [eeg2go] [load_recording] Estimated memory usage: 295.4 MB
[2025-06-29 21:54:30] [INFO] [eeg2go] Saved 39 feature values for recording 17 (successful: 39, failed: 0)
[2025-06-29 21:54:30] [INFO] [eeg2go] Recording 17: got 39 feature values
[2025-06-29 21:54:30] [INFO] [eeg2go] Processing recording 18/203: recording_id=18
[2025-06-29 21:54:30] [INFO] [eeg2go] [load_recording] Recording 18: 1491.0s, 30 channels, 200.0 Hz
[2025-06-29 21:54:30] [INFO] [eeg2go] [load_recording] Estimated memory usage: 34.1 MB
[2025-06-29 21:54:31] [INFO] [eeg2go] Saved 39 feature values for recording 18 (successful: 39, failed: 0)
[2025-06-29 21:54:31] [INFO] [eeg2go] Recording 18: got 39 feature values
[2025-06-29 21:54:31] [INFO] [eeg2go] Processing recording 19/203: recording_id=19
[2025-06-29 21:54:31] [INFO] [eeg2go] [load_recording] Recording 19: 2673.0s, 30 channels, 200.0 Hz
[2025-06-29 21:54:31] [INFO] [eeg2go] [load_recording] Estimated memory usage: 61.2 MB
[2025-06-29 21:54:32] [INFO] [eeg2go] Saved 39 feature values for recording 19 (successful: 39, failed: 0)
[2025-06-29 21:54:32] [INFO] [eeg2go] Recording 19: got 39 feature values
[2025-06-29 21:54:32] [INFO] [eeg2go] Processing recording 20/203: recording_id=20
[2025-06-29 21:54:32] [INFO] [eeg2go] [load_recording] Recording 20: 1711.0s, 30 channels, 200.0 Hz
[2025-06-29 21:54:32] [INFO] [eeg2go] [load_recording] Estimated memory usage: 39.2 MB
[2025-06-29 21:54:32] [INFO] [eeg2go] Saved 39 feature values for recording 20 (successful: 39, failed: 0)
[2025-06-29 21:54:32] [INFO] [eeg2go] Recording 20: got 39 feature values
[2025-06-29 21:54:32] [INFO] [eeg2go] Processing recording 21/203: recording_id=21
[2025-06-29 21:54:32] [INFO] [eeg2go] [load_recording] Recording 21: 46236.0s, 30 channels, 200.0 Hz
[2025-06-29 21:54:32] [INFO] [eeg2go] [load_recording] Estimated memory usage: 1058.3 MB
[2025-06-29 21:54:32] [INFO] [eeg2go] [load_recording] Large file detected, using memory mapping
[2025-06-29 21:54:43] [INFO] [eeg2go] Saved 39 feature values for recording 21 (successful: 39, failed: 0)
[2025-06-29 21:54:43] [INFO] [eeg2go] Recording 21: got 39 feature values
[2025-06-29 21:54:44] [INFO] [eeg2go] Processing recording 22/203: recording_id=22
[2025-06-29 21:54:44] [INFO] [eeg2go] [load_recording] Recording 22: 2446.0s, 30 channels, 200.0 Hz
[2025-06-29 21:54:44] [INFO] [eeg2go] [load_recording] Estimated memory usage: 56.0 MB
[2025-06-29 21:54:44] [INFO] [eeg2go] Saved 39 feature values for recording 22 (successful: 39, failed: 0)
[2025-06-29 21:54:44] [INFO] [eeg2go] Recording 22: got 39 feature values
[2025-06-29 21:54:44] [INFO] [eeg2go] Processing recording 23/203: recording_id=23
[2025-06-29 21:54:44] [INFO] [eeg2go] [load_recording] Recording 23: 3990.0s, 30 channels, 200.0 Hz
[2025-06-29 21:54:44] [INFO] [eeg2go] [load_recording] Estimated memory usage: 91.3 MB
[2025-06-29 21:54:45] [INFO] [eeg2go] Saved 39 feature values for recording 23 (successful: 39, failed: 0)
[2025-06-29 21:54:45] [INFO] [eeg2go] Recording 23: got 39 feature values
[2025-06-29 21:54:45] [INFO] [eeg2go] Processing recording 24/203: recording_id=24
[2025-06-29 21:54:45] [INFO] [eeg2go] [load_recording] Recording 24: 3799.0s, 30 channels, 200.0 Hz
[2025-06-29 21:54:45] [INFO] [eeg2go] [load_recording] Estimated memory usage: 87.0 MB
[2025-06-29 21:54:46] [INFO] [eeg2go] Saved 39 feature values for recording 24 (successful: 39, failed: 0)
[2025-06-29 21:54:46] [INFO] [eeg2go] Recording 24: got 39 feature values
[2025-06-29 21:54:46] [INFO] [eeg2go] Processing recording 25/203: recording_id=25
[2025-06-29 21:54:46] [INFO] [eeg2go] [load_recording] Recording 25: 3285.0s, 30 channels, 200.0 Hz
[2025-06-29 21:54:46] [INFO] [eeg2go] [load_recording] Estimated memory usage: 75.2 MB
[2025-06-29 21:54:47] [INFO] [eeg2go] Saved 39 feature values for recording 25 (successful: 39, failed: 0)
[2025-06-29 21:54:47] [INFO] [eeg2go] Recording 25: got 39 feature values
[2025-06-29 21:54:47] [INFO] [eeg2go] Processing recording 26/203: recording_id=26
[2025-06-29 21:54:47] [INFO] [eeg2go] [load_recording] Recording 26: 4520.0s, 30 channels, 200.0 Hz
[2025-06-29 21:54:47] [INFO] [eeg2go] [load_recording] Estimated memory usage: 103.5 MB
[2025-06-29 21:54:48] [INFO] [eeg2go] Saved 39 feature values for recording 26 (successful: 39, failed: 0)
[2025-06-29 21:54:48] [INFO] [eeg2go] Recording 26: got 39 feature values
[2025-06-29 21:54:48] [INFO] [eeg2go] Processing recording 27/203: recording_id=27
[2025-06-29 21:54:48] [INFO] [eeg2go] [load_recording] Recording 27: 4069.0s, 30 channels, 200.0 Hz
[2025-06-29 21:54:48] [INFO] [eeg2go] [load_recording] Estimated memory usage: 93.1 MB
[2025-06-29 21:54:49] [INFO] [eeg2go] Saved 39 feature values for recording 27 (successful: 39, failed: 0)
[2025-06-29 21:54:49] [INFO] [eeg2go] Recording 27: got 39 feature values
[2025-06-29 21:54:49] [INFO] [eeg2go] Processing recording 28/203: recording_id=28
[2025-06-29 21:54:49] [INFO] [eeg2go] [load_recording] Recording 28: 5989.0s, 30 channels, 200.0 Hz
[2025-06-29 21:54:49] [INFO] [eeg2go] [load_recording] Estimated memory usage: 137.1 MB
[2025-06-29 21:54:50] [INFO] [eeg2go] Saved 39 feature values for recording 28 (successful: 39, failed: 0)
[2025-06-29 21:54:51] [INFO] [eeg2go] Recording 28: got 39 feature values
[2025-06-29 21:54:51] [INFO] [eeg2go] Processing recording 29/203: recording_id=29
[2025-06-29 21:54:51] [INFO] [eeg2go] [load_recording] Recording 29: 80967.0s, 22 channels, 200.0 Hz
[2025-06-29 21:54:51] [INFO] [eeg2go] [load_recording] Estimated memory usage: 1359.0 MB
[2025-06-29 21:54:51] [INFO] [eeg2go] [load_recording] Large file detected, using memory mapping
[2025-06-29 21:55:04] [INFO] [eeg2go] Saved 39 feature values for recording 29 (successful: 39, failed: 0)
[2025-06-29 21:55:05] [INFO] [eeg2go] Recording 29: got 39 feature values
[2025-06-29 21:55:05] [INFO] [eeg2go] Processing recording 30/203: recording_id=30
[2025-06-29 21:55:05] [INFO] [eeg2go] [load_recording] Recording 30: 29133.0s, 22 channels, 200.0 Hz
[2025-06-29 21:55:05] [INFO] [eeg2go] [load_recording] Estimated memory usage: 489.0 MB
[2025-06-29 21:55:10] [INFO] [eeg2go] Saved 39 feature values for recording 30 (successful: 39, failed: 0)
[2025-06-29 21:55:10] [INFO] [eeg2go] Recording 30: got 39 feature values
[2025-06-29 21:55:10] [INFO] [eeg2go] Processing recording 31/203: recording_id=31
[2025-06-29 21:55:10] [INFO] [eeg2go] [load_recording] Recording 31: 2699.0s, 22 channels, 200.0 Hz
[2025-06-29 21:55:10] [INFO] [eeg2go] [load_recording] Estimated memory usage: 45.3 MB
[2025-06-29 21:55:11] [INFO] [eeg2go] Saved 39 feature values for recording 31 (successful: 39, failed: 0)
[2025-06-29 21:55:11] [INFO] [eeg2go] Recording 31: got 39 feature values
[2025-06-29 21:55:11] [INFO] [eeg2go] Processing recording 32/203: recording_id=32
[2025-06-29 21:55:11] [INFO] [eeg2go] [load_recording] Recording 32: 55432.0s, 22 channels, 200.0 Hz
[2025-06-29 21:55:11] [INFO] [eeg2go] [load_recording] Estimated memory usage: 930.4 MB
[2025-06-29 21:55:11] [INFO] [eeg2go] [load_recording] Large file detected, using memory mapping
[2025-06-29 21:55:20] [INFO] [eeg2go] Saved 39 feature values for recording 32 (successful: 39, failed: 0)
[2025-06-29 21:55:21] [INFO] [eeg2go] Recording 32: got 39 feature values
[2025-06-29 21:55:21] [INFO] [eeg2go] Processing recording 33/203: recording_id=33
[2025-06-29 21:55:21] [INFO] [eeg2go] [load_recording] Recording 33: 79977.0s, 22 channels, 200.0 Hz
[2025-06-29 21:55:21] [INFO] [eeg2go] [load_recording] Estimated memory usage: 1342.4 MB
[2025-06-29 21:55:21] [INFO] [eeg2go] [load_recording] Large file detected, using memory mapping
[2025-06-29 21:55:34] [INFO] [eeg2go] Saved 39 feature values for recording 33 (successful: 39, failed: 0)
[2025-06-29 21:55:35] [INFO] [eeg2go] Recording 33: got 39 feature values
[2025-06-29 21:55:36] [INFO] [eeg2go] Processing recording 34/203: recording_id=34
[2025-06-29 21:55:36] [INFO] [eeg2go] [load_recording] Recording 34: 97725.0s, 22 channels, 200.0 Hz
[2025-06-29 21:55:36] [INFO] [eeg2go] [load_recording] Estimated memory usage: 1640.3 MB
[2025-06-29 21:55:36] [INFO] [eeg2go] [load_recording] Large file detected, using memory mapping
[2025-06-29 21:55:52] [INFO] [eeg2go] Saved 39 feature values for recording 34 (successful: 39, failed: 0)
[2025-06-29 21:55:53] [INFO] [eeg2go] Recording 34: got 39 feature values
[2025-06-29 21:55:54] [INFO] [eeg2go] Processing recording 35/203: recording_id=35
[2025-06-29 21:55:54] [INFO] [eeg2go] [load_recording] Recording 35: 2321.0s, 30 channels, 200.0 Hz
[2025-06-29 21:55:54] [INFO] [eeg2go] [load_recording] Estimated memory usage: 53.1 MB
[2025-06-29 21:55:54] [INFO] [eeg2go] Saved 39 feature values for recording 35 (successful: 39, failed: 0)
[2025-06-29 21:55:55] [INFO] [eeg2go] Recording 35: got 39 feature values
[2025-06-29 21:55:55] [INFO] [eeg2go] Processing recording 36/203: recording_id=36
[2025-06-29 21:55:55] [INFO] [eeg2go] [load_recording] Recording 36: 100225.0s, 30 channels, 200.0 Hz
[2025-06-29 21:55:55] [INFO] [eeg2go] [load_recording] Estimated memory usage: 2294.0 MB
[2025-06-29 21:55:55] [INFO] [eeg2go] [load_recording] Large file detected, using memory mapping
