[2025-06-29 17:43:20] [INFO] [eeg2go] [load_recording] Recording 206: 4879.0s, 30 channels, 200.0 Hz
[2025-06-29 17:43:20] [INFO] [eeg2go] [load_recording] Estimated memory usage: 111.7 MB
[2025-06-29 17:43:20] [INFO] [eeg2go] Saved 39 feature values for recording 206 (successful: 39, failed: 0)
[2025-06-29 17:43:20] [INFO] [eeg2go] [load_recording] Recording 207: 46236.0s, 30 channels, 200.0 Hz
[2025-06-29 17:43:20] [INFO] [eeg2go] [load_recording] Estimated memory usage: 1058.3 MB
[2025-06-29 17:43:20] [INFO] [eeg2go] [load_recording] Large file detected, using memory mapping
[2025-06-29 17:43:25] [INFO] [eeg2go] Saved 39 feature values for recording 207 (successful: 39, failed: 0)
[2025-06-29 17:43:26] [INFO] [eeg2go] [load_recording] Recording 211: 25730.0s, 50 channels, 512.0 Hz
[2025-06-29 17:43:26] [INFO] [eeg2go] [load_recording] Estimated memory usage: 2512.7 MB
[2025-06-29 17:43:26] [INFO] [eeg2go] [load_recording] Large file detected, using memory mapping
[2025-06-29 17:43:33] [INFO] [eeg2go] Saved 39 feature values for recording 211 (successful: 39, failed: 0)
[2025-06-29 17:43:34] [INFO] [eeg2go] [load_recording] Recording 212: 97725.0s, 22 channels, 200.0 Hz
[2025-06-29 17:43:34] [INFO] [eeg2go] [load_recording] Estimated memory usage: 1640.3 MB
[2025-06-29 17:43:34] [INFO] [eeg2go] [load_recording] Large file detected, using memory mapping
[2025-06-29 17:43:41] [INFO] [eeg2go] Saved 39 feature values for recording 212 (successful: 39, failed: 0)
[2025-06-29 17:43:42] [INFO] [eeg2go] [load_recording] Recording 213: 2879.0s, 30 channels, 200.0 Hz
[2025-06-29 17:43:42] [INFO] [eeg2go] [load_recording] Estimated memory usage: 65.9 MB
[2025-06-29 17:43:42] [INFO] [eeg2go] Saved 39 feature values for recording 213 (successful: 39, failed: 0)
[2025-06-29 17:43:42] [INFO] [eeg2go] [load_recording] Recording 214: 4179.0s, 30 channels, 200.0 Hz
[2025-06-29 17:43:42] [INFO] [eeg2go] [load_recording] Estimated memory usage: 95.6 MB
[2025-06-29 17:43:43] [INFO] [eeg2go] Saved 39 feature values for recording 214 (successful: 39, failed: 0)
[2025-06-29 17:43:43] [INFO] [eeg2go] [load_recording] Recording 215: 118676.0s, 30 channels, 200.0 Hz
[2025-06-29 17:43:43] [INFO] [eeg2go] [load_recording] Estimated memory usage: 2716.3 MB
[2025-06-29 17:43:43] [INFO] [eeg2go] [load_recording] Large file detected, using memory mapping
[2025-06-29 17:43:55] [INFO] [eeg2go] Saved 39 feature values for recording 215 (successful: 39, failed: 0)
[2025-06-29 17:43:57] [INFO] [eeg2go] [load_recording] Recording 217: 2713.0s, 30 channels, 200.0 Hz
[2025-06-29 17:43:57] [INFO] [eeg2go] [load_recording] Estimated memory usage: 62.1 MB
[2025-06-29 17:43:57] [INFO] [eeg2go] Saved 39 feature values for recording 217 (successful: 39, failed: 0)
[2025-06-29 17:43:57] [INFO] [eeg2go] [load_recording] Recording 219: 6742.0s, 30 channels, 200.0 Hz
[2025-06-29 17:43:57] [INFO] [eeg2go] [load_recording] Estimated memory usage: 154.3 MB
[2025-06-29 17:43:58] [INFO] [eeg2go] Saved 39 feature values for recording 219 (successful: 39, failed: 0)
[2025-06-29 17:43:58] [INFO] [eeg2go] [load_recording] Recording 220: 7280.0s, 29 channels, 200.0 Hz
[2025-06-29 17:43:58] [INFO] [eeg2go] [load_recording] Estimated memory usage: 161.1 MB
[2025-06-29 17:43:59] [INFO] [eeg2go] Saved 39 feature values for recording 220 (successful: 39, failed: 0)
[2025-06-29 17:43:59] [INFO] [eeg2go] [load_recording] Recording 223: 9646.0s, 4 channels, 200.0 Hz
[2025-06-29 17:43:59] [INFO] [eeg2go] [load_recording] Estimated memory usage: 29.4 MB
[2025-06-29 17:43:59] [WARNING] [eeg2go] [SKIP] fxdef_id=27 recording_id=223 - previously failed: Feature generation failed: Channel C3 not found in available channels: ['O1', 'P4', 'T6', 'O2']
[2025-06-29 17:43:59] [INFO] [eeg2go] Saved 39 feature values for recording 223 (successful: 38, failed: 1)
[2025-06-29 17:43:59] [INFO] [eeg2go] [load_recording] Recording 226: 86270.0s, 30 channels, 200.0 Hz
[2025-06-29 17:43:59] [INFO] [eeg2go] [load_recording] Estimated memory usage: 1974.6 MB
[2025-06-29 17:43:59] [INFO] [eeg2go] [load_recording] Large file detected, using memory mapping
[2025-06-29 17:44:09] [INFO] [eeg2go] Saved 39 feature values for recording 226 (successful: 39, failed: 0)
[2025-06-29 17:44:10] [INFO] [eeg2go] [load_recording] Recording 227: 2403.0s, 30 channels, 200.0 Hz
[2025-06-29 17:44:10] [INFO] [eeg2go] [load_recording] Estimated memory usage: 55.0 MB
[2025-06-29 17:44:10] [INFO] [eeg2go] Saved 39 feature values for recording 227 (successful: 39, failed: 0)
[2025-06-29 17:44:10] [INFO] [eeg2go] [load_recording] Recording 228: 168039.0s, 30 channels, 200.0 Hz
[2025-06-29 17:44:10] [INFO] [eeg2go] [load_recording] Estimated memory usage: 3846.1 MB
[2025-06-29 17:44:10] [INFO] [eeg2go] [load_recording] Large file detected, using memory mapping
