[2025-06-29 16:42:34] [INFO] [eeg2go] [load_recording] Recording 204: 79561.0s, 30 channels, 200.0 Hz
[2025-06-29 16:42:34] [INFO] [eeg2go] [load_recording] Estimated memory usage: 1821.0 MB
[2025-06-29 16:42:34] [INFO] [eeg2go] [load_recording] Large file detected, using memory mapping
[2025-06-29 16:47:56] [INFO] [eeg2go] Saved 39 feature values for recording 204 (successful: 39, failed: 0)
[2025-06-29 16:47:58] [INFO] [eeg2go] [load_recording] Recording 205: 5770.0s, 30 channels, 200.0 Hz
[2025-06-29 16:47:58] [INFO] [eeg2go] [load_recording] Estimated memory usage: 132.1 MB
[2025-06-29 16:48:18] [INFO] [eeg2go] Saved 39 feature values for recording 205 (successful: 39, failed: 0)
[2025-06-29 16:48:19] [INFO] [eeg2go] [load_recording] Recording 206: 4879.0s, 30 channels, 200.0 Hz
[2025-06-29 16:48:19] [INFO] [eeg2go] [load_recording] Estimated memory usage: 111.7 MB
[2025-06-29 16:48:36] [INFO] [eeg2go] Saved 39 feature values for recording 206 (successful: 39, failed: 0)
[2025-06-29 16:48:37] [INFO] [eeg2go] [load_recording] Recording 207: 46236.0s, 30 channels, 200.0 Hz
[2025-06-29 16:48:37] [INFO] [eeg2go] [load_recording] Estimated memory usage: 1058.3 MB
[2025-06-29 16:48:37] [INFO] [eeg2go] [load_recording] Large file detected, using memory mapping
[2025-06-29 16:51:00] [INFO] [eeg2go] Saved 39 feature values for recording 207 (successful: 39, failed: 0)
[2025-06-29 16:51:02] [INFO] [eeg2go] [load_recording] Recording 208: 5690.0s, 30 channels, 200.0 Hz
[2025-06-29 16:51:02] [INFO] [eeg2go] [load_recording] Estimated memory usage: 130.2 MB
[2025-06-29 16:51:21] [INFO] [eeg2go] Saved 39 feature values for recording 208 (successful: 39, failed: 0)
[2025-06-29 16:51:21] [INFO] [eeg2go] [load_recording] Recording 209: 64860.0s, 22 channels, 200.0 Hz
[2025-06-29 16:51:21] [INFO] [eeg2go] [load_recording] Estimated memory usage: 1088.7 MB
[2025-06-29 16:51:21] [INFO] [eeg2go] [load_recording] Large file detected, using memory mapping
[2025-06-29 16:54:08] [INFO] [eeg2go] Saved 39 feature values for recording 209 (successful: 39, failed: 0)
[2025-06-29 16:54:10] [INFO] [eeg2go] [load_recording] Recording 210: 3783.0s, 30 channels, 200.0 Hz
[2025-06-29 16:54:10] [INFO] [eeg2go] [load_recording] Estimated memory usage: 86.6 MB
[2025-06-29 16:54:26] [INFO] [eeg2go] Saved 39 feature values for recording 210 (successful: 39, failed: 0)
[2025-06-29 16:54:26] [INFO] [eeg2go] [load_recording] Recording 211: 25730.0s, 50 channels, 512.0 Hz
[2025-06-29 16:54:26] [INFO] [eeg2go] [load_recording] Estimated memory usage: 2512.7 MB
[2025-06-29 16:54:26] [INFO] [eeg2go] [load_recording] Large file detected, using memory mapping
[2025-06-29 17:00:18] [INFO] [eeg2go] Saved 39 feature values for recording 211 (successful: 39, failed: 0)
[2025-06-29 17:00:19] [INFO] [eeg2go] [load_recording] Recording 212: 97725.0s, 22 channels, 200.0 Hz
[2025-06-29 17:00:19] [INFO] [eeg2go] [load_recording] Estimated memory usage: 1640.3 MB
[2025-06-29 17:00:19] [INFO] [eeg2go] [load_recording] Large file detected, using memory mapping
[2025-06-29 17:05:19] [INFO] [eeg2go] Saved 39 feature values for recording 212 (successful: 39, failed: 0)
[2025-06-29 17:05:20] [INFO] [eeg2go] [load_recording] Recording 213: 2879.0s, 30 channels, 200.0 Hz
[2025-06-29 17:05:20] [INFO] [eeg2go] [load_recording] Estimated memory usage: 65.9 MB
[2025-06-29 17:05:37] [INFO] [eeg2go] Saved 39 feature values for recording 213 (successful: 39, failed: 0)
[2025-06-29 17:05:37] [INFO] [eeg2go] [load_recording] Recording 214: 4179.0s, 30 channels, 200.0 Hz
[2025-06-29 17:05:37] [INFO] [eeg2go] [load_recording] Estimated memory usage: 95.6 MB
[2025-06-29 17:05:53] [INFO] [eeg2go] Saved 39 feature values for recording 214 (successful: 39, failed: 0)
[2025-06-29 17:05:53] [INFO] [eeg2go] [load_recording] Recording 215: 118676.0s, 30 channels, 200.0 Hz
[2025-06-29 17:05:53] [INFO] [eeg2go] [load_recording] Estimated memory usage: 2716.3 MB
[2025-06-29 17:05:53] [INFO] [eeg2go] [load_recording] Large file detected, using memory mapping
[2025-06-29 17:14:36] [INFO] [eeg2go] Saved 39 feature values for recording 215 (successful: 39, failed: 0)
[2025-06-29 17:14:38] [INFO] [eeg2go] [load_recording] Recording 216: 3693.0s, 29 channels, 200.0 Hz
[2025-06-29 17:14:38] [INFO] [eeg2go] [load_recording] Estimated memory usage: 81.7 MB
[2025-06-29 17:14:56] [INFO] [eeg2go] Saved 39 feature values for recording 216 (successful: 39, failed: 0)
[2025-06-29 17:14:56] [INFO] [eeg2go] [load_recording] Recording 217: 2713.0s, 30 channels, 200.0 Hz
[2025-06-29 17:14:56] [INFO] [eeg2go] [load_recording] Estimated memory usage: 62.1 MB
[2025-06-29 17:15:10] [INFO] [eeg2go] Saved 39 feature values for recording 217 (successful: 39, failed: 0)
[2025-06-29 17:15:11] [INFO] [eeg2go] [load_recording] Recording 218: 39970.0s, 50 channels, 512.0 Hz
[2025-06-29 17:15:11] [INFO] [eeg2go] [load_recording] Estimated memory usage: 3903.3 MB
[2025-06-29 17:15:11] [INFO] [eeg2go] [load_recording] Large file detected, using memory mapping
[2025-06-29 17:22:25] [ERROR] [eeg2go] [ERROR] fxdef_id=12 recording_id=218: Feature generation failed: Unable to allocate 7.63 GiB for an array with shape (7993, 50, 2561) and data type float64
[2025-06-29 17:22:25] [ERROR] [eeg2go] [ERROR] Full traceback:
Traceback (most recent call last):
  File "D:\eeg2go\eeg2fx\featureset_fetcher.py", line 183, in run_feature_set
    fx_output = fx_func(fx_input, chans=chans_for_func, **params)
  File "D:\eeg2go\eeg2fx\feature\common.py", line 16, in wrapper
    result = fn(*args, **kwargs)
  File "D:\eeg2go\eeg2fx\feature\feature_freq.py", line 124, in spectral_entropy
    data = epochs.get_data()
  File "<decorator-gen-240>", line 12, in get_data
  File "D:\ProgramFiles\Anaconda\envs\eeg2go\lib\site-packages\mne\epochs.py", line 1921, in get_data
    return self._get_data(
  File "<decorator-gen-239>", line 12, in _get_data
  File "D:\ProgramFiles\Anaconda\envs\eeg2go\lib\site-packages\mne\epochs.py", line 1700, in _get_data
    return self._data_sel_copy_scale(
  File "D:\ProgramFiles\Anaconda\envs\eeg2go\lib\site-packages\mne\epochs.py", line 1849, in _data_sel_copy_scale
    data = data.copy()
numpy._core._exceptions._ArrayMemoryError: Unable to allocate 7.63 GiB for an array with shape (7993, 50, 2561) and data type float64

[2025-06-29 17:22:25] [ERROR] [eeg2go] [ERROR] fxdef_id=13 recording_id=218: Feature generation failed: Unable to allocate 7.63 GiB for an array with shape (7993, 50, 2561) and data type float64
[2025-06-29 17:22:25] [ERROR] [eeg2go] [ERROR] Full traceback:
Traceback (most recent call last):
  File "D:\eeg2go\eeg2fx\featureset_fetcher.py", line 183, in run_feature_set
    fx_output = fx_func(fx_input, chans=chans_for_func, **params)
  File "D:\eeg2go\eeg2fx\feature\common.py", line 16, in wrapper
    result = fn(*args, **kwargs)
  File "D:\eeg2go\eeg2fx\feature\feature_freq.py", line 124, in spectral_entropy
    data = epochs.get_data()
  File "<decorator-gen-240>", line 12, in get_data
  File "D:\ProgramFiles\Anaconda\envs\eeg2go\lib\site-packages\mne\epochs.py", line 1921, in get_data
    return self._get_data(
  File "<decorator-gen-239>", line 12, in _get_data
  File "D:\ProgramFiles\Anaconda\envs\eeg2go\lib\site-packages\mne\epochs.py", line 1700, in _get_data
    return self._data_sel_copy_scale(
  File "D:\ProgramFiles\Anaconda\envs\eeg2go\lib\site-packages\mne\epochs.py", line 1849, in _data_sel_copy_scale
    data = data.copy()
numpy._core._exceptions._ArrayMemoryError: Unable to allocate 7.63 GiB for an array with shape (7993, 50, 2561) and data type float64

[2025-06-29 17:22:26] [ERROR] [eeg2go] [ERROR] fxdef_id=14 recording_id=218: Feature generation failed: Unable to allocate 7.63 GiB for an array with shape (7993, 50, 2561) and data type float64
[2025-06-29 17:22:26] [ERROR] [eeg2go] [ERROR] Full traceback:
Traceback (most recent call last):
  File "D:\eeg2go\eeg2fx\featureset_fetcher.py", line 183, in run_feature_set
    fx_output = fx_func(fx_input, chans=chans_for_func, **params)
  File "D:\eeg2go\eeg2fx\feature\common.py", line 16, in wrapper
    result = fn(*args, **kwargs)
  File "D:\eeg2go\eeg2fx\feature\feature_freq.py", line 124, in spectral_entropy
    data = epochs.get_data()
  File "<decorator-gen-240>", line 12, in get_data
  File "D:\ProgramFiles\Anaconda\envs\eeg2go\lib\site-packages\mne\epochs.py", line 1921, in get_data
    return self._get_data(
  File "<decorator-gen-239>", line 12, in _get_data
  File "D:\ProgramFiles\Anaconda\envs\eeg2go\lib\site-packages\mne\epochs.py", line 1700, in _get_data
    return self._data_sel_copy_scale(
  File "D:\ProgramFiles\Anaconda\envs\eeg2go\lib\site-packages\mne\epochs.py", line 1849, in _data_sel_copy_scale
    data = data.copy()
numpy._core._exceptions._ArrayMemoryError: Unable to allocate 7.63 GiB for an array with shape (7993, 50, 2561) and data type float64

[2025-06-29 17:22:26] [ERROR] [eeg2go] [ERROR] fxdef_id=15 recording_id=218: Feature generation failed: Unable to allocate 7.63 GiB for an array with shape (7993, 50, 2561) and data type float64
[2025-06-29 17:22:26] [ERROR] [eeg2go] [ERROR] Full traceback:
Traceback (most recent call last):
  File "D:\eeg2go\eeg2fx\featureset_fetcher.py", line 183, in run_feature_set
    fx_output = fx_func(fx_input, chans=chans_for_func, **params)
  File "D:\eeg2go\eeg2fx\feature\common.py", line 16, in wrapper
    result = fn(*args, **kwargs)
  File "D:\eeg2go\eeg2fx\feature\feature_freq.py", line 124, in spectral_entropy
    data = epochs.get_data()
  File "<decorator-gen-240>", line 12, in get_data
  File "D:\ProgramFiles\Anaconda\envs\eeg2go\lib\site-packages\mne\epochs.py", line 1921, in get_data
    return self._get_data(
  File "<decorator-gen-239>", line 12, in _get_data
  File "D:\ProgramFiles\Anaconda\envs\eeg2go\lib\site-packages\mne\epochs.py", line 1700, in _get_data
    return self._data_sel_copy_scale(
  File "D:\ProgramFiles\Anaconda\envs\eeg2go\lib\site-packages\mne\epochs.py", line 1849, in _data_sel_copy_scale
    data = data.copy()
numpy._core._exceptions._ArrayMemoryError: Unable to allocate 7.63 GiB for an array with shape (7993, 50, 2561) and data type float64

[2025-06-29 17:22:26] [ERROR] [eeg2go] [ERROR] fxdef_id=16 recording_id=218: Feature generation failed: Unable to allocate 7.63 GiB for an array with shape (7993, 50, 2561) and data type float64
[2025-06-29 17:22:26] [ERROR] [eeg2go] [ERROR] Full traceback:
Traceback (most recent call last):
  File "D:\eeg2go\eeg2fx\featureset_fetcher.py", line 183, in run_feature_set
    fx_output = fx_func(fx_input, chans=chans_for_func, **params)
  File "D:\eeg2go\eeg2fx\feature\common.py", line 16, in wrapper
    result = fn(*args, **kwargs)
  File "D:\eeg2go\eeg2fx\feature\feature_freq.py", line 124, in spectral_entropy
    data = epochs.get_data()
  File "<decorator-gen-240>", line 12, in get_data
  File "D:\ProgramFiles\Anaconda\envs\eeg2go\lib\site-packages\mne\epochs.py", line 1921, in get_data
    return self._get_data(
  File "<decorator-gen-239>", line 12, in _get_data
  File "D:\ProgramFiles\Anaconda\envs\eeg2go\lib\site-packages\mne\epochs.py", line 1700, in _get_data
    return self._data_sel_copy_scale(
  File "D:\ProgramFiles\Anaconda\envs\eeg2go\lib\site-packages\mne\epochs.py", line 1849, in _data_sel_copy_scale
    data = data.copy()
numpy._core._exceptions._ArrayMemoryError: Unable to allocate 7.63 GiB for an array with shape (7993, 50, 2561) and data type float64

[2025-06-29 17:22:27] [ERROR] [eeg2go] [ERROR] fxdef_id=17 recording_id=218: Feature generation failed: Unable to allocate 7.63 GiB for an array with shape (7993, 50, 2561) and data type float64
[2025-06-29 17:22:27] [ERROR] [eeg2go] [ERROR] Full traceback:
Traceback (most recent call last):
  File "D:\eeg2go\eeg2fx\featureset_fetcher.py", line 183, in run_feature_set
    fx_output = fx_func(fx_input, chans=chans_for_func, **params)
  File "D:\eeg2go\eeg2fx\feature\common.py", line 16, in wrapper
    result = fn(*args, **kwargs)
  File "D:\eeg2go\eeg2fx\feature\feature_freq.py", line 24, in bandpower
    data = epochs.get_data()  # shape: (n_epochs, n_channels, n_times)
  File "<decorator-gen-240>", line 12, in get_data
  File "D:\ProgramFiles\Anaconda\envs\eeg2go\lib\site-packages\mne\epochs.py", line 1921, in get_data
    return self._get_data(
  File "<decorator-gen-239>", line 12, in _get_data
  File "D:\ProgramFiles\Anaconda\envs\eeg2go\lib\site-packages\mne\epochs.py", line 1700, in _get_data
    return self._data_sel_copy_scale(
  File "D:\ProgramFiles\Anaconda\envs\eeg2go\lib\site-packages\mne\epochs.py", line 1849, in _data_sel_copy_scale
    data = data.copy()
numpy._core._exceptions._ArrayMemoryError: Unable to allocate 7.63 GiB for an array with shape (7993, 50, 2561) and data type float64

[2025-06-29 17:22:27] [ERROR] [eeg2go] [ERROR] fxdef_id=18 recording_id=218: Feature generation failed: Unable to allocate 7.63 GiB for an array with shape (7993, 50, 2561) and data type float64
[2025-06-29 17:22:27] [ERROR] [eeg2go] [ERROR] Full traceback:
Traceback (most recent call last):
  File "D:\eeg2go\eeg2fx\featureset_fetcher.py", line 183, in run_feature_set
    fx_output = fx_func(fx_input, chans=chans_for_func, **params)
  File "D:\eeg2go\eeg2fx\feature\common.py", line 16, in wrapper
    result = fn(*args, **kwargs)
  File "D:\eeg2go\eeg2fx\feature\feature_freq.py", line 24, in bandpower
    data = epochs.get_data()  # shape: (n_epochs, n_channels, n_times)
  File "<decorator-gen-240>", line 12, in get_data
  File "D:\ProgramFiles\Anaconda\envs\eeg2go\lib\site-packages\mne\epochs.py", line 1921, in get_data
    return self._get_data(
  File "<decorator-gen-239>", line 12, in _get_data
  File "D:\ProgramFiles\Anaconda\envs\eeg2go\lib\site-packages\mne\epochs.py", line 1700, in _get_data
    return self._data_sel_copy_scale(
  File "D:\ProgramFiles\Anaconda\envs\eeg2go\lib\site-packages\mne\epochs.py", line 1849, in _data_sel_copy_scale
    data = data.copy()
numpy._core._exceptions._ArrayMemoryError: Unable to allocate 7.63 GiB for an array with shape (7993, 50, 2561) and data type float64

[2025-06-29 17:22:27] [ERROR] [eeg2go] [ERROR] fxdef_id=19 recording_id=218: Feature generation failed: Unable to allocate 7.63 GiB for an array with shape (7993, 50, 2561) and data type float64
[2025-06-29 17:22:27] [ERROR] [eeg2go] [ERROR] Full traceback:
Traceback (most recent call last):
  File "D:\eeg2go\eeg2fx\featureset_fetcher.py", line 183, in run_feature_set
    fx_output = fx_func(fx_input, chans=chans_for_func, **params)
  File "D:\eeg2go\eeg2fx\feature\common.py", line 16, in wrapper
    result = fn(*args, **kwargs)
  File "D:\eeg2go\eeg2fx\feature\feature_freq.py", line 24, in bandpower
    data = epochs.get_data()  # shape: (n_epochs, n_channels, n_times)
  File "<decorator-gen-240>", line 12, in get_data
  File "D:\ProgramFiles\Anaconda\envs\eeg2go\lib\site-packages\mne\epochs.py", line 1921, in get_data
    return self._get_data(
  File "<decorator-gen-239>", line 12, in _get_data
  File "D:\ProgramFiles\Anaconda\envs\eeg2go\lib\site-packages\mne\epochs.py", line 1700, in _get_data
    return self._data_sel_copy_scale(
  File "D:\ProgramFiles\Anaconda\envs\eeg2go\lib\site-packages\mne\epochs.py", line 1849, in _data_sel_copy_scale
    data = data.copy()
numpy._core._exceptions._ArrayMemoryError: Unable to allocate 7.63 GiB for an array with shape (7993, 50, 2561) and data type float64

[2025-06-29 17:22:28] [ERROR] [eeg2go] [ERROR] fxdef_id=20 recording_id=218: Feature generation failed: Unable to allocate 7.63 GiB for an array with shape (7993, 50, 2561) and data type float64
[2025-06-29 17:22:28] [ERROR] [eeg2go] [ERROR] Full traceback:
Traceback (most recent call last):
  File "D:\eeg2go\eeg2fx\featureset_fetcher.py", line 183, in run_feature_set
    fx_output = fx_func(fx_input, chans=chans_for_func, **params)
  File "D:\eeg2go\eeg2fx\feature\common.py", line 16, in wrapper
    result = fn(*args, **kwargs)
  File "D:\eeg2go\eeg2fx\feature\feature_freq.py", line 24, in bandpower
    data = epochs.get_data()  # shape: (n_epochs, n_channels, n_times)
  File "<decorator-gen-240>", line 12, in get_data
  File "D:\ProgramFiles\Anaconda\envs\eeg2go\lib\site-packages\mne\epochs.py", line 1921, in get_data
    return self._get_data(
  File "<decorator-gen-239>", line 12, in _get_data
  File "D:\ProgramFiles\Anaconda\envs\eeg2go\lib\site-packages\mne\epochs.py", line 1700, in _get_data
    return self._data_sel_copy_scale(
  File "D:\ProgramFiles\Anaconda\envs\eeg2go\lib\site-packages\mne\epochs.py", line 1849, in _data_sel_copy_scale
    data = data.copy()
numpy._core._exceptions._ArrayMemoryError: Unable to allocate 7.63 GiB for an array with shape (7993, 50, 2561) and data type float64

[2025-06-29 17:22:28] [ERROR] [eeg2go] [ERROR] fxdef_id=21 recording_id=218: Feature generation failed: Unable to allocate 7.63 GiB for an array with shape (7993, 50, 2561) and data type float64
[2025-06-29 17:22:28] [ERROR] [eeg2go] [ERROR] Full traceback:
Traceback (most recent call last):
  File "D:\eeg2go\eeg2fx\featureset_fetcher.py", line 183, in run_feature_set
    fx_output = fx_func(fx_input, chans=chans_for_func, **params)
  File "D:\eeg2go\eeg2fx\feature\common.py", line 16, in wrapper
    result = fn(*args, **kwargs)
  File "D:\eeg2go\eeg2fx\feature\feature_freq.py", line 24, in bandpower
    data = epochs.get_data()  # shape: (n_epochs, n_channels, n_times)
  File "<decorator-gen-240>", line 12, in get_data
  File "D:\ProgramFiles\Anaconda\envs\eeg2go\lib\site-packages\mne\epochs.py", line 1921, in get_data
    return self._get_data(
  File "<decorator-gen-239>", line 12, in _get_data
  File "D:\ProgramFiles\Anaconda\envs\eeg2go\lib\site-packages\mne\epochs.py", line 1700, in _get_data
    return self._data_sel_copy_scale(
  File "D:\ProgramFiles\Anaconda\envs\eeg2go\lib\site-packages\mne\epochs.py", line 1849, in _data_sel_copy_scale
    data = data.copy()
numpy._core._exceptions._ArrayMemoryError: Unable to allocate 7.63 GiB for an array with shape (7993, 50, 2561) and data type float64

[2025-06-29 17:22:28] [ERROR] [eeg2go] [ERROR] fxdef_id=22 recording_id=218: Feature generation failed: Unable to allocate 7.63 GiB for an array with shape (7993, 50, 2561) and data type float64
[2025-06-29 17:22:28] [ERROR] [eeg2go] [ERROR] Full traceback:
Traceback (most recent call last):
  File "D:\eeg2go\eeg2fx\featureset_fetcher.py", line 183, in run_feature_set
    fx_output = fx_func(fx_input, chans=chans_for_func, **params)
  File "D:\eeg2go\eeg2fx\feature\common.py", line 16, in wrapper
    result = fn(*args, **kwargs)
  File "D:\eeg2go\eeg2fx\feature\feature_freq.py", line 173, in alpha_peak_frequency
    data = epochs.get_data()
  File "<decorator-gen-240>", line 12, in get_data
  File "D:\ProgramFiles\Anaconda\envs\eeg2go\lib\site-packages\mne\epochs.py", line 1921, in get_data
    return self._get_data(
  File "<decorator-gen-239>", line 12, in _get_data
  File "D:\ProgramFiles\Anaconda\envs\eeg2go\lib\site-packages\mne\epochs.py", line 1700, in _get_data
    return self._data_sel_copy_scale(
  File "D:\ProgramFiles\Anaconda\envs\eeg2go\lib\site-packages\mne\epochs.py", line 1849, in _data_sel_copy_scale
    data = data.copy()
numpy._core._exceptions._ArrayMemoryError: Unable to allocate 7.63 GiB for an array with shape (7993, 50, 2561) and data type float64

[2025-06-29 17:22:29] [ERROR] [eeg2go] [ERROR] fxdef_id=23 recording_id=218: Feature generation failed: Unable to allocate 7.63 GiB for an array with shape (7993, 50, 2561) and data type float64
[2025-06-29 17:22:29] [ERROR] [eeg2go] [ERROR] Full traceback:
Traceback (most recent call last):
  File "D:\eeg2go\eeg2fx\featureset_fetcher.py", line 183, in run_feature_set
    fx_output = fx_func(fx_input, chans=chans_for_func, **params)
  File "D:\eeg2go\eeg2fx\feature\common.py", line 16, in wrapper
    result = fn(*args, **kwargs)
  File "D:\eeg2go\eeg2fx\feature\feature_freq.py", line 173, in alpha_peak_frequency
    data = epochs.get_data()
  File "<decorator-gen-240>", line 12, in get_data
  File "D:\ProgramFiles\Anaconda\envs\eeg2go\lib\site-packages\mne\epochs.py", line 1921, in get_data
    return self._get_data(
  File "<decorator-gen-239>", line 12, in _get_data
  File "D:\ProgramFiles\Anaconda\envs\eeg2go\lib\site-packages\mne\epochs.py", line 1700, in _get_data
    return self._data_sel_copy_scale(
  File "D:\ProgramFiles\Anaconda\envs\eeg2go\lib\site-packages\mne\epochs.py", line 1849, in _data_sel_copy_scale
    data = data.copy()
numpy._core._exceptions._ArrayMemoryError: Unable to allocate 7.63 GiB for an array with shape (7993, 50, 2561) and data type float64

[2025-06-29 17:22:29] [ERROR] [eeg2go] [ERROR] fxdef_id=24 recording_id=218: Feature generation failed: Unable to allocate 7.63 GiB for an array with shape (7993, 50, 2561) and data type float64
[2025-06-29 17:22:29] [ERROR] [eeg2go] [ERROR] Full traceback:
Traceback (most recent call last):
  File "D:\eeg2go\eeg2fx\featureset_fetcher.py", line 183, in run_feature_set
    fx_output = fx_func(fx_input, chans=chans_for_func, **params)
  File "D:\eeg2go\eeg2fx\feature\common.py", line 16, in wrapper
    result = fn(*args, **kwargs)
  File "D:\eeg2go\eeg2fx\feature\feature_freq.py", line 173, in alpha_peak_frequency
    data = epochs.get_data()
  File "<decorator-gen-240>", line 12, in get_data
  File "D:\ProgramFiles\Anaconda\envs\eeg2go\lib\site-packages\mne\epochs.py", line 1921, in get_data
    return self._get_data(
  File "<decorator-gen-239>", line 12, in _get_data
  File "D:\ProgramFiles\Anaconda\envs\eeg2go\lib\site-packages\mne\epochs.py", line 1700, in _get_data
    return self._data_sel_copy_scale(
  File "D:\ProgramFiles\Anaconda\envs\eeg2go\lib\site-packages\mne\epochs.py", line 1849, in _data_sel_copy_scale
    data = data.copy()
numpy._core._exceptions._ArrayMemoryError: Unable to allocate 7.63 GiB for an array with shape (7993, 50, 2561) and data type float64

[2025-06-29 17:22:29] [ERROR] [eeg2go] [ERROR] fxdef_id=25 recording_id=218: Feature generation failed: Unable to allocate 7.63 GiB for an array with shape (7993, 50, 2561) and data type float64
[2025-06-29 17:22:29] [ERROR] [eeg2go] [ERROR] Full traceback:
Traceback (most recent call last):
  File "D:\eeg2go\eeg2fx\featureset_fetcher.py", line 183, in run_feature_set
    fx_output = fx_func(fx_input, chans=chans_for_func, **params)
  File "D:\eeg2go\eeg2fx\feature\common.py", line 16, in wrapper
    result = fn(*args, **kwargs)
  File "D:\eeg2go\eeg2fx\feature\feature_freq.py", line 173, in alpha_peak_frequency
    data = epochs.get_data()
  File "<decorator-gen-240>", line 12, in get_data
  File "D:\ProgramFiles\Anaconda\envs\eeg2go\lib\site-packages\mne\epochs.py", line 1921, in get_data
    return self._get_data(
  File "<decorator-gen-239>", line 12, in _get_data
  File "D:\ProgramFiles\Anaconda\envs\eeg2go\lib\site-packages\mne\epochs.py", line 1700, in _get_data
    return self._data_sel_copy_scale(
  File "D:\ProgramFiles\Anaconda\envs\eeg2go\lib\site-packages\mne\epochs.py", line 1849, in _data_sel_copy_scale
    data = data.copy()
numpy._core._exceptions._ArrayMemoryError: Unable to allocate 7.63 GiB for an array with shape (7993, 50, 2561) and data type float64

[2025-06-29 17:22:30] [ERROR] [eeg2go] [ERROR] fxdef_id=26 recording_id=218: Feature generation failed: Unable to allocate 7.63 GiB for an array with shape (7993, 50, 2561) and data type float64
[2025-06-29 17:22:30] [ERROR] [eeg2go] [ERROR] Full traceback:
Traceback (most recent call last):
  File "D:\eeg2go\eeg2fx\featureset_fetcher.py", line 183, in run_feature_set
    fx_output = fx_func(fx_input, chans=chans_for_func, **params)
  File "D:\eeg2go\eeg2fx\feature\common.py", line 16, in wrapper
    result = fn(*args, **kwargs)
  File "D:\eeg2go\eeg2fx\feature\feature_freq.py", line 173, in alpha_peak_frequency
    data = epochs.get_data()
  File "<decorator-gen-240>", line 12, in get_data
  File "D:\ProgramFiles\Anaconda\envs\eeg2go\lib\site-packages\mne\epochs.py", line 1921, in get_data
    return self._get_data(
  File "<decorator-gen-239>", line 12, in _get_data
  File "D:\ProgramFiles\Anaconda\envs\eeg2go\lib\site-packages\mne\epochs.py", line 1700, in _get_data
    return self._data_sel_copy_scale(
  File "D:\ProgramFiles\Anaconda\envs\eeg2go\lib\site-packages\mne\epochs.py", line 1849, in _data_sel_copy_scale
    data = data.copy()
numpy._core._exceptions._ArrayMemoryError: Unable to allocate 7.63 GiB for an array with shape (7993, 50, 2561) and data type float64

[2025-06-29 17:22:30] [ERROR] [eeg2go] [ERROR] fxdef_id=27 recording_id=218: Feature generation failed: Unable to allocate 7.63 GiB for an array with shape (7993, 50, 2561) and data type float64
[2025-06-29 17:22:30] [ERROR] [eeg2go] [ERROR] Full traceback:
Traceback (most recent call last):
  File "D:\eeg2go\eeg2fx\featureset_fetcher.py", line 183, in run_feature_set
    fx_output = fx_func(fx_input, chans=chans_for_func, **params)
  File "D:\eeg2go\eeg2fx\feature\common.py", line 16, in wrapper
    result = fn(*args, **kwargs)
  File "D:\eeg2go\eeg2fx\feature\feature_freq.py", line 330, in alpha_asymmetry
    data = epochs.get_data()
  File "<decorator-gen-240>", line 12, in get_data
  File "D:\ProgramFiles\Anaconda\envs\eeg2go\lib\site-packages\mne\epochs.py", line 1921, in get_data
    return self._get_data(
  File "<decorator-gen-239>", line 12, in _get_data
  File "D:\ProgramFiles\Anaconda\envs\eeg2go\lib\site-packages\mne\epochs.py", line 1700, in _get_data
    return self._data_sel_copy_scale(
  File "D:\ProgramFiles\Anaconda\envs\eeg2go\lib\site-packages\mne\epochs.py", line 1849, in _data_sel_copy_scale
    data = data.copy()
numpy._core._exceptions._ArrayMemoryError: Unable to allocate 7.63 GiB for an array with shape (7993, 50, 2561) and data type float64

[2025-06-29 17:22:30] [ERROR] [eeg2go] [ERROR] fxdef_id=28 recording_id=218: Feature generation failed: Unable to allocate 7.63 GiB for an array with shape (7993, 50, 2561) and data type float64
[2025-06-29 17:22:30] [ERROR] [eeg2go] [ERROR] Full traceback:
Traceback (most recent call last):
  File "D:\eeg2go\eeg2fx\featureset_fetcher.py", line 183, in run_feature_set
    fx_output = fx_func(fx_input, chans=chans_for_func, **params)
  File "D:\eeg2go\eeg2fx\feature\common.py", line 16, in wrapper
    result = fn(*args, **kwargs)
  File "D:\eeg2go\eeg2fx\feature\feature_freq.py", line 219, in theta_alpha_ratio
    data = epochs.get_data()
  File "<decorator-gen-240>", line 12, in get_data
  File "D:\ProgramFiles\Anaconda\envs\eeg2go\lib\site-packages\mne\epochs.py", line 1921, in get_data
    return self._get_data(
  File "<decorator-gen-239>", line 12, in _get_data
  File "D:\ProgramFiles\Anaconda\envs\eeg2go\lib\site-packages\mne\epochs.py", line 1700, in _get_data
    return self._data_sel_copy_scale(
  File "D:\ProgramFiles\Anaconda\envs\eeg2go\lib\site-packages\mne\epochs.py", line 1849, in _data_sel_copy_scale
    data = data.copy()
numpy._core._exceptions._ArrayMemoryError: Unable to allocate 7.63 GiB for an array with shape (7993, 50, 2561) and data type float64

[2025-06-29 17:22:31] [ERROR] [eeg2go] [ERROR] fxdef_id=29 recording_id=218: Feature generation failed: Unable to allocate 7.63 GiB for an array with shape (7993, 50, 2561) and data type float64
[2025-06-29 17:22:31] [ERROR] [eeg2go] [ERROR] Full traceback:
Traceback (most recent call last):
  File "D:\eeg2go\eeg2fx\featureset_fetcher.py", line 183, in run_feature_set
    fx_output = fx_func(fx_input, chans=chans_for_func, **params)
  File "D:\eeg2go\eeg2fx\feature\common.py", line 16, in wrapper
    result = fn(*args, **kwargs)
  File "D:\eeg2go\eeg2fx\feature\feature_freq.py", line 219, in theta_alpha_ratio
    data = epochs.get_data()
  File "<decorator-gen-240>", line 12, in get_data
  File "D:\ProgramFiles\Anaconda\envs\eeg2go\lib\site-packages\mne\epochs.py", line 1921, in get_data
    return self._get_data(
  File "<decorator-gen-239>", line 12, in _get_data
  File "D:\ProgramFiles\Anaconda\envs\eeg2go\lib\site-packages\mne\epochs.py", line 1700, in _get_data
    return self._data_sel_copy_scale(
  File "D:\ProgramFiles\Anaconda\envs\eeg2go\lib\site-packages\mne\epochs.py", line 1849, in _data_sel_copy_scale
    data = data.copy()
numpy._core._exceptions._ArrayMemoryError: Unable to allocate 7.63 GiB for an array with shape (7993, 50, 2561) and data type float64

[2025-06-29 17:22:31] [ERROR] [eeg2go] [ERROR] fxdef_id=30 recording_id=218: Feature generation failed: Unable to allocate 7.63 GiB for an array with shape (7993, 50, 2561) and data type float64
[2025-06-29 17:22:31] [ERROR] [eeg2go] [ERROR] Full traceback:
Traceback (most recent call last):
  File "D:\eeg2go\eeg2fx\featureset_fetcher.py", line 183, in run_feature_set
    fx_output = fx_func(fx_input, chans=chans_for_func, **params)
  File "D:\eeg2go\eeg2fx\feature\common.py", line 16, in wrapper
    result = fn(*args, **kwargs)
  File "D:\eeg2go\eeg2fx\feature\feature_freq.py", line 219, in theta_alpha_ratio
    data = epochs.get_data()
  File "<decorator-gen-240>", line 12, in get_data
  File "D:\ProgramFiles\Anaconda\envs\eeg2go\lib\site-packages\mne\epochs.py", line 1921, in get_data
    return self._get_data(
  File "<decorator-gen-239>", line 12, in _get_data
  File "D:\ProgramFiles\Anaconda\envs\eeg2go\lib\site-packages\mne\epochs.py", line 1700, in _get_data
    return self._data_sel_copy_scale(
  File "D:\ProgramFiles\Anaconda\envs\eeg2go\lib\site-packages\mne\epochs.py", line 1849, in _data_sel_copy_scale
    data = data.copy()
numpy._core._exceptions._ArrayMemoryError: Unable to allocate 7.63 GiB for an array with shape (7993, 50, 2561) and data type float64

[2025-06-29 17:22:31] [ERROR] [eeg2go] [ERROR] fxdef_id=31 recording_id=218: Feature generation failed: Unable to allocate 7.63 GiB for an array with shape (7993, 50, 2561) and data type float64
[2025-06-29 17:22:31] [ERROR] [eeg2go] [ERROR] Full traceback:
Traceback (most recent call last):
  File "D:\eeg2go\eeg2fx\featureset_fetcher.py", line 183, in run_feature_set
    fx_output = fx_func(fx_input, chans=chans_for_func, **params)
  File "D:\eeg2go\eeg2fx\feature\common.py", line 16, in wrapper
    result = fn(*args, **kwargs)
  File "D:\eeg2go\eeg2fx\feature\feature_freq.py", line 266, in spectral_edge_frequency
    data = epochs.get_data()
  File "<decorator-gen-240>", line 12, in get_data
  File "D:\ProgramFiles\Anaconda\envs\eeg2go\lib\site-packages\mne\epochs.py", line 1921, in get_data
    return self._get_data(
  File "<decorator-gen-239>", line 12, in _get_data
  File "D:\ProgramFiles\Anaconda\envs\eeg2go\lib\site-packages\mne\epochs.py", line 1700, in _get_data
    return self._data_sel_copy_scale(
  File "D:\ProgramFiles\Anaconda\envs\eeg2go\lib\site-packages\mne\epochs.py", line 1849, in _data_sel_copy_scale
    data = data.copy()
numpy._core._exceptions._ArrayMemoryError: Unable to allocate 7.63 GiB for an array with shape (7993, 50, 2561) and data type float64

[2025-06-29 17:22:32] [ERROR] [eeg2go] [ERROR] fxdef_id=32 recording_id=218: Feature generation failed: Unable to allocate 7.63 GiB for an array with shape (7993, 50, 2561) and data type float64
[2025-06-29 17:22:32] [ERROR] [eeg2go] [ERROR] Full traceback:
Traceback (most recent call last):
  File "D:\eeg2go\eeg2fx\featureset_fetcher.py", line 183, in run_feature_set
    fx_output = fx_func(fx_input, chans=chans_for_func, **params)
  File "D:\eeg2go\eeg2fx\feature\common.py", line 16, in wrapper
    result = fn(*args, **kwargs)
  File "D:\eeg2go\eeg2fx\feature\feature_freq.py", line 266, in spectral_edge_frequency
    data = epochs.get_data()
  File "<decorator-gen-240>", line 12, in get_data
  File "D:\ProgramFiles\Anaconda\envs\eeg2go\lib\site-packages\mne\epochs.py", line 1921, in get_data
    return self._get_data(
  File "<decorator-gen-239>", line 12, in _get_data
  File "D:\ProgramFiles\Anaconda\envs\eeg2go\lib\site-packages\mne\epochs.py", line 1700, in _get_data
    return self._data_sel_copy_scale(
  File "D:\ProgramFiles\Anaconda\envs\eeg2go\lib\site-packages\mne\epochs.py", line 1849, in _data_sel_copy_scale
    data = data.copy()
numpy._core._exceptions._ArrayMemoryError: Unable to allocate 7.63 GiB for an array with shape (7993, 50, 2561) and data type float64

[2025-06-29 17:22:32] [ERROR] [eeg2go] [ERROR] fxdef_id=33 recording_id=218: Feature generation failed: Unable to allocate 7.63 GiB for an array with shape (7993, 50, 2561) and data type float64
[2025-06-29 17:22:32] [ERROR] [eeg2go] [ERROR] Full traceback:
Traceback (most recent call last):
  File "D:\eeg2go\eeg2fx\featureset_fetcher.py", line 183, in run_feature_set
    fx_output = fx_func(fx_input, chans=chans_for_func, **params)
  File "D:\eeg2go\eeg2fx\feature\common.py", line 16, in wrapper
    result = fn(*args, **kwargs)
  File "D:\eeg2go\eeg2fx\feature\feature_freq.py", line 266, in spectral_edge_frequency
    data = epochs.get_data()
  File "<decorator-gen-240>", line 12, in get_data
  File "D:\ProgramFiles\Anaconda\envs\eeg2go\lib\site-packages\mne\epochs.py", line 1921, in get_data
    return self._get_data(
  File "<decorator-gen-239>", line 12, in _get_data
  File "D:\ProgramFiles\Anaconda\envs\eeg2go\lib\site-packages\mne\epochs.py", line 1700, in _get_data
    return self._data_sel_copy_scale(
  File "D:\ProgramFiles\Anaconda\envs\eeg2go\lib\site-packages\mne\epochs.py", line 1849, in _data_sel_copy_scale
    data = data.copy()
numpy._core._exceptions._ArrayMemoryError: Unable to allocate 7.63 GiB for an array with shape (7993, 50, 2561) and data type float64

[2025-06-29 17:22:32] [ERROR] [eeg2go] [ERROR] fxdef_id=34 recording_id=218: Feature generation failed: Unable to allocate 7.63 GiB for an array with shape (7993, 50, 2561) and data type float64
[2025-06-29 17:22:32] [ERROR] [eeg2go] [ERROR] Full traceback:
Traceback (most recent call last):
  File "D:\eeg2go\eeg2fx\featureset_fetcher.py", line 183, in run_feature_set
    fx_output = fx_func(fx_input, chans=chans_for_func, **params)
  File "D:\eeg2go\eeg2fx\feature\common.py", line 16, in wrapper
    result = fn(*args, **kwargs)
  File "D:\eeg2go\eeg2fx\feature\feature_freq.py", line 24, in bandpower
    data = epochs.get_data()  # shape: (n_epochs, n_channels, n_times)
  File "<decorator-gen-240>", line 12, in get_data
  File "D:\ProgramFiles\Anaconda\envs\eeg2go\lib\site-packages\mne\epochs.py", line 1921, in get_data
    return self._get_data(
  File "<decorator-gen-239>", line 12, in _get_data
  File "D:\ProgramFiles\Anaconda\envs\eeg2go\lib\site-packages\mne\epochs.py", line 1700, in _get_data
    return self._data_sel_copy_scale(
  File "D:\ProgramFiles\Anaconda\envs\eeg2go\lib\site-packages\mne\epochs.py", line 1849, in _data_sel_copy_scale
    data = data.copy()
numpy._core._exceptions._ArrayMemoryError: Unable to allocate 7.63 GiB for an array with shape (7993, 50, 2561) and data type float64

[2025-06-29 17:22:32] [ERROR] [eeg2go] [ERROR] fxdef_id=35 recording_id=218: Feature generation failed: Unable to allocate 7.63 GiB for an array with shape (7993, 50, 2561) and data type float64
[2025-06-29 17:22:32] [ERROR] [eeg2go] [ERROR] Full traceback:
Traceback (most recent call last):
  File "D:\eeg2go\eeg2fx\featureset_fetcher.py", line 183, in run_feature_set
    fx_output = fx_func(fx_input, chans=chans_for_func, **params)
  File "D:\eeg2go\eeg2fx\feature\common.py", line 16, in wrapper
    result = fn(*args, **kwargs)
  File "D:\eeg2go\eeg2fx\feature\feature_freq.py", line 24, in bandpower
    data = epochs.get_data()  # shape: (n_epochs, n_channels, n_times)
  File "<decorator-gen-240>", line 12, in get_data
  File "D:\ProgramFiles\Anaconda\envs\eeg2go\lib\site-packages\mne\epochs.py", line 1921, in get_data
    return self._get_data(
  File "<decorator-gen-239>", line 12, in _get_data
  File "D:\ProgramFiles\Anaconda\envs\eeg2go\lib\site-packages\mne\epochs.py", line 1700, in _get_data
    return self._data_sel_copy_scale(
  File "D:\ProgramFiles\Anaconda\envs\eeg2go\lib\site-packages\mne\epochs.py", line 1849, in _data_sel_copy_scale
    data = data.copy()
numpy._core._exceptions._ArrayMemoryError: Unable to allocate 7.63 GiB for an array with shape (7993, 50, 2561) and data type float64

[2025-06-29 17:22:33] [ERROR] [eeg2go] [ERROR] fxdef_id=36 recording_id=218: Feature generation failed: Unable to allocate 7.63 GiB for an array with shape (7993, 50, 2561) and data type float64
[2025-06-29 17:22:33] [ERROR] [eeg2go] [ERROR] Full traceback:
Traceback (most recent call last):
  File "D:\eeg2go\eeg2fx\featureset_fetcher.py", line 183, in run_feature_set
    fx_output = fx_func(fx_input, chans=chans_for_func, **params)
  File "D:\eeg2go\eeg2fx\feature\common.py", line 16, in wrapper
    result = fn(*args, **kwargs)
  File "D:\eeg2go\eeg2fx\feature\feature_freq.py", line 24, in bandpower
    data = epochs.get_data()  # shape: (n_epochs, n_channels, n_times)
  File "<decorator-gen-240>", line 12, in get_data
  File "D:\ProgramFiles\Anaconda\envs\eeg2go\lib\site-packages\mne\epochs.py", line 1921, in get_data
    return self._get_data(
  File "<decorator-gen-239>", line 12, in _get_data
  File "D:\ProgramFiles\Anaconda\envs\eeg2go\lib\site-packages\mne\epochs.py", line 1700, in _get_data
    return self._data_sel_copy_scale(
  File "D:\ProgramFiles\Anaconda\envs\eeg2go\lib\site-packages\mne\epochs.py", line 1849, in _data_sel_copy_scale
    data = data.copy()
numpy._core._exceptions._ArrayMemoryError: Unable to allocate 7.63 GiB for an array with shape (7993, 50, 2561) and data type float64

[2025-06-29 17:22:33] [ERROR] [eeg2go] [ERROR] fxdef_id=37 recording_id=218: Feature generation failed: Unable to allocate 7.63 GiB for an array with shape (7993, 50, 2561) and data type float64
[2025-06-29 17:22:33] [ERROR] [eeg2go] [ERROR] Full traceback:
Traceback (most recent call last):
  File "D:\eeg2go\eeg2fx\featureset_fetcher.py", line 183, in run_feature_set
    fx_output = fx_func(fx_input, chans=chans_for_func, **params)
  File "D:\eeg2go\eeg2fx\feature\common.py", line 16, in wrapper
    result = fn(*args, **kwargs)
  File "D:\eeg2go\eeg2fx\feature\feature_freq.py", line 24, in bandpower
    data = epochs.get_data()  # shape: (n_epochs, n_channels, n_times)
  File "<decorator-gen-240>", line 12, in get_data
  File "D:\ProgramFiles\Anaconda\envs\eeg2go\lib\site-packages\mne\epochs.py", line 1921, in get_data
    return self._get_data(
  File "<decorator-gen-239>", line 12, in _get_data
  File "D:\ProgramFiles\Anaconda\envs\eeg2go\lib\site-packages\mne\epochs.py", line 1700, in _get_data
    return self._data_sel_copy_scale(
  File "D:\ProgramFiles\Anaconda\envs\eeg2go\lib\site-packages\mne\epochs.py", line 1849, in _data_sel_copy_scale
    data = data.copy()
numpy._core._exceptions._ArrayMemoryError: Unable to allocate 7.63 GiB for an array with shape (7993, 50, 2561) and data type float64

[2025-06-29 17:22:33] [ERROR] [eeg2go] [ERROR] fxdef_id=38 recording_id=218: Feature generation failed: Unable to allocate 7.63 GiB for an array with shape (7993, 50, 2561) and data type float64
[2025-06-29 17:22:33] [ERROR] [eeg2go] [ERROR] Full traceback:
Traceback (most recent call last):
  File "D:\eeg2go\eeg2fx\featureset_fetcher.py", line 183, in run_feature_set
    fx_output = fx_func(fx_input, chans=chans_for_func, **params)
  File "D:\eeg2go\eeg2fx\feature\common.py", line 16, in wrapper
    result = fn(*args, **kwargs)
  File "D:\eeg2go\eeg2fx\feature\feature_freq.py", line 24, in bandpower
    data = epochs.get_data()  # shape: (n_epochs, n_channels, n_times)
  File "<decorator-gen-240>", line 12, in get_data
  File "D:\ProgramFiles\Anaconda\envs\eeg2go\lib\site-packages\mne\epochs.py", line 1921, in get_data
    return self._get_data(
  File "<decorator-gen-239>", line 12, in _get_data
  File "D:\ProgramFiles\Anaconda\envs\eeg2go\lib\site-packages\mne\epochs.py", line 1700, in _get_data
    return self._data_sel_copy_scale(
  File "D:\ProgramFiles\Anaconda\envs\eeg2go\lib\site-packages\mne\epochs.py", line 1849, in _data_sel_copy_scale
    data = data.copy()
numpy._core._exceptions._ArrayMemoryError: Unable to allocate 7.63 GiB for an array with shape (7993, 50, 2561) and data type float64

[2025-06-29 17:22:34] [ERROR] [eeg2go] [ERROR] fxdef_id=39 recording_id=218: Feature generation failed: Unable to allocate 7.63 GiB for an array with shape (7993, 50, 2561) and data type float64
[2025-06-29 17:22:34] [ERROR] [eeg2go] [ERROR] Full traceback:
Traceback (most recent call last):
  File "D:\eeg2go\eeg2fx\featureset_fetcher.py", line 183, in run_feature_set
    fx_output = fx_func(fx_input, chans=chans_for_func, **params)
  File "D:\eeg2go\eeg2fx\feature\common.py", line 16, in wrapper
    result = fn(*args, **kwargs)
  File "D:\eeg2go\eeg2fx\feature\feature_freq.py", line 24, in bandpower
    data = epochs.get_data()  # shape: (n_epochs, n_channels, n_times)
  File "<decorator-gen-240>", line 12, in get_data
  File "D:\ProgramFiles\Anaconda\envs\eeg2go\lib\site-packages\mne\epochs.py", line 1921, in get_data
    return self._get_data(
  File "<decorator-gen-239>", line 12, in _get_data
  File "D:\ProgramFiles\Anaconda\envs\eeg2go\lib\site-packages\mne\epochs.py", line 1700, in _get_data
    return self._data_sel_copy_scale(
  File "D:\ProgramFiles\Anaconda\envs\eeg2go\lib\site-packages\mne\epochs.py", line 1849, in _data_sel_copy_scale
    data = data.copy()
numpy._core._exceptions._ArrayMemoryError: Unable to allocate 7.63 GiB for an array with shape (7993, 50, 2561) and data type float64

[2025-06-29 17:22:34] [ERROR] [eeg2go] [ERROR] fxdef_id=40 recording_id=218: Feature generation failed: Unable to allocate 7.63 GiB for an array with shape (7993, 50, 2561) and data type float64
[2025-06-29 17:22:34] [ERROR] [eeg2go] [ERROR] Full traceback:
Traceback (most recent call last):
  File "D:\eeg2go\eeg2fx\featureset_fetcher.py", line 183, in run_feature_set
    fx_output = fx_func(fx_input, chans=chans_for_func, **params)
  File "D:\eeg2go\eeg2fx\feature\common.py", line 16, in wrapper
    result = fn(*args, **kwargs)
  File "D:\eeg2go\eeg2fx\feature\feature_freq.py", line 24, in bandpower
    data = epochs.get_data()  # shape: (n_epochs, n_channels, n_times)
  File "<decorator-gen-240>", line 12, in get_data
  File "D:\ProgramFiles\Anaconda\envs\eeg2go\lib\site-packages\mne\epochs.py", line 1921, in get_data
    return self._get_data(
  File "<decorator-gen-239>", line 12, in _get_data
  File "D:\ProgramFiles\Anaconda\envs\eeg2go\lib\site-packages\mne\epochs.py", line 1700, in _get_data
    return self._data_sel_copy_scale(
  File "D:\ProgramFiles\Anaconda\envs\eeg2go\lib\site-packages\mne\epochs.py", line 1849, in _data_sel_copy_scale
    data = data.copy()
numpy._core._exceptions._ArrayMemoryError: Unable to allocate 7.63 GiB for an array with shape (7993, 50, 2561) and data type float64

[2025-06-29 17:22:34] [ERROR] [eeg2go] [ERROR] fxdef_id=41 recording_id=218: Feature generation failed: Unable to allocate 7.63 GiB for an array with shape (7993, 50, 2561) and data type float64
[2025-06-29 17:22:34] [ERROR] [eeg2go] [ERROR] Full traceback:
Traceback (most recent call last):
  File "D:\eeg2go\eeg2fx\featureset_fetcher.py", line 183, in run_feature_set
    fx_output = fx_func(fx_input, chans=chans_for_func, **params)
  File "D:\eeg2go\eeg2fx\feature\common.py", line 16, in wrapper
    result = fn(*args, **kwargs)
  File "D:\eeg2go\eeg2fx\feature\feature_freq.py", line 24, in bandpower
    data = epochs.get_data()  # shape: (n_epochs, n_channels, n_times)
  File "<decorator-gen-240>", line 12, in get_data
  File "D:\ProgramFiles\Anaconda\envs\eeg2go\lib\site-packages\mne\epochs.py", line 1921, in get_data
    return self._get_data(
  File "<decorator-gen-239>", line 12, in _get_data
  File "D:\ProgramFiles\Anaconda\envs\eeg2go\lib\site-packages\mne\epochs.py", line 1700, in _get_data
    return self._data_sel_copy_scale(
  File "D:\ProgramFiles\Anaconda\envs\eeg2go\lib\site-packages\mne\epochs.py", line 1849, in _data_sel_copy_scale
    data = data.copy()
numpy._core._exceptions._ArrayMemoryError: Unable to allocate 7.63 GiB for an array with shape (7993, 50, 2561) and data type float64

[2025-06-29 17:22:35] [ERROR] [eeg2go] [ERROR] fxdef_id=42 recording_id=218: Feature generation failed: Unable to allocate 7.63 GiB for an array with shape (7993, 50, 2561) and data type float64
[2025-06-29 17:22:35] [ERROR] [eeg2go] [ERROR] Full traceback:
Traceback (most recent call last):
  File "D:\eeg2go\eeg2fx\featureset_fetcher.py", line 183, in run_feature_set
    fx_output = fx_func(fx_input, chans=chans_for_func, **params)
  File "D:\eeg2go\eeg2fx\feature\common.py", line 16, in wrapper
    result = fn(*args, **kwargs)
  File "D:\eeg2go\eeg2fx\feature\feature_freq.py", line 24, in bandpower
    data = epochs.get_data()  # shape: (n_epochs, n_channels, n_times)
  File "<decorator-gen-240>", line 12, in get_data
  File "D:\ProgramFiles\Anaconda\envs\eeg2go\lib\site-packages\mne\epochs.py", line 1921, in get_data
    return self._get_data(
  File "<decorator-gen-239>", line 12, in _get_data
  File "D:\ProgramFiles\Anaconda\envs\eeg2go\lib\site-packages\mne\epochs.py", line 1700, in _get_data
    return self._data_sel_copy_scale(
  File "D:\ProgramFiles\Anaconda\envs\eeg2go\lib\site-packages\mne\epochs.py", line 1849, in _data_sel_copy_scale
    data = data.copy()
numpy._core._exceptions._ArrayMemoryError: Unable to allocate 7.63 GiB for an array with shape (7993, 50, 2561) and data type float64

[2025-06-29 17:22:35] [ERROR] [eeg2go] [ERROR] fxdef_id=43 recording_id=218: Feature generation failed: Unable to allocate 7.63 GiB for an array with shape (7993, 50, 2561) and data type float64
[2025-06-29 17:22:35] [ERROR] [eeg2go] [ERROR] Full traceback:
Traceback (most recent call last):
  File "D:\eeg2go\eeg2fx\featureset_fetcher.py", line 183, in run_feature_set
    fx_output = fx_func(fx_input, chans=chans_for_func, **params)
  File "D:\eeg2go\eeg2fx\feature\common.py", line 16, in wrapper
    result = fn(*args, **kwargs)
  File "D:\eeg2go\eeg2fx\feature\feature_freq.py", line 24, in bandpower
    data = epochs.get_data()  # shape: (n_epochs, n_channels, n_times)
  File "<decorator-gen-240>", line 12, in get_data
  File "D:\ProgramFiles\Anaconda\envs\eeg2go\lib\site-packages\mne\epochs.py", line 1921, in get_data
    return self._get_data(
  File "<decorator-gen-239>", line 12, in _get_data
  File "D:\ProgramFiles\Anaconda\envs\eeg2go\lib\site-packages\mne\epochs.py", line 1700, in _get_data
    return self._data_sel_copy_scale(
  File "D:\ProgramFiles\Anaconda\envs\eeg2go\lib\site-packages\mne\epochs.py", line 1849, in _data_sel_copy_scale
    data = data.copy()
numpy._core._exceptions._ArrayMemoryError: Unable to allocate 7.63 GiB for an array with shape (7993, 50, 2561) and data type float64

[2025-06-29 17:22:35] [ERROR] [eeg2go] [ERROR] fxdef_id=44 recording_id=218: Feature generation failed: Unable to allocate 7.63 GiB for an array with shape (7993, 50, 2561) and data type float64
[2025-06-29 17:22:35] [ERROR] [eeg2go] [ERROR] Full traceback:
Traceback (most recent call last):
  File "D:\eeg2go\eeg2fx\featureset_fetcher.py", line 183, in run_feature_set
    fx_output = fx_func(fx_input, chans=chans_for_func, **params)
  File "D:\eeg2go\eeg2fx\feature\common.py", line 16, in wrapper
    result = fn(*args, **kwargs)
  File "D:\eeg2go\eeg2fx\feature\feature_freq.py", line 24, in bandpower
    data = epochs.get_data()  # shape: (n_epochs, n_channels, n_times)
  File "<decorator-gen-240>", line 12, in get_data
  File "D:\ProgramFiles\Anaconda\envs\eeg2go\lib\site-packages\mne\epochs.py", line 1921, in get_data
    return self._get_data(
  File "<decorator-gen-239>", line 12, in _get_data
  File "D:\ProgramFiles\Anaconda\envs\eeg2go\lib\site-packages\mne\epochs.py", line 1700, in _get_data
    return self._data_sel_copy_scale(
  File "D:\ProgramFiles\Anaconda\envs\eeg2go\lib\site-packages\mne\epochs.py", line 1849, in _data_sel_copy_scale
    data = data.copy()
numpy._core._exceptions._ArrayMemoryError: Unable to allocate 7.63 GiB for an array with shape (7993, 50, 2561) and data type float64

[2025-06-29 17:22:36] [ERROR] [eeg2go] [ERROR] fxdef_id=45 recording_id=218: Feature generation failed: Unable to allocate 7.63 GiB for an array with shape (7993, 50, 2561) and data type float64
[2025-06-29 17:22:36] [ERROR] [eeg2go] [ERROR] Full traceback:
Traceback (most recent call last):
  File "D:\eeg2go\eeg2fx\featureset_fetcher.py", line 183, in run_feature_set
    fx_output = fx_func(fx_input, chans=chans_for_func, **params)
  File "D:\eeg2go\eeg2fx\feature\common.py", line 16, in wrapper
    result = fn(*args, **kwargs)
  File "D:\eeg2go\eeg2fx\feature\feature_freq.py", line 24, in bandpower
    data = epochs.get_data()  # shape: (n_epochs, n_channels, n_times)
  File "<decorator-gen-240>", line 12, in get_data
  File "D:\ProgramFiles\Anaconda\envs\eeg2go\lib\site-packages\mne\epochs.py", line 1921, in get_data
    return self._get_data(
  File "<decorator-gen-239>", line 12, in _get_data
  File "D:\ProgramFiles\Anaconda\envs\eeg2go\lib\site-packages\mne\epochs.py", line 1700, in _get_data
    return self._data_sel_copy_scale(
  File "D:\ProgramFiles\Anaconda\envs\eeg2go\lib\site-packages\mne\epochs.py", line 1849, in _data_sel_copy_scale
    data = data.copy()
numpy._core._exceptions._ArrayMemoryError: Unable to allocate 7.63 GiB for an array with shape (7993, 50, 2561) and data type float64

[2025-06-29 17:22:36] [ERROR] [eeg2go] [ERROR] fxdef_id=46 recording_id=218: Feature generation failed: Unable to allocate 7.63 GiB for an array with shape (7993, 50, 2561) and data type float64
[2025-06-29 17:22:36] [ERROR] [eeg2go] [ERROR] Full traceback:
Traceback (most recent call last):
  File "D:\eeg2go\eeg2fx\featureset_fetcher.py", line 183, in run_feature_set
    fx_output = fx_func(fx_input, chans=chans_for_func, **params)
  File "D:\eeg2go\eeg2fx\feature\common.py", line 16, in wrapper
    result = fn(*args, **kwargs)
  File "D:\eeg2go\eeg2fx\feature\feature_freq.py", line 73, in relative_power
    data = epochs.get_data()
  File "<decorator-gen-240>", line 12, in get_data
  File "D:\ProgramFiles\Anaconda\envs\eeg2go\lib\site-packages\mne\epochs.py", line 1921, in get_data
    return self._get_data(
  File "<decorator-gen-239>", line 12, in _get_data
  File "D:\ProgramFiles\Anaconda\envs\eeg2go\lib\site-packages\mne\epochs.py", line 1700, in _get_data
    return self._data_sel_copy_scale(
  File "D:\ProgramFiles\Anaconda\envs\eeg2go\lib\site-packages\mne\epochs.py", line 1849, in _data_sel_copy_scale
    data = data.copy()
numpy._core._exceptions._ArrayMemoryError: Unable to allocate 7.63 GiB for an array with shape (7993, 50, 2561) and data type float64

[2025-06-29 17:22:36] [ERROR] [eeg2go] [ERROR] fxdef_id=47 recording_id=218: Feature generation failed: Unable to allocate 7.63 GiB for an array with shape (7993, 50, 2561) and data type float64
[2025-06-29 17:22:36] [ERROR] [eeg2go] [ERROR] Full traceback:
Traceback (most recent call last):
  File "D:\eeg2go\eeg2fx\featureset_fetcher.py", line 183, in run_feature_set
    fx_output = fx_func(fx_input, chans=chans_for_func, **params)
  File "D:\eeg2go\eeg2fx\feature\common.py", line 16, in wrapper
    result = fn(*args, **kwargs)
  File "D:\eeg2go\eeg2fx\feature\feature_freq.py", line 73, in relative_power
    data = epochs.get_data()
  File "<decorator-gen-240>", line 12, in get_data
  File "D:\ProgramFiles\Anaconda\envs\eeg2go\lib\site-packages\mne\epochs.py", line 1921, in get_data
    return self._get_data(
  File "<decorator-gen-239>", line 12, in _get_data
  File "D:\ProgramFiles\Anaconda\envs\eeg2go\lib\site-packages\mne\epochs.py", line 1700, in _get_data
    return self._data_sel_copy_scale(
  File "D:\ProgramFiles\Anaconda\envs\eeg2go\lib\site-packages\mne\epochs.py", line 1849, in _data_sel_copy_scale
    data = data.copy()
numpy._core._exceptions._ArrayMemoryError: Unable to allocate 7.63 GiB for an array with shape (7993, 50, 2561) and data type float64

[2025-06-29 17:22:37] [ERROR] [eeg2go] [ERROR] fxdef_id=48 recording_id=218: Feature generation failed: Unable to allocate 7.63 GiB for an array with shape (7993, 50, 2561) and data type float64
[2025-06-29 17:22:37] [ERROR] [eeg2go] [ERROR] Full traceback:
Traceback (most recent call last):
  File "D:\eeg2go\eeg2fx\featureset_fetcher.py", line 183, in run_feature_set
    fx_output = fx_func(fx_input, chans=chans_for_func, **params)
  File "D:\eeg2go\eeg2fx\feature\common.py", line 16, in wrapper
    result = fn(*args, **kwargs)
  File "D:\eeg2go\eeg2fx\feature\feature_freq.py", line 73, in relative_power
    data = epochs.get_data()
  File "<decorator-gen-240>", line 12, in get_data
  File "D:\ProgramFiles\Anaconda\envs\eeg2go\lib\site-packages\mne\epochs.py", line 1921, in get_data
    return self._get_data(
  File "<decorator-gen-239>", line 12, in _get_data
  File "D:\ProgramFiles\Anaconda\envs\eeg2go\lib\site-packages\mne\epochs.py", line 1700, in _get_data
    return self._data_sel_copy_scale(
  File "D:\ProgramFiles\Anaconda\envs\eeg2go\lib\site-packages\mne\epochs.py", line 1849, in _data_sel_copy_scale
    data = data.copy()
numpy._core._exceptions._ArrayMemoryError: Unable to allocate 7.63 GiB for an array with shape (7993, 50, 2561) and data type float64

[2025-06-29 17:22:37] [ERROR] [eeg2go] [ERROR] fxdef_id=49 recording_id=218: Feature generation failed: Unable to allocate 7.63 GiB for an array with shape (7993, 50, 2561) and data type float64
[2025-06-29 17:22:37] [ERROR] [eeg2go] [ERROR] Full traceback:
Traceback (most recent call last):
  File "D:\eeg2go\eeg2fx\featureset_fetcher.py", line 183, in run_feature_set
    fx_output = fx_func(fx_input, chans=chans_for_func, **params)
  File "D:\eeg2go\eeg2fx\feature\common.py", line 16, in wrapper
    result = fn(*args, **kwargs)
  File "D:\eeg2go\eeg2fx\feature\feature_freq.py", line 73, in relative_power
    data = epochs.get_data()
  File "<decorator-gen-240>", line 12, in get_data
  File "D:\ProgramFiles\Anaconda\envs\eeg2go\lib\site-packages\mne\epochs.py", line 1921, in get_data
    return self._get_data(
  File "<decorator-gen-239>", line 12, in _get_data
  File "D:\ProgramFiles\Anaconda\envs\eeg2go\lib\site-packages\mne\epochs.py", line 1700, in _get_data
    return self._data_sel_copy_scale(
  File "D:\ProgramFiles\Anaconda\envs\eeg2go\lib\site-packages\mne\epochs.py", line 1849, in _data_sel_copy_scale
    data = data.copy()
numpy._core._exceptions._ArrayMemoryError: Unable to allocate 7.63 GiB for an array with shape (7993, 50, 2561) and data type float64

[2025-06-29 17:22:37] [ERROR] [eeg2go] [ERROR] fxdef_id=50 recording_id=218: Feature generation failed: Unable to allocate 7.63 GiB for an array with shape (7993, 50, 2561) and data type float64
[2025-06-29 17:22:37] [ERROR] [eeg2go] [ERROR] Full traceback:
Traceback (most recent call last):
  File "D:\eeg2go\eeg2fx\featureset_fetcher.py", line 183, in run_feature_set
    fx_output = fx_func(fx_input, chans=chans_for_func, **params)
  File "D:\eeg2go\eeg2fx\feature\common.py", line 16, in wrapper
    result = fn(*args, **kwargs)
  File "D:\eeg2go\eeg2fx\feature\feature_freq.py", line 73, in relative_power
    data = epochs.get_data()
  File "<decorator-gen-240>", line 12, in get_data
  File "D:\ProgramFiles\Anaconda\envs\eeg2go\lib\site-packages\mne\epochs.py", line 1921, in get_data
    return self._get_data(
  File "<decorator-gen-239>", line 12, in _get_data
  File "D:\ProgramFiles\Anaconda\envs\eeg2go\lib\site-packages\mne\epochs.py", line 1700, in _get_data
    return self._data_sel_copy_scale(
  File "D:\ProgramFiles\Anaconda\envs\eeg2go\lib\site-packages\mne\epochs.py", line 1849, in _data_sel_copy_scale
    data = data.copy()
numpy._core._exceptions._ArrayMemoryError: Unable to allocate 7.63 GiB for an array with shape (7993, 50, 2561) and data type float64

[2025-06-29 17:22:37] [INFO] [eeg2go] Saved 39 feature values for recording 218 (successful: 0, failed: 39)
[2025-06-29 17:22:40] [INFO] [eeg2go] [load_recording] Recording 219: 6742.0s, 30 channels, 200.0 Hz
[2025-06-29 17:22:40] [INFO] [eeg2go] [load_recording] Estimated memory usage: 154.3 MB
[2025-06-29 17:23:09] [INFO] [eeg2go] Saved 39 feature values for recording 219 (successful: 39, failed: 0)
[2025-06-29 17:23:09] [INFO] [eeg2go] [load_recording] Recording 220: 7280.0s, 29 channels, 200.0 Hz
[2025-06-29 17:23:09] [INFO] [eeg2go] [load_recording] Estimated memory usage: 161.1 MB
[2025-06-29 17:23:39] [INFO] [eeg2go] Saved 39 feature values for recording 220 (successful: 39, failed: 0)
[2025-06-29 17:23:39] [INFO] [eeg2go] [load_recording] Recording 221: 53383.0s, 30 channels, 200.0 Hz
[2025-06-29 17:23:39] [INFO] [eeg2go] [load_recording] Estimated memory usage: 1221.8 MB
[2025-06-29 17:23:39] [INFO] [eeg2go] [load_recording] Large file detected, using memory mapping
[2025-06-29 17:28:42] [INFO] [eeg2go] Saved 39 feature values for recording 221 (successful: 39, failed: 0)
[2025-06-29 17:28:44] [INFO] [eeg2go] [load_recording] Recording 222: 5624.0s, 30 channels, 200.0 Hz
[2025-06-29 17:28:44] [INFO] [eeg2go] [load_recording] Estimated memory usage: 128.7 MB
[2025-06-29 17:29:10] [INFO] [eeg2go] Saved 39 feature values for recording 222 (successful: 39, failed: 0)
[2025-06-29 17:29:11] [INFO] [eeg2go] [load_recording] Recording 223: 9646.0s, 4 channels, 200.0 Hz
[2025-06-29 17:29:11] [INFO] [eeg2go] [load_recording] Estimated memory usage: 29.4 MB
[2025-06-29 17:29:25] [ERROR] [eeg2go] [ERROR] fxdef_id=27 recording_id=223: Feature generation failed: Channel C3 not found in available channels: ['O1', 'P4', 'T6', 'O2']
[2025-06-29 17:29:25] [ERROR] [eeg2go] [ERROR] Full traceback:
Traceback (most recent call last):
  File "D:\eeg2go\eeg2fx\featureset_fetcher.py", line 183, in run_feature_set
    fx_output = fx_func(fx_input, chans=chans_for_func, **params)
  File "D:\eeg2go\eeg2fx\feature\common.py", line 16, in wrapper
    result = fn(*args, **kwargs)
  File "D:\eeg2go\eeg2fx\feature\feature_freq.py", line 356, in alpha_asymmetry
    raise ValueError(f"Channel {ch1} not found in available channels: {std_ch_names}")
ValueError: Channel C3 not found in available channels: ['O1', 'P4', 'T6', 'O2']

[2025-06-29 17:29:36] [INFO] [eeg2go] Saved 39 feature values for recording 223 (successful: 38, failed: 1)
[2025-06-29 17:29:37] [INFO] [eeg2go] [load_recording] Recording 224: 6246.0s, 50 channels, 512.0 Hz
[2025-06-29 17:29:37] [INFO] [eeg2go] [load_recording] Estimated memory usage: 610.0 MB
[2025-06-29 17:29:37] [INFO] [eeg2go] [load_recording] Large file detected, using memory mapping
[2025-06-29 17:30:54] [INFO] [eeg2go] Saved 39 feature values for recording 224 (successful: 39, failed: 0)
[2025-06-29 17:30:54] [INFO] [eeg2go] [load_recording] Recording 225: 5276.0s, 30 channels, 200.0 Hz
[2025-06-29 17:30:54] [INFO] [eeg2go] [load_recording] Estimated memory usage: 120.8 MB
[2025-06-29 17:31:12] [INFO] [eeg2go] Saved 39 feature values for recording 225 (successful: 39, failed: 0)
[2025-06-29 17:31:12] [INFO] [eeg2go] [load_recording] Recording 226: 86270.0s, 30 channels, 200.0 Hz
[2025-06-29 17:31:12] [INFO] [eeg2go] [load_recording] Estimated memory usage: 1974.6 MB
[2025-06-29 17:31:12] [INFO] [eeg2go] [load_recording] Large file detected, using memory mapping
